AR_ID: 244
Command: python -c "
import sys
kanban = open('docs/hbtrack/Hb Track Kanban.md', encoding='utf-8').read()
bp = open('docs/hbtrack/modulos/treinos/TRAINING_BATCH_PLAN_v1.md', encoding='utf-8').read()
checks = [
    ('Batch 23', kanban, 'AC-001 Kanban Batch23'),
    ('Batch 24', kanban, 'AC-002 Kanban Batch24'),
    ('Batch 25', kanban, 'AC-002 Kanban Batch25'),
    ('Batch 26', kanban, 'AC-002 Kanban Batch26'),
    ('Batch 27', kanban, 'AC-003 Kanban Batch27'),
    ('v1.6.0', bp, 'AC-004 BatchPlan v1.6.0'),
    ('Batch 27', bp, 'AC-004 BatchPlan Batch27'),
]
failed = [label for text, content, label in checks if text not in content]
if failed:
    print('FAIL:', failed); sys.exit(1)
print('PASS: governance sync OK')
"
Exit Code: 0
Timestamp UTC: 2026-03-04T19:23:39.660235+00:00
Behavior Hash (exit+stdout+stderr): c7950ee5238ba6845dd89c9bc183f2c44810fc6427b78bfd5cd97290aaad941f
Git HEAD: a7ab568714918f4a7d148bde178a2c5f1bb88e98
Python Version: 3.11.9
Protocol Version: 1.3.0
Workspace Clean: True
Workspace Status: workspace_clean
Governed Checksums (sha256): {"Hb Track - Backend/app/api/v1/routers/ai_coach.py": "3eccaa78708dfa6a4b52d8aa1b6c0ee6749dc59c4f2adc1460b011f12c77ae34", "Hb Track - Backend/app/api/v1/routers/athlete_training.py": "c38aee610efb5c9f890397748431e7c14f50ab82c39eb12347363a4de088012a", "Hb Track - Backend/app/api/v1/routers/attendance.py": "0f08df69a92170faa7b7a40ba2bde28865192800b5167decf2d2f12d4333eb72", "Hb Track - Backend/app/services/ai_coach_service.py": "257b81ec1e92d9e365329dc989efd2ec7aee943924cb5cc661ac96d3098ce613", "Hb Track - Backend/docs/ssot/alembic_state.txt": "918d6423a33c11e2b30bffac0d8bd2957040340ea14466a151d24500fd8a19bf", "Hb Track - Backend/docs/ssot/openapi.json": "e6ed4bd7622f775ce91e07487356f75e2950591b8897e840f2a5c1cc36517202", "Hb Track - Backend/docs/ssot/schema.sql": "7aeaf4b96b1079522db411a0ee5c51e2445dd23caa69bdcef6afea8a70a7a1ad", "Hb Track - Frontend/src/lib/api/exercises.ts": "ed2e75c3cf226b2a0d8d847a31d119955cd0e359efcdccd947351668b47c2f9f", "Hb Track - Frontend/src/lib/api/training-phase3.ts": "dbf1b378f1f5e6729b3c72669eb16fc3d5c300cddd8567bf86643c40e657e06d", "Hb Track - Frontend/src/lib/api/trainings.ts": "f7146d74342b1e50f8eece066209a102cf0c4a1387ab9f8ce5ebe15fe6e6672a", "docs/hbtrack/Hb Track Kanban.md": "982db2c435748db4ec73ba89d7ba5ab456a0ea0a7f00b532f6db7a57d0d361ad", "docs/hbtrack/_INDEX.md": "d273175a4d9b259b54884e7c188f08fdfe1393451fd966d93888b27f5a503042", "docs/hbtrack/ars/features/AR_236_frontend_hard_sync_v1.3.0_tipos_uuid_standalone_+_.md": "9706747cdde61a7341bae9f44aa4044f91b7c251baa07b198b9b7bc2d4575689", "docs/hbtrack/ars/features/AR_237_sync_§9_test_matrix_entry_ar-train-052_verificado_.md": "23f3c67597d6b46e4c3f667954b9c0d427e3779176f0860fab64ecbd8a2bb08a", "docs/hbtrack/ars/features/AR_238_sync_§5_fase_3_18_invs_fail_error→pass_+_v3.1.0_+_.md": "c2615026a16a8be59102a85de49b62dbfee882bc905d828ae46ae081ec33419a", "docs/hbtrack/ars/features/AR_239_be_endpoint_patch_resolve-pending-item_no_attendan.md": "8c6e0ffd1b4b44bba83eb6b654146e5491c9aea911f879ca5257c37473ee75a6", "docs/hbtrack/ars/features/AR_240_be_endpoints_apply-draft_+_justify-suggestion_no_a.md": "f452ec23301230ecc1f54781d9c0c95ecbc76f042d002f6183892ff43acae802", "docs/hbtrack/ars/features/AR_241_be_endpoint_get_wellness-content-gate_no_athlete_t.md": "15ded397c056bb0386abad031879e879f475e53dd72c96fd6dd6ec296d2cfb34", "docs/hbtrack/ars/features/AR_242_fe_corrigir_urls_training-phase3.ts_para_paths_rea.md": "891a6b5a91f4690678797afc649c6d84bf5117a451c972a2cb9ccbc00dc54492", "docs/hbtrack/ars/features/AR_243_sync_test_matrix_e_ssot_documental_pos-batch_26_ar.md": "6d34aa2aed708e2fbe197b07522655154965b19bceaf616d7d6f7557d24c08de", "docs/hbtrack/evidence/AR_236/executor_main.log": "c1966de6d1515bb0e9750b7cb73f6097c41c1abc6ff81ba012b9c4e81ee738d2", "docs/hbtrack/evidence/AR_237/executor_main.log": "0cd1af5a6bd2d719d2ff8fc80eb6df5a459ebdc63291c1d800fc19ef7b5b854a", "docs/hbtrack/evidence/AR_238/executor_main.log": "2de2f2f6c9736f9b6ce577f8cacd9f511a86ade781f088bb3379b07ec3ee6838", "docs/hbtrack/evidence/AR_239/executor_main.log": "5b4ce2844e5396057e5d12a31b9c7439a749331d4b94c280a9e35d6320d4a9d8", "docs/hbtrack/evidence/AR_240/executor_main.log": "2b8c130c680d95ac74d68be1be05d6d949049c23175e32d208248c30204c8755", "docs/hbtrack/evidence/AR_241/executor_main.log": "77e3cd10f13a6788051450df1d6d0355d6343fce2199606456b52eb3dc93a735", "docs/hbtrack/evidence/AR_242/executor_main.log": "3a956b7915240231056c498745907eb42134940c1ce1541636dd81d5f64ab766", "docs/hbtrack/evidence/AR_243/executor_main.log": "b34da0d1a5ac000fcbce14a2008fdcfbdaaf26d23c5c3602065a3ca73048527d", "docs/hbtrack/modulos/treinos/AR_BACKLOG_TRAINING.md": "e2977a8d02c8258b24cccecc49f052be770b836a6dda3a979d77ffcbfa740608", "docs/hbtrack/modulos/treinos/TEST_MATRIX_TRAINING.md": "c8ffea7e4856509a0e9ec049a3d304e1e300e9faa84669bb6873c9f394266de1", "docs/hbtrack/modulos/treinos/TRAINING_BATCH_PLAN_v1.md": "a31d4b8792c3c234d6ce28d89a1e587c38526e9b5e98c94a5eefb71cea2209bb"}

--- STDOUT ---


--- STDERR ---

