AR_ID: 077
Command: python -m pytest "Hb Track - Backend/tests/api/test_standings_router_integration.py" -v --tb=short -x
Exit Code: 0
Timestamp UTC: 2026-02-25T03:30:23.521710+00:00
Behavior Hash (exit+stdout+stderr): df2aa6579d707e2e7c0f8cedcb3258207011dc8d4bbc759a9f2ae00201e6d58f
Git HEAD: dff987fbb6bc262a13e3129965bbcf650c32cfaa
Python Version: 3.11.9
Protocol Version: 1.3.0
Workspace Clean: False
Workspace Status: unstaged_modified=2
Governed Checksums (sha256): {"Hb Track - Backend/app/api/v1/routers/competitions_v2.py": "beedbd500ea5bc1535dd2789c2f4457c60f00afcd0cef5c94968bcbc8304e7ef"}

--- STDOUT ---
============================= test session starts =============================
platform win32 -- Python 3.11.9, pytest-9.0.2, pluggy-1.6.0 -- C:\Users\davis\.pyenv\pyenv-win\versions\3.11.9\python.exe
cachedir: .pytest_cache
hypothesis profile 'default'
rootdir: C:\HB TRACK\Hb Track - Backend
configfile: pytest.ini (WARNING: ignoring pytest config in pyproject.toml!)
plugins: anyio-4.12.0, hypothesis-6.151.9, asyncio-1.3.0, cov-7.0.0, schemathesis-4.10.2
asyncio: mode=Mode.STRICT, debug=False, asyncio_default_fixture_loop_scope=None, asyncio_default_test_loop_scope=function
collecting ... collected 4 items

Hb Track - Backend\tests\api\test_standings_router_integration.py::TestStandingsRouterIntegration::test_get_standings_requires_auth PASSED [ 25%]
Hb Track - Backend\tests\api\test_standings_router_integration.py::TestStandingsRouterIntegration::test_post_recalculate_requires_auth PASSED [ 50%]
Hb Track - Backend\tests\api\test_standings_router_integration.py::TestStandingsRouterIntegration::test_get_standings_uses_dynamic_scoring_inv_comp_008 SKIPPED [ 75%]
Hb Track - Backend\tests\api\test_standings_router_integration.py::TestStandingsRouterIntegration::test_post_recalculate_returns_200 SKIPPED [100%]

============================== warnings summary ===============================
Hb Track - Backend\app\main.py:23
Hb Track - Backend\app\main.py:23
Hb Track - Backend\app\main.py:23
Hb Track - Backend\app\main.py:23
Hb Track - Backend\app\main.py:23
Hb Track - Backend\app\main.py:23
Hb Track - Backend\app\main.py:23
  C:\HB TRACK\Hb Track - Backend\app\main.py:23: DeprecationWarning: 'HTTP_422_UNPROCESSABLE_ENTITY' is deprecated. Use 'HTTP_422_UNPROCESSABLE_CONTENT' instead.
    from app.core.exceptions import NotFoundError, ForbiddenError, ValidationError, ConflictError

Hb Track - Backend\app\schemas\training_alerts_step18.py:26
  C:\HB TRACK\Hb Track - Backend\app\schemas\training_alerts_step18.py:26: PydanticDeprecatedSince20: Support for class-based `config` is deprecated, use ConfigDict instead. Deprecated in Pydantic V2.0 to be removed in V3.0. See Pydantic V2 Migration Guide at https://errors.pydantic.dev/2.12/migration/
    class SuggestionCreate(BaseModel):

Hb Track - Backend\app\schemas\training_alerts_step18.py:56
  C:\HB TRACK\Hb Track - Backend\app\schemas\training_alerts_step18.py:56: PydanticDeprecatedSince20: Support for class-based `config` is deprecated, use ConfigDict instead. Deprecated in Pydantic V2.0 to be removed in V3.0. See Pydantic V2 Migration Guide at https://errors.pydantic.dev/2.12/migration/
    class SuggestionApply(BaseModel):

Hb Track - Backend\app\schemas\training_alerts_step18.py:76
  C:\HB TRACK\Hb Track - Backend\app\schemas\training_alerts_step18.py:76: PydanticDeprecatedSince20: Support for class-based `config` is deprecated, use ConfigDict instead. Deprecated in Pydantic V2.0 to be removed in V3.0. See Pydantic V2 Migration Guide at https://errors.pydantic.dev/2.12/migration/
    class SuggestionDismiss(BaseModel):

Hb Track - Backend\app\schemas\training_alerts_step18.py:88
  C:\HB TRACK\Hb Track - Backend\app\schemas\training_alerts_step18.py:88: PydanticDeprecatedSince20: Support for class-based `config` is deprecated, use ConfigDict instead. Deprecated in Pydantic V2.0 to be removed in V3.0. See Pydantic V2 Migration Guide at https://errors.pydantic.dev/2.12/migration/
    class SuggestionResponse(BaseModel):

Hb Track - Backend\app\schemas\training_alerts_step18.py:133
  C:\HB TRACK\Hb Track - Backend\app\schemas\training_alerts_step18.py:133: PydanticDeprecatedSince20: Support for class-based `config` is deprecated, use ConfigDict instead. Deprecated in Pydantic V2.0 to be removed in V3.0. See Pydantic V2 Migration Guide at https://errors.pydantic.dev/2.12/migration/
    class SuggestionListResponse(BaseModel):

Hb Track - Backend\app\schemas\training_alerts_step18.py:153
  C:\HB TRACK\Hb Track - Backend\app\schemas\training_alerts_step18.py:153: PydanticDeprecatedSince20: Support for class-based `config` is deprecated, use ConfigDict instead. Deprecated in Pydantic V2.0 to be removed in V3.0. See Pydantic V2 Migration Guide at https://errors.pydantic.dev/2.12/migration/
    class SuggestionStatsResponse(BaseModel):

Hb Track - Backend\app\schemas\training_alerts_step18.py:180
  C:\HB TRACK\Hb Track - Backend\app\schemas\training_alerts_step18.py:180: PydanticDeprecatedSince20: Support for class-based `config` is deprecated, use ConfigDict instead. Deprecated in Pydantic V2.0 to be removed in V3.0. See Pydantic V2 Migration Guide at https://errors.pydantic.dev/2.12/migration/
    class SuggestionFilters(BaseModel):

Hb Track - Backend\app\schemas\person.py:275
  C:\HB TRACK\Hb Track - Backend\app\schemas\person.py:275: PydanticDeprecatedSince20: Support for class-based `config` is deprecated, use ConfigDict instead. Deprecated in Pydantic V2.0 to be removed in V3.0. See Pydantic V2 Migration Guide at https://errors.pydantic.dev/2.12/migration/
    class PersonResponse(PersonBase, BaseResponseSchema, SoftDeleteMixin):

Hb Track - Backend\app\schemas\person.py:298
  C:\HB TRACK\Hb Track - Backend\app\schemas\person.py:298: PydanticDeprecatedSince20: Support for class-based `config` is deprecated, use ConfigDict instead. Deprecated in Pydantic V2.0 to be removed in V3.0. See Pydantic V2 Migration Guide at https://errors.pydantic.dev/2.12/migration/
    class PersonListResponse(BaseModel):

Hb Track - Backend\app\schemas\intake\ficha_unica.py:457
  C:\HB TRACK\Hb Track - Backend\app\schemas\intake\ficha_unica.py:457: PydanticDeprecatedSince20: Support for class-based `config` is deprecated, use ConfigDict instead. Deprecated in Pydantic V2.0 to be removed in V3.0. See Pydantic V2 Migration Guide at https://errors.pydantic.dev/2.12/migration/
    class FichaUnicaResponse(BaseModel):

Hb Track - Backend\app\schemas\intake\ficha_unica.py:551
  C:\HB TRACK\Hb Track - Backend\app\schemas\intake\ficha_unica.py:551: PydanticDeprecatedSince20: Support for class-based `config` is deprecated, use ConfigDict instead. Deprecated in Pydantic V2.0 to be removed in V3.0. See Pydantic V2 Migration Guide at https://errors.pydantic.dev/2.12/migration/
    class OrganizationAutocompleteItem(BaseModel):

Hb Track - Backend\app\schemas\intake\ficha_unica.py:567
  C:\HB TRACK\Hb Track - Backend\app\schemas\intake\ficha_unica.py:567: PydanticDeprecatedSince20: Support for class-based `config` is deprecated, use ConfigDict instead. Deprecated in Pydantic V2.0 to be removed in V3.0. See Pydantic V2 Migration Guide at https://errors.pydantic.dev/2.12/migration/
    class TeamAutocompleteItem(BaseModel):

Hb Track - Backend\app\api\v1\routers\lookup.py:29
  C:\HB TRACK\Hb Track - Backend\app\api\v1\routers\lookup.py:29: PydanticDeprecatedSince20: Support for class-based `config` is deprecated, use ConfigDict instead. Deprecated in Pydantic V2.0 to be removed in V3.0. See Pydantic V2 Migration Guide at https://errors.pydantic.dev/2.12/migration/
    class PositionResponse(BaseModel):

Hb Track - Backend\app\api\v1\routers\lookup.py:37
  C:\HB TRACK\Hb Track - Backend\app\api\v1\routers\lookup.py:37: PydanticDeprecatedSince20: Support for class-based `config` is deprecated, use ConfigDict instead. Deprecated in Pydantic V2.0 to be removed in V3.0. See Pydantic V2 Migration Guide at https://errors.pydantic.dev/2.12/migration/
    class CategoryResponse(BaseModel):

Hb Track - Backend\app\api\v1\routers\lookup.py:47
  C:\HB TRACK\Hb Track - Backend\app\api\v1\routers\lookup.py:47: PydanticDeprecatedSince20: Support for class-based `config` is deprecated, use ConfigDict instead. Deprecated in Pydantic V2.0 to be removed in V3.0. See Pydantic V2 Migration Guide at https://errors.pydantic.dev/2.12/migration/
    class SchoolingLevelResponse(BaseModel):

Hb Track - Backend\app\api\v1\routers\lookup.py:54
  C:\HB TRACK\Hb Track - Backend\app\api\v1\routers\lookup.py:54: PydanticDeprecatedSince20: Support for class-based `config` is deprecated, use ConfigDict instead. Deprecated in Pydantic V2.0 to be removed in V3.0. See Pydantic V2 Migration Guide at https://errors.pydantic.dev/2.12/migration/
    class OrganizationResponse(BaseModel):

Hb Track - Backend\app\api\v1\routers\lookup.py:61
  C:\HB TRACK\Hb Track - Backend\app\api\v1\routers\lookup.py:61: PydanticDeprecatedSince20: Support for class-based `config` is deprecated, use ConfigDict instead. Deprecated in Pydantic V2.0 to be removed in V3.0. See Pydantic V2 Migration Guide at https://errors.pydantic.dev/2.12/migration/
    class TeamResponse(BaseModel):

Hb Track - Backend\app\api\v1\routers\lookup.py:71
  C:\HB TRACK\Hb Track - Backend\app\api\v1\routers\lookup.py:71: PydanticDeprecatedSince20: Support for class-based `config` is deprecated, use ConfigDict instead. Deprecated in Pydantic V2.0 to be removed in V3.0. See Pydantic V2 Migration Guide at https://errors.pydantic.dev/2.12/migration/
    class SeasonResponse(BaseModel):

Hb Track - Backend\app\api\v1\routers\media.py:37
  C:\HB TRACK\Hb Track - Backend\app\api\v1\routers\media.py:37: PydanticDeprecatedSince20: Support for class-based `config` is deprecated, use ConfigDict instead. Deprecated in Pydantic V2.0 to be removed in V3.0. See Pydantic V2 Migration Guide at https://errors.pydantic.dev/2.12/migration/
    class CloudinarySignatureResponse(BaseModel):

Hb Track - Backend\app\schemas\exercise_tags.py:19
  C:\HB TRACK\Hb Track - Backend\app\schemas\exercise_tags.py:19: PydanticDeprecatedSince20: Support for class-based `config` is deprecated, use ConfigDict instead. Deprecated in Pydantic V2.0 to be removed in V3.0. See Pydantic V2 Migration Guide at https://errors.pydantic.dev/2.12/migration/
    class ExerciseTagResponse(ExerciseTagBase):

Hb Track - Backend\app\schemas\exercise_tags.py:29
  C:\HB TRACK\Hb Track - Backend\app\schemas\exercise_tags.py:29: PydanticDeprecatedSince20: The `update_forward_refs` method is deprecated; use `model_rebuild` instead. Deprecated in Pydantic V2.0 to be removed in V3.0. See Pydantic V2 Migration Guide at https://errors.pydantic.dev/2.12/migration/
    ExerciseTagResponse.update_forward_refs()

Hb Track - Backend\app\schemas\exercises.py:38
  C:\HB TRACK\Hb Track - Backend\app\schemas\exercises.py:38: PydanticDeprecatedSince20: Support for class-based `config` is deprecated, use ConfigDict instead. Deprecated in Pydantic V2.0 to be removed in V3.0. See Pydantic V2 Migration Guide at https://errors.pydantic.dev/2.12/migration/
    class ExerciseResponse(ExerciseBase):

Hb Track - Backend\app\schemas\exercise_favorites.py:8
  C:\HB TRACK\Hb Track - Backend\app\schemas\exercise_favorites.py:8: PydanticDeprecatedSince20: Support for class-based `config` is deprecated, use ConfigDict instead. Deprecated in Pydantic V2.0 to be removed in V3.0. See Pydantic V2 Migration Guide at https://errors.pydantic.dev/2.12/migration/
    class ExerciseFavoriteResponse(BaseModel):

Hb Track - Backend\app\schemas\athletes_v2.py:198
  C:\HB TRACK\Hb Track - Backend\app\schemas\athletes_v2.py:198: PydanticDeprecatedSince20: Support for class-based `config` is deprecated, use ConfigDict instead. Deprecated in Pydantic V2.0 to be removed in V3.0. See Pydantic V2 Migration Guide at https://errors.pydantic.dev/2.12/migration/
    class AthleteResponse(BaseModel):

Hb Track - Backend\app\schemas\athletes_v2.py:279
  C:\HB TRACK\Hb Track - Backend\app\schemas\athletes_v2.py:279: PydanticDeprecatedSince20: Support for class-based `config` is deprecated, use ConfigDict instead. Deprecated in Pydantic V2.0 to be removed in V3.0. See Pydantic V2 Migration Guide at https://errors.pydantic.dev/2.12/migration/
    class AthleteStateHistoryResponse(BaseModel):

Hb Track - Backend\app\schemas\training_alerts.py:25
  C:\HB TRACK\Hb Track - Backend\app\schemas\training_alerts.py:25: PydanticDeprecatedSince20: Support for class-based `config` is deprecated, use ConfigDict instead. Deprecated in Pydantic V2.0 to be removed in V3.0. See Pydantic V2 Migration Guide at https://errors.pydantic.dev/2.12/migration/
    class AlertCreate(BaseModel):

Hb Track - Backend\app\schemas\training_alerts.py:50
  C:\HB TRACK\Hb Track - Backend\app\schemas\training_alerts.py:50: PydanticDeprecatedSince20: Support for class-based `config` is deprecated, use ConfigDict instead. Deprecated in Pydantic V2.0 to be removed in V3.0. See Pydantic V2 Migration Guide at https://errors.pydantic.dev/2.12/migration/
    class AlertUpdate(BaseModel):

Hb Track - Backend\app\schemas\training_alerts.py:62
  C:\HB TRACK\Hb Track - Backend\app\schemas\training_alerts.py:62: PydanticDeprecatedSince20: Support for class-based `config` is deprecated, use ConfigDict instead. Deprecated in Pydantic V2.0 to be removed in V3.0. See Pydantic V2 Migration Guide at https://errors.pydantic.dev/2.12/migration/
    class AlertResponse(BaseModel):

Hb Track - Backend\app\schemas\training_alerts.py:103
  C:\HB TRACK\Hb Track - Backend\app\schemas\training_alerts.py:103: PydanticDeprecatedSince20: Support for class-based `config` is deprecated, use ConfigDict instead. Deprecated in Pydantic V2.0 to be removed in V3.0. See Pydantic V2 Migration Guide at https://errors.pydantic.dev/2.12/migration/
    class AlertListResponse(BaseModel):

Hb Track - Backend\app\schemas\training_alerts.py:123
  C:\HB TRACK\Hb Track - Backend\app\schemas\training_alerts.py:123: PydanticDeprecatedSince20: Support for class-based `config` is deprecated, use ConfigDict instead. Deprecated in Pydantic V2.0 to be removed in V3.0. See Pydantic V2 Migration Guide at https://errors.pydantic.dev/2.12/migration/
    class AlertStatsResponse(BaseModel):

Hb Track - Backend\app\schemas\training_alerts.py:150
  C:\HB TRACK\Hb Track - Backend\app\schemas\training_alerts.py:150: PydanticDeprecatedSince20: Support for class-based `config` is deprecated, use ConfigDict instead. Deprecated in Pydantic V2.0 to be removed in V3.0. See Pydantic V2 Migration Guide at https://errors.pydantic.dev/2.12/migration/
    class AlertFilters(BaseModel):

Hb Track - Backend\app\schemas\training_analytics.py:54
  C:\HB TRACK\Hb Track - Backend\app\schemas\training_analytics.py:54: PydanticDeprecatedSince20: Support for class-based `config` is deprecated, use ConfigDict instead. Deprecated in Pydantic V2.0 to be removed in V3.0. See Pydantic V2 Migration Guide at https://errors.pydantic.dev/2.12/migration/
    class TeamSummaryResponse(BaseModel):

Hb Track - Backend\app\schemas\training_analytics.py:95
  C:\HB TRACK\Hb Track - Backend\app\schemas\training_analytics.py:95: PydanticDeprecatedSince20: Support for class-based `config` is deprecated, use ConfigDict instead. Deprecated in Pydantic V2.0 to be removed in V3.0. See Pydantic V2 Migration Guide at https://errors.pydantic.dev/2.12/migration/
    class WeeklyLoadResponse(BaseModel):

Hb Track - Backend\app\schemas\training_analytics.py:131
  C:\HB TRACK\Hb Track - Backend\app\schemas\training_analytics.py:131: PydanticDeprecatedSince20: Support for class-based `config` is deprecated, use ConfigDict instead. Deprecated in Pydantic V2.0 to be removed in V3.0. See Pydantic V2 Migration Guide at https://errors.pydantic.dev/2.12/migration/
    class DeviationAnalysisResponse(BaseModel):

Hb Track - Backend\app\schemas\dashboard.py:157
  C:\HB TRACK\Hb Track - Backend\app\schemas\dashboard.py:157: PydanticDeprecatedSince20: Support for class-based `config` is deprecated, use ConfigDict instead. Deprecated in Pydantic V2.0 to be removed in V3.0. See Pydantic V2 Migration Guide at https://errors.pydantic.dev/2.12/migration/
    class DashboardSummaryResponse(BaseModel):

Hb Track - Backend\app\main.py:316
  C:\HB TRACK\Hb Track - Backend\app\main.py:316: DeprecationWarning: 
          on_event is deprecated, use lifespan event handlers instead.
  
          Read more about it in the
          [FastAPI docs for Lifespan Events](https://fastapi.tiangolo.com/advanced/events/).
          
    @app.on_event("startup")

..\Users\davis\.pyenv\pyenv-win\versions\3.11.9\Lib\site-packages\fastapi\applications.py:4576
..\Users\davis\.pyenv\pyenv-win\versions\3.11.9\Lib\site-packages\fastapi\applications.py:4576
  C:\Users\davis\.pyenv\pyenv-win\versions\3.11.9\Lib\site-packages\fastapi\applications.py:4576: DeprecationWarning: 
          on_event is deprecated, use lifespan event handlers instead.
  
          Read more about it in the
          [FastAPI docs for Lifespan Events](https://fastapi.tiangolo.com/advanced/events/).
          
    return self.router.on_event(event_type)

Hb Track - Backend\app\main.py:369
  C:\HB TRACK\Hb Track - Backend\app\main.py:369: DeprecationWarning: 
          on_event is deprecated, use lifespan event handlers instead.
  
          Read more about it in the
          [FastAPI docs for Lifespan Events](https://fastapi.tiangolo.com/advanced/events/).
          
    @app.on_event("shutdown")

-- Docs: https://docs.pytest.org/en/stable/how-to/capture-warnings.html
================== 2 passed, 2 skipped, 46 warnings in 3.23s ==================


--- STDERR ---

