AR_ID: 248
Command: python -X utf8 scripts/db/reset_hb_track_test.py && cd "Hb Track - Backend" && python -m pytest -q tests/training/invariants/test_inv_train_148_exercise_bank_services.py -v 2>&1 | python -c "import sys; lines=sys.stdin.readlines(); [print(l.rstrip()) for l in lines[-30:] if any(w in l for w in ['PASSED','FAILED','ERROR','xfailed','xpassed','passed','failed','error','XFAIL','XPASS']) and 'warnings' not in l] or [print(lines[-1].rstrip())]"
Exit Code: 0
Timestamp UTC: 2026-03-05T15:51:45.440313+00:00
Behavior Hash (exit+stdout+stderr): df44f0d19e2e33eb1883a864770048119125825292fe06884fe51d8e17f5714d
Git HEAD: a7ab568714918f4a7d148bde178a2c5f1bb88e98
Python Version: 3.11.9
Protocol Version: 1.3.0
Workspace Clean: True
Workspace Status: workspace_clean
Governed Checksums (sha256): {"Hb Track - Backend/app/api/v1/routers/ai_coach.py": "3eccaa78708dfa6a4b52d8aa1b6c0ee6749dc59c4f2adc1460b011f12c77ae34", "Hb Track - Backend/app/api/v1/routers/athlete_training.py": "c38aee610efb5c9f890397748431e7c14f50ab82c39eb12347363a4de088012a", "Hb Track - Backend/app/api/v1/routers/attendance.py": "0f08df69a92170faa7b7a40ba2bde28865192800b5167decf2d2f12d4333eb72", "Hb Track - Backend/app/services/ai_coach_service.py": "257b81ec1e92d9e365329dc989efd2ec7aee943924cb5cc661ac96d3098ce613", "Hb Track - Backend/app/services/exercise_acl_service.py": "f0fb64ecbf5d8ec9e9c220f6f17e74ae320508b8d39b3ffec441b8b1fc0388d0", "Hb Track - Backend/docs/ssot/alembic_state.txt": "dcfe2d977b5c68e088d8dcb331298b3ab08b6a04772ee489dd2ea832d6116555", "Hb Track - Backend/docs/ssot/openapi.json": "e6ed4bd7622f775ce91e07487356f75e2950591b8897e840f2a5c1cc36517202", "Hb Track - Backend/docs/ssot/schema.sql": "de32921a8858114267fe04906f47a78c11149ac6d6ab48cc262696dea1cafeca", "Hb Track - Backend/tests/training/contracts/test_contract_train_074_075_wellness_rankings.py": "f58da868fd5a0062ce2e5f5cd662a3fd5774effcb6a4b48ca2bd462a33c2c2e1", "Hb Track - Backend/tests/training/invariants/test_inv_train_054_standalone_session.py": "dba91be7b56807ea9ebba3be5ee7be85b3d845cbaf1e3f0f5310cf62ff5e8f52", "Hb Track - Frontend/src/lib/api/exercises.ts": "ed2e75c3cf226b2a0d8d847a31d119955cd0e359efcdccd947351668b47c2f9f", "Hb Track - Frontend/src/lib/api/training-phase3.ts": "dbf1b378f1f5e6729b3c72669eb16fc3d5c300cddd8567bf86643c40e657e06d", "Hb Track - Frontend/src/lib/api/trainings.ts": "f7146d74342b1e50f8eece066209a102cf0c4a1387ab9f8ce5ebe15fe6e6672a", "docs/hbtrack/Hb Track Kanban.md": "599b0b22ec3761629c0d8a1930c1d1f28a2f2f984bd052cbc1dc070834a26050", "docs/hbtrack/_INDEX.md": "22fc661355e40d7746cd3c39605d4b12f94768cfdf486450d8918839fe4e32ff", "docs/hbtrack/ars/features/AR_236_frontend_hard_sync_v1.3.0_tipos_uuid_standalone_+_.md": "9706747cdde61a7341bae9f44aa4044f91b7c251baa07b198b9b7bc2d4575689", "docs/hbtrack/ars/features/AR_237_sync_§9_test_matrix_entry_ar-train-052_verificado_.md": "23f3c67597d6b46e4c3f667954b9c0d427e3779176f0860fab64ecbd8a2bb08a", "docs/hbtrack/ars/features/AR_238_sync_§5_fase_3_18_invs_fail_error→pass_+_v3.1.0_+_.md": "c2615026a16a8be59102a85de49b62dbfee882bc905d828ae46ae081ec33419a", "docs/hbtrack/ars/features/AR_239_be_endpoint_patch_resolve-pending-item_no_attendan.md": "8c6e0ffd1b4b44bba83eb6b654146e5491c9aea911f879ca5257c37473ee75a6", "docs/hbtrack/ars/features/AR_240_be_endpoints_apply-draft_+_justify-suggestion_no_a.md": "f452ec23301230ecc1f54781d9c0c95ecbc76f042d002f6183892ff43acae802", "docs/hbtrack/ars/features/AR_241_be_endpoint_get_wellness-content-gate_no_athlete_t.md": "15ded397c056bb0386abad031879e879f475e53dd72c96fd6dd6ec296d2cfb34", "docs/hbtrack/ars/features/AR_242_fe_corrigir_urls_training-phase3.ts_para_paths_rea.md": "891a6b5a91f4690678797afc649c6d84bf5117a451c972a2cb9ccbc00dc54492", "docs/hbtrack/ars/features/AR_243_sync_test_matrix_e_ssot_documental_pos-batch_26_ar.md": "6d34aa2aed708e2fbe197b07522655154965b19bceaf616d7d6f7557d24c08de", "docs/hbtrack/ars/features/AR_244_ar-train-060_governance_sync_kanban+batchplan.md": "668721a001d719259f3b9707f84e9db2978cef4c846a1e77c646c5b870f89f27", "docs/hbtrack/ars/features/AR_245_ar-train-061_contract_tests_contract-074_075.md": "f6da2f016cd3a4fb4a19db02ef451711370a8ee17daa200b93070e93263a52bd", "docs/hbtrack/ars/features/AR_246_ar-train-062_sync_backlog_+_test_matrix_§9_+_batch.md": "63ec6c1462e4de469e03d13390c1f55f942a9578cc7e74a6b340f1eead352cbd", "docs/hbtrack/ars/features/AR_247_ar_247__ar-train-063__fase_0+1_truth_suite_dupla_+.md": "583e54b36374fa0d5f34eaa5a97240ec737589e6e20352eb6468fdd71734ee7d", "docs/hbtrack/ars/features/AR_248_ar_248__ar-train-064__fix_user.organization_id_not.md": "2b4d365f7f7b5c033d4180c10f1127fc3dd069c2d7f32c7c60bfbf84999c669d", "docs/hbtrack/evidence/AR_236/executor_main.log": "c1966de6d1515bb0e9750b7cb73f6097c41c1abc6ff81ba012b9c4e81ee738d2", "docs/hbtrack/evidence/AR_237/executor_main.log": "0cd1af5a6bd2d719d2ff8fc80eb6df5a459ebdc63291c1d800fc19ef7b5b854a", "docs/hbtrack/evidence/AR_238/executor_main.log": "2de2f2f6c9736f9b6ce577f8cacd9f511a86ade781f088bb3379b07ec3ee6838", "docs/hbtrack/evidence/AR_239/executor_main.log": "5b4ce2844e5396057e5d12a31b9c7439a749331d4b94c280a9e35d6320d4a9d8", "docs/hbtrack/evidence/AR_240/executor_main.log": "2b8c130c680d95ac74d68be1be05d6d949049c23175e32d208248c30204c8755", "docs/hbtrack/evidence/AR_241/executor_main.log": "77e3cd10f13a6788051450df1d6d0355d6343fce2199606456b52eb3dc93a735", "docs/hbtrack/evidence/AR_242/executor_main.log": "3a956b7915240231056c498745907eb42134940c1ce1541636dd81d5f64ab766", "docs/hbtrack/evidence/AR_243/executor_main.log": "b34da0d1a5ac000fcbce14a2008fdcfbdaaf26d23c5c3602065a3ca73048527d", "docs/hbtrack/evidence/AR_244/executor_main.log": "3534b7b09378b27c496d289971aeefe5e7ab8a7553d9c43c64107e50c00f15a7", "docs/hbtrack/evidence/AR_245/executor_main.log": "e0e695454d3357be87a779c99b2768569e76ce2b341f71379f8ccbebb62bb9dd", "docs/hbtrack/evidence/AR_246/executor_main.log": "c4b524e91d4cd2748e7bc7737e59725ea8d8780946d82411400f5e1db3417319", "docs/hbtrack/evidence/AR_247/executor_main.log": "4515ee6b38ced78ee351805a1f60826cb1b2dd172853161830cc5cc59c4e2b0c", "docs/hbtrack/evidence/AR_247/triage_buckets.md": "769d1dce538102ce9d3d6cf6e647731148036d2bf7400dde2f32f3e8cc2d49cd", "docs/hbtrack/evidence/AR_247/truth_run1_full.txt": "f6aeb10df747b445406d4e520744441c2b9cb3e7150f98d2f3c598408a15e847", "docs/hbtrack/evidence/AR_247/truth_run2_full.txt": "8f9e57532c84d6429f5136bdbdf2cf8f7ccb601c9811d5a2c11a45bb9d59d871", "docs/hbtrack/evidence/AR_248/executor_main.log": "f2b1ff16f4264849786ce75d837aaaa1cdb55522d758226685978ddfb25ebbc9", "docs/hbtrack/modulos/treinos/AR_BACKLOG_TRAINING.md": "d870c6edb0de9d001402599a46e4dd59cbaed13b11874832e1cec3fbfacb07b9", "docs/hbtrack/modulos/treinos/DONE_GATE_TRAINING_v3.md": "fe7d734868ce080bb2c4c4c93e0cc70da09e7de974dc19bea3099a5645e68a10", "docs/hbtrack/modulos/treinos/INVARIANTS_TRAINING.md": "ebb44dd7e4ed8d2785d00f21d9830069c9f942af07b63f2221c3b549a91d4f85", "docs/hbtrack/modulos/treinos/TEST_MATRIX_TRAINING.md": "74e11ca2bf286aef68eb211beb2c8d2b6a9208c20f120d31b9a35fe5a407dea4", "docs/hbtrack/modulos/treinos/TRAINING_BATCH_PLAN_v1.md": "1c65682c30dee6bb119e1e004c4b85eb996e47b192469b7385ace8e9b9b8c4ac", "docs/hbtrack/modulos/treinos/TRAINING_FRONT_BACK_CONTRACT.md": "db144e2b4156061ec604c275ff253f6b09c4f5cae7aafb06d1150ed52c4bf5ca", "docs/hbtrack/modulos/treinos/TRAINING_SCREENS_SPEC.md": "d194559c63f5d4bc0c2041ccc1126a5b88b2d8843493027aa96589cae4cd62fb", "docs/hbtrack/modulos/treinos/TRAINING_USER_FLOWS.md": "daa00966abfcea16f7f1cbbc6c7fd06d94bedfe503bc1cf7cb206fb9325b2dea"}

--- STDOUT ---
======================================================================
HB TRACK — reset_hb_track_test.py
Preparando banco de testes (TRUTH SUITE)
Banco: hb_track — VPS via SSH tunnel (localhost:5434)
======================================================================
[OK]   GUARDRAIL: banco validado → postgresql+psycopg2://hbtrack_app:13Lyb6DDelb7y16ZFPcdkCQi@191.252.185.34:5432/hb_track
[INFO] FASE MIGRATION: executando alembic upgrade heads ...
[OK]   FASE MIGRATION: concluída — schema atualizado
[INFO] FASE SEED: executando seed ...
[AVISO] Seed retornou erro — continuando (testes usam savepoints).
======================================================================
[OK]   Banco de testes pronto. TRUTH SUITE pode ser executada.
  Comando: cd "Hb Track - Backend" && pytest -q tests/training/
======================================================================
================= 15 passed, 1 xpassed, 52 warnings in 21.83s =================


--- STDERR ---
INFO  [alembic.runtime.migration] Context impl PostgresqlImpl.
INFO  [alembic.runtime.migration] Will assume transactional DDL.
Traceback (most recent call last):
  File "C:\HB TRACK\scripts\run\run_test_seeds.py", line 25, in <module>
    from seed_test_organization import seed_test_organization
ModuleNotFoundError: No module named 'seed_test_organization'

