AR_ID: 256
Command: python -c "
import sys
from pathlib import Path
c = Path('Hb Track - Frontend/src/api/generated/api-instance.ts').read_text(encoding='utf-8')
checks = [
  ('cyclesApi' in c, 'AC1: cyclesApi'),
  ('microcyclesApi' in c, 'AC2: microcyclesApi'),
  ('sessionTemplatesApi' in c, 'AC3: sessionTemplatesApi'),
  ('exercisesApi' in c, 'AC4: exercisesApi'),
  ('exerciseTagsApi' in c, 'AC5: exerciseTagsApi'),
  ('exerciseFavoritesApi' in c, 'AC6: exerciseFavoritesApi'),
  ('athleteTrainingApi' in c, 'AC7: athleteTrainingApi'),
  ('aiCoachApi' in c, 'AC8: aiCoachApi'),
  ('attendanceApi' in c, 'AC9: attendanceApi'),
  (c.count('interceptors.request.use') == 1, 'AC10: interceptor unico'),
]
bad=[t for ok,t in checks if not ok]
print('FAIL:',bad) or sys.exit(1) if bad else print('AC1..AC10 PASS')
" && cd "Hb Track - Frontend" && npx tsc --noEmit 2>&1 | tail -3
Exit Code: 0
Timestamp UTC: 2026-03-06T16:46:58.795843+00:00
Behavior Hash (exit+stdout+stderr): c7950ee5238ba6845dd89c9bc183f2c44810fc6427b78bfd5cd97290aaad941f
Git HEAD: 571249db62566fcd2e6e2fb5c6c8cdb15105af67
Python Version: 3.11.9
Protocol Version: 1.3.0
Workspace Clean: True
Workspace Status: workspace_clean
Governed Checksums (sha256): {"Hb Track - Frontend/src/api/generated/api-instance.ts": "e37078a305ffd43ed281047c25e8c5cd2b87b2208410fe22568f61fcc743981e", "Hb Track - Frontend/tsconfig.json": "599261c8cb15bf6981f790087190afda8662bbc868527b14b5913d977cbe5ef5", "docs/hbtrack/_INDEX.md": "8a571240885d852c564a3839565ccca2748e79f9c32d0f51f4e877a98da2566e", "docs/hbtrack/manuais/MANUAL_AGENTES.md": "70b8e05bf7fee592c01e0335e8c3fdc6196fcf0d2b1aeb6224ab554922265f3c", "docs/hbtrack/modulos/treinos/DOCS_TREINO.md": "DELETED"}

--- STDOUT ---


--- STDERR ---

