AR_ID: 235
Command: cd "Hb Track - Backend" && pytest -q tests/test_cors.py
Exit Code: 0
Timestamp UTC: 2026-03-04T13:15:09.569626+00:00
Behavior Hash (exit+stdout+stderr): 5a5373c01870b99752b2596a177623dfa35c0edafe1a983401b48710a2d53421
Git HEAD: b452cbf90370f68c3d286d6cf1d9ed68b8d7fe9d
Python Version: 3.11.9
Protocol Version: 1.3.0
Workspace Clean: True
Workspace Status: workspace_clean
Governed Checksums (sha256): {"Hb Track - Backend/.env.example": "fa833899d81b53e39e08d558be6b895fb00d46d5258a2c2801263c7d0271ce43", "Hb Track - Backend/app/core/config.py": "0b398adffbbdfcc89ee3a11df3fc59d213414abe0b024f63d4de8024878f2585", "Hb Track - Backend/app/main.py": "ae5500656e717612d90a7e9d0ad8c88c60b62a2c570eaba18c0847c1d7cc273c", "Hb Track - Backend/tests/test_cors.py": "19b039e57cc43f33146168daa3ac0f3497569cecb2f9f03e5d0bbe6d3ee0b042", "Hb Track - Backend/tests/unit/test_config.py": "e2db168b851ee38724e47dbc2afcdcc7f601a63d65e44ff4b4690fd519f35398", "docs/hbtrack/Hb Track Kanban.md": "a203b0c426dacd818cff07a838b61e97aa922361be0247bee7089ddf149c01ea", "docs/hbtrack/_INDEX.md": "4d83f3a20a8a3d67f98f768ee775adffd06dc1766217264ec149774a123426e2", "docs/hbtrack/ars/features/AR_231_sync_§5_test_matrix_training.md_11_itens_not_run_f.md": "66e64811781f59494a89ba0421efc341cc3f0dff5e55dab36aae50eef7e1c86f", "docs/hbtrack/ars/features/AR_232_done_gate_§10_formal_test_matrix_v3.0.0_+_§10_chec.md": "d8dd05d367eec6ffe00281773b5be31b2fc33baff9dfb6cde8865586b2cb09e3", "docs/hbtrack/ars/features/AR_233_centralizar_config_cors_em_config.py_+_validação_f.md": "4986b3915400b44dbdf9cae56ba8aaccc063b5ec8b6e4dbf732c906c1cc83989", "docs/hbtrack/ars/features/AR_234_refatorar_corsmiddleware_em_main.py_-_config_única.md": "e52d76230005245228157179b9f6827e44b53ba8f5e25a3818a1219006a3e8fb", "docs/hbtrack/ars/features/AR_235_criar_tests_test_cors.py_-_suíte_mínima_de_preflig.md": "8fa6c9f490190c7591551962781796c8d3a1bb91a6b7b7acbb236943964f0b47", "docs/hbtrack/evidence/AR_231/executor_main.log": "7ced9ac4de5912f47a403dee6c33ca18f62c48da9bdbb70149a07459bb5a2b6e", "docs/hbtrack/evidence/AR_232/executor_main.log": "e10d50181548b9e403065b6f03f45f3b6484c130c69e270150d279e74a7f3096", "docs/hbtrack/evidence/AR_233/executor_main.log": "6077b838b34968487020351e72021a855427b731d2f95a7bc4a20c164639c15c", "docs/hbtrack/evidence/AR_234/executor_main.log": "59bd3136aaf088726299bb552ab7db899ef6da5221704b7d5d0e80048449d962", "docs/hbtrack/evidence/AR_235/executor_main.log": "f84ede10e0c31f596c7492e5ceccac7955b2d74d828afe454084406fad0916b4", "docs/hbtrack/modulos/treinos/AR_BACKLOG_TRAINING.md": "b893199448748ff24aa1a6d28701c440fe26fffdebe1fea71bd003755a9a2532", "docs/hbtrack/modulos/treinos/DONE_GATE_TRAINING_v3.md": "917c13eafb43511274a77b4f48cdcf43201f7969f9036c6a63e7167ae7197df3", "docs/hbtrack/modulos/treinos/TEST_MATRIX_TRAINING.md": "e8d489c5262007aca386ef5d251974adbb1c92e3e029578393d9a2097ebbddd3", "docs/hbtrack/modulos/treinos/TRAINING_BATCH_PLAN_v1.md": "52f1eb8aa5fa83a4b0cc824ac34dd6dbf5154a6967a99cc104d99842da6e4486"}

--- STDOUT ---
.....                                                                    [100%]
============================== warnings summary ===============================
app\services\match_service.py:15
app\services\match_service.py:15
app\services\match_service.py:15
app\services\match_service.py:15
app\services\match_service.py:15
app\services\match_service.py:15
app\services\match_service.py:15
  C:\HB TRACK\Hb Track - Backend\app\services\match_service.py:15: DeprecationWarning: 'HTTP_422_UNPROCESSABLE_ENTITY' is deprecated. Use 'HTTP_422_UNPROCESSABLE_CONTENT' instead.
    from app.core.exceptions import (

app\schemas\training_alerts_step18.py:27
  C:\HB TRACK\Hb Track - Backend\app\schemas\training_alerts_step18.py:27: PydanticDeprecatedSince20: Support for class-based `config` is deprecated, use ConfigDict instead. Deprecated in Pydantic V2.0 to be removed in V3.0. See Pydantic V2 Migration Guide at https://errors.pydantic.dev/2.12/migration/
    class SuggestionCreate(BaseModel):

app\schemas\training_alerts_step18.py:49
  C:\HB TRACK\Hb Track - Backend\app\schemas\training_alerts_step18.py:49: PydanticDeprecatedSince20: Support for class-based `config` is deprecated, use ConfigDict instead. Deprecated in Pydantic V2.0 to be removed in V3.0. See Pydantic V2 Migration Guide at https://errors.pydantic.dev/2.12/migration/
    class SuggestionApply(BaseModel):

app\schemas\training_alerts_step18.py:69
  C:\HB TRACK\Hb Track - Backend\app\schemas\training_alerts_step18.py:69: PydanticDeprecatedSince20: Support for class-based `config` is deprecated, use ConfigDict instead. Deprecated in Pydantic V2.0 to be removed in V3.0. See Pydantic V2 Migration Guide at https://errors.pydantic.dev/2.12/migration/
    class SuggestionDismiss(BaseModel):

app\schemas\training_alerts_step18.py:81
  C:\HB TRACK\Hb Track - Backend\app\schemas\training_alerts_step18.py:81: PydanticDeprecatedSince20: Support for class-based `config` is deprecated, use ConfigDict instead. Deprecated in Pydantic V2.0 to be removed in V3.0. See Pydantic V2 Migration Guide at https://errors.pydantic.dev/2.12/migration/
    class SuggestionResponse(BaseModel):

app\schemas\training_alerts_step18.py:126
  C:\HB TRACK\Hb Track - Backend\app\schemas\training_alerts_step18.py:126: PydanticDeprecatedSince20: Support for class-based `config` is deprecated, use ConfigDict instead. Deprecated in Pydantic V2.0 to be removed in V3.0. See Pydantic V2 Migration Guide at https://errors.pydantic.dev/2.12/migration/
    class SuggestionListResponse(BaseModel):

app\schemas\training_alerts_step18.py:146
  C:\HB TRACK\Hb Track - Backend\app\schemas\training_alerts_step18.py:146: PydanticDeprecatedSince20: Support for class-based `config` is deprecated, use ConfigDict instead. Deprecated in Pydantic V2.0 to be removed in V3.0. See Pydantic V2 Migration Guide at https://errors.pydantic.dev/2.12/migration/
    class SuggestionStatsResponse(BaseModel):

app\schemas\training_alerts_step18.py:173
  C:\HB TRACK\Hb Track - Backend\app\schemas\training_alerts_step18.py:173: PydanticDeprecatedSince20: Support for class-based `config` is deprecated, use ConfigDict instead. Deprecated in Pydantic V2.0 to be removed in V3.0. See Pydantic V2 Migration Guide at https://errors.pydantic.dev/2.12/migration/
    class SuggestionFilters(BaseModel):

app\schemas\person.py:275
  C:\HB TRACK\Hb Track - Backend\app\schemas\person.py:275: PydanticDeprecatedSince20: Support for class-based `config` is deprecated, use ConfigDict instead. Deprecated in Pydantic V2.0 to be removed in V3.0. See Pydantic V2 Migration Guide at https://errors.pydantic.dev/2.12/migration/
    class PersonResponse(PersonBase, BaseResponseSchema, SoftDeleteMixin):

app\schemas\person.py:298
  C:\HB TRACK\Hb Track - Backend\app\schemas\person.py:298: PydanticDeprecatedSince20: Support for class-based `config` is deprecated, use ConfigDict instead. Deprecated in Pydantic V2.0 to be removed in V3.0. See Pydantic V2 Migration Guide at https://errors.pydantic.dev/2.12/migration/
    class PersonListResponse(BaseModel):

app\schemas\intake\ficha_unica.py:457
  C:\HB TRACK\Hb Track - Backend\app\schemas\intake\ficha_unica.py:457: PydanticDeprecatedSince20: Support for class-based `config` is deprecated, use ConfigDict instead. Deprecated in Pydantic V2.0 to be removed in V3.0. See Pydantic V2 Migration Guide at https://errors.pydantic.dev/2.12/migration/
    class FichaUnicaResponse(BaseModel):

app\schemas\intake\ficha_unica.py:551
  C:\HB TRACK\Hb Track - Backend\app\schemas\intake\ficha_unica.py:551: PydanticDeprecatedSince20: Support for class-based `config` is deprecated, use ConfigDict instead. Deprecated in Pydantic V2.0 to be removed in V3.0. See Pydantic V2 Migration Guide at https://errors.pydantic.dev/2.12/migration/
    class OrganizationAutocompleteItem(BaseModel):

app\schemas\intake\ficha_unica.py:567
  C:\HB TRACK\Hb Track - Backend\app\schemas\intake\ficha_unica.py:567: PydanticDeprecatedSince20: Support for class-based `config` is deprecated, use ConfigDict instead. Deprecated in Pydantic V2.0 to be removed in V3.0. See Pydantic V2 Migration Guide at https://errors.pydantic.dev/2.12/migration/
    class TeamAutocompleteItem(BaseModel):

app\api\v1\routers\lookup.py:29
  C:\HB TRACK\Hb Track - Backend\app\api\v1\routers\lookup.py:29: PydanticDeprecatedSince20: Support for class-based `config` is deprecated, use ConfigDict instead. Deprecated in Pydantic V2.0 to be removed in V3.0. See Pydantic V2 Migration Guide at https://errors.pydantic.dev/2.12/migration/
    class PositionResponse(BaseModel):

app\api\v1\routers\lookup.py:37
  C:\HB TRACK\Hb Track - Backend\app\api\v1\routers\lookup.py:37: PydanticDeprecatedSince20: Support for class-based `config` is deprecated, use ConfigDict instead. Deprecated in Pydantic V2.0 to be removed in V3.0. See Pydantic V2 Migration Guide at https://errors.pydantic.dev/2.12/migration/
    class CategoryResponse(BaseModel):

app\api\v1\routers\lookup.py:47
  C:\HB TRACK\Hb Track - Backend\app\api\v1\routers\lookup.py:47: PydanticDeprecatedSince20: Support for class-based `config` is deprecated, use ConfigDict instead. Deprecated in Pydantic V2.0 to be removed in V3.0. See Pydantic V2 Migration Guide at https://errors.pydantic.dev/2.12/migration/
    class SchoolingLevelResponse(BaseModel):

app\api\v1\routers\lookup.py:54
  C:\HB TRACK\Hb Track - Backend\app\api\v1\routers\lookup.py:54: PydanticDeprecatedSince20: Support for class-based `config` is deprecated, use ConfigDict instead. Deprecated in Pydantic V2.0 to be removed in V3.0. See Pydantic V2 Migration Guide at https://errors.pydantic.dev/2.12/migration/
    class OrganizationResponse(BaseModel):

app\api\v1\routers\lookup.py:61
  C:\HB TRACK\Hb Track - Backend\app\api\v1\routers\lookup.py:61: PydanticDeprecatedSince20: Support for class-based `config` is deprecated, use ConfigDict instead. Deprecated in Pydantic V2.0 to be removed in V3.0. See Pydantic V2 Migration Guide at https://errors.pydantic.dev/2.12/migration/
    class TeamResponse(BaseModel):

app\api\v1\routers\lookup.py:71
  C:\HB TRACK\Hb Track - Backend\app\api\v1\routers\lookup.py:71: PydanticDeprecatedSince20: Support for class-based `config` is deprecated, use ConfigDict instead. Deprecated in Pydantic V2.0 to be removed in V3.0. See Pydantic V2 Migration Guide at https://errors.pydantic.dev/2.12/migration/
    class SeasonResponse(BaseModel):

app\api\v1\routers\media.py:37
  C:\HB TRACK\Hb Track - Backend\app\api\v1\routers\media.py:37: PydanticDeprecatedSince20: Support for class-based `config` is deprecated, use ConfigDict instead. Deprecated in Pydantic V2.0 to be removed in V3.0. See Pydantic V2 Migration Guide at https://errors.pydantic.dev/2.12/migration/
    class CloudinarySignatureResponse(BaseModel):

app\schemas\exercise_tags.py:19
  C:\HB TRACK\Hb Track - Backend\app\schemas\exercise_tags.py:19: PydanticDeprecatedSince20: Support for class-based `config` is deprecated, use ConfigDict instead. Deprecated in Pydantic V2.0 to be removed in V3.0. See Pydantic V2 Migration Guide at https://errors.pydantic.dev/2.12/migration/
    class ExerciseTagResponse(ExerciseTagBase):

app\schemas\exercise_tags.py:29
  C:\HB TRACK\Hb Track - Backend\app\schemas\exercise_tags.py:29: PydanticDeprecatedSince20: The `update_forward_refs` method is deprecated; use `model_rebuild` instead. Deprecated in Pydantic V2.0 to be removed in V3.0. See Pydantic V2 Migration Guide at https://errors.pydantic.dev/2.12/migration/
    ExerciseTagResponse.update_forward_refs()

app\schemas\exercises.py:38
  C:\HB TRACK\Hb Track - Backend\app\schemas\exercises.py:38: PydanticDeprecatedSince20: Support for class-based `config` is deprecated, use ConfigDict instead. Deprecated in Pydantic V2.0 to be removed in V3.0. See Pydantic V2 Migration Guide at https://errors.pydantic.dev/2.12/migration/
    class ExerciseResponse(ExerciseBase):

app\schemas\exercises.py:58
  C:\HB TRACK\Hb Track - Backend\app\schemas\exercises.py:58: PydanticDeprecatedSince20: Support for class-based `config` is deprecated, use ConfigDict instead. Deprecated in Pydantic V2.0 to be removed in V3.0. See Pydantic V2 Migration Guide at https://errors.pydantic.dev/2.12/migration/
    class ExerciseACLResponse(BaseModel):

app\schemas\exercise_favorites.py:8
  C:\HB TRACK\Hb Track - Backend\app\schemas\exercise_favorites.py:8: PydanticDeprecatedSince20: Support for class-based `config` is deprecated, use ConfigDict instead. Deprecated in Pydantic V2.0 to be removed in V3.0. See Pydantic V2 Migration Guide at https://errors.pydantic.dev/2.12/migration/
    class ExerciseFavoriteResponse(BaseModel):

app\schemas\athletes_v2.py:198
  C:\HB TRACK\Hb Track - Backend\app\schemas\athletes_v2.py:198: PydanticDeprecatedSince20: Support for class-based `config` is deprecated, use ConfigDict instead. Deprecated in Pydantic V2.0 to be removed in V3.0. See Pydantic V2 Migration Guide at https://errors.pydantic.dev/2.12/migration/
    class AthleteResponse(BaseModel):

app\schemas\athletes_v2.py:279
  C:\HB TRACK\Hb Track - Backend\app\schemas\athletes_v2.py:279: PydanticDeprecatedSince20: Support for class-based `config` is deprecated, use ConfigDict instead. Deprecated in Pydantic V2.0 to be removed in V3.0. See Pydantic V2 Migration Guide at https://errors.pydantic.dev/2.12/migration/
    class AthleteStateHistoryResponse(BaseModel):

app\schemas\training_alerts.py:26
  C:\HB TRACK\Hb Track - Backend\app\schemas\training_alerts.py:26: PydanticDeprecatedSince20: Support for class-based `config` is deprecated, use ConfigDict instead. Deprecated in Pydantic V2.0 to be removed in V3.0. See Pydantic V2 Migration Guide at https://errors.pydantic.dev/2.12/migration/
    class AlertCreate(BaseModel):

app\schemas\training_alerts.py:51
  C:\HB TRACK\Hb Track - Backend\app\schemas\training_alerts.py:51: PydanticDeprecatedSince20: Support for class-based `config` is deprecated, use ConfigDict instead. Deprecated in Pydantic V2.0 to be removed in V3.0. See Pydantic V2 Migration Guide at https://errors.pydantic.dev/2.12/migration/
    class AlertUpdate(BaseModel):

app\schemas\training_alerts.py:63
  C:\HB TRACK\Hb Track - Backend\app\schemas\training_alerts.py:63: PydanticDeprecatedSince20: Support for class-based `config` is deprecated, use ConfigDict instead. Deprecated in Pydantic V2.0 to be removed in V3.0. See Pydantic V2 Migration Guide at https://errors.pydantic.dev/2.12/migration/
    class AlertResponse(BaseModel):

app\schemas\training_alerts.py:104
  C:\HB TRACK\Hb Track - Backend\app\schemas\training_alerts.py:104: PydanticDeprecatedSince20: Support for class-based `config` is deprecated, use ConfigDict instead. Deprecated in Pydantic V2.0 to be removed in V3.0. See Pydantic V2 Migration Guide at https://errors.pydantic.dev/2.12/migration/
    class AlertListResponse(BaseModel):

app\schemas\training_alerts.py:124
  C:\HB TRACK\Hb Track - Backend\app\schemas\training_alerts.py:124: PydanticDeprecatedSince20: Support for class-based `config` is deprecated, use ConfigDict instead. Deprecated in Pydantic V2.0 to be removed in V3.0. See Pydantic V2 Migration Guide at https://errors.pydantic.dev/2.12/migration/
    class AlertStatsResponse(BaseModel):

app\schemas\training_alerts.py:151
  C:\HB TRACK\Hb Track - Backend\app\schemas\training_alerts.py:151: PydanticDeprecatedSince20: Support for class-based `config` is deprecated, use ConfigDict instead. Deprecated in Pydantic V2.0 to be removed in V3.0. See Pydantic V2 Migration Guide at https://errors.pydantic.dev/2.12/migration/
    class AlertFilters(BaseModel):

app\schemas\training_analytics.py:54
  C:\HB TRACK\Hb Track - Backend\app\schemas\training_analytics.py:54: PydanticDeprecatedSince20: Support for class-based `config` is deprecated, use ConfigDict instead. Deprecated in Pydantic V2.0 to be removed in V3.0. See Pydantic V2 Migration Guide at https://errors.pydantic.dev/2.12/migration/
    class TeamSummaryResponse(BaseModel):

app\schemas\training_analytics.py:95
  C:\HB TRACK\Hb Track - Backend\app\schemas\training_analytics.py:95: PydanticDeprecatedSince20: Support for class-based `config` is deprecated, use ConfigDict instead. Deprecated in Pydantic V2.0 to be removed in V3.0. See Pydantic V2 Migration Guide at https://errors.pydantic.dev/2.12/migration/
    class WeeklyLoadResponse(BaseModel):

app\schemas\training_analytics.py:131
  C:\HB TRACK\Hb Track - Backend\app\schemas\training_analytics.py:131: PydanticDeprecatedSince20: Support for class-based `config` is deprecated, use ConfigDict instead. Deprecated in Pydantic V2.0 to be removed in V3.0. See Pydantic V2 Migration Guide at https://errors.pydantic.dev/2.12/migration/
    class DeviationAnalysisResponse(BaseModel):

app\schemas\dashboard.py:157
  C:\HB TRACK\Hb Track - Backend\app\schemas\dashboard.py:157: PydanticDeprecatedSince20: Support for class-based `config` is deprecated, use ConfigDict instead. Deprecated in Pydantic V2.0 to be removed in V3.0. See Pydantic V2 Migration Guide at https://errors.pydantic.dev/2.12/migration/
    class DashboardSummaryResponse(BaseModel):

app\schemas\exports.py:17
  C:\HB TRACK\Hb Track - Backend\app\schemas\exports.py:17: PydanticDeprecatedSince20: Support for class-based `config` is deprecated, use ConfigDict instead. Deprecated in Pydantic V2.0 to be removed in V3.0. See Pydantic V2 Migration Guide at https://errors.pydantic.dev/2.12/migration/
    class AnalyticsPDFExportRequest(BaseModel):

app\schemas\exports.py:46
  C:\HB TRACK\Hb Track - Backend\app\schemas\exports.py:46: PydanticDeprecatedSince20: Support for class-based `config` is deprecated, use ConfigDict instead. Deprecated in Pydantic V2.0 to be removed in V3.0. See Pydantic V2 Migration Guide at https://errors.pydantic.dev/2.12/migration/
    class AthleteDataExportRequest(BaseModel):

app\schemas\exports.py:69
  C:\HB TRACK\Hb Track - Backend\app\schemas\exports.py:69: PydanticDeprecatedSince20: Support for class-based `config` is deprecated, use ConfigDict instead. Deprecated in Pydantic V2.0 to be removed in V3.0. See Pydantic V2 Migration Guide at https://errors.pydantic.dev/2.12/migration/
    class ExportJobResponse(BaseModel):

app\schemas\exports.py:106
  C:\HB TRACK\Hb Track - Backend\app\schemas\exports.py:106: PydanticDeprecatedSince20: Support for class-based `config` is deprecated, use ConfigDict instead. Deprecated in Pydantic V2.0 to be removed in V3.0. See Pydantic V2 Migration Guide at https://errors.pydantic.dev/2.12/migration/
    class ExportJobListResponse(BaseModel):

app\schemas\exports.py:128
  C:\HB TRACK\Hb Track - Backend\app\schemas\exports.py:128: PydanticDeprecatedSince20: Support for class-based `config` is deprecated, use ConfigDict instead. Deprecated in Pydantic V2.0 to be removed in V3.0. See Pydantic V2 Migration Guide at https://errors.pydantic.dev/2.12/migration/
    class ExportRateLimitResponse(BaseModel):

app\main.py:341
  C:\HB TRACK\Hb Track - Backend\app\main.py:341: DeprecationWarning: 
          on_event is deprecated, use lifespan event handlers instead.
  
          Read more about it in the
          [FastAPI docs for Lifespan Events](https://fastapi.tiangolo.com/advanced/events/).
          
    @app.on_event("startup")

.venv\Lib\site-packages\fastapi\applications.py:4576
.venv\Lib\site-packages\fastapi\applications.py:4576
  C:\HB TRACK\Hb Track - Backend\.venv\Lib\site-packages\fastapi\applications.py:4576: DeprecationWarning: 
          on_event is deprecated, use lifespan event handlers instead.
  
          Read more about it in the
          [FastAPI docs for Lifespan Events](https://fastapi.tiangolo.com/advanced/events/).
          
    return self.router.on_event(event_type)

app\main.py:414
  C:\HB TRACK\Hb Track - Backend\app\main.py:414: DeprecationWarning: 
          on_event is deprecated, use lifespan event handlers instead.
  
          Read more about it in the
          [FastAPI docs for Lifespan Events](https://fastapi.tiangolo.com/advanced/events/).
          
    @app.on_event("shutdown")

-- Docs: https://docs.pytest.org/en/stable/how-to/capture-warnings.html
5 passed, 52 warnings in 0.42s


--- STDERR ---

