AR_ID: 100
Command: python scripts/run/hb_cli.py version && python scripts/run/doc_gates.py --ar-id 100 && python scripts/run/hb_cli.py gates check DOC-GATE-018
Exit Code: 0
Timestamp UTC: 2026-02-23T01:32:17.362401+00:00
Behavior Hash (exit+stdout+stderr): a54b4dde2986eb8e2916d2e899557380c3e9d9d89f4ed1ee67b14b63bf52fd7a
Git HEAD: 585ae5322976ee9812044434dc9c66b171a51f4a
Python Version: 3.11.9
Protocol Version: 1.2.0
Workspace Clean: False
Workspace Status: dirty_files=3
Governed Checksums (sha256): {}

--- STDOUT ---
HB Track Protocol v1.2.0
RUN_ID=DOC_GATES-AR_100-585ae53-2026-02-23T013217059518+0000
Exit=0 | PASS=18 | FAIL=0 | INFRA=0
Evidence=C:/HB TRACK/docs/hbtrack/evidence/AR_100/doc_gates.log
🔒 Gate: DOC-GATE-018
   Name      : Architect Scope Protection
   Class     : documentation
   Lifecycle : ACTIVE
   Proofs (2):
     - [behavioral] No backend/ or Frontend/ refs in plans
     - [structural] doc_gates.py gate_018


--- STDERR ---

