AR_ID: 147
Command: python temp/ar147_validate.py
Exit Code: 0
Timestamp UTC: 2026-02-26T13:16:48.957921+00:00
Behavior Hash (exit+stdout+stderr): 5073b547e3ad981207147a66cab5dd691435276ad1e7d202e27235c07d466cbf
Git HEAD: 017cc0cded0901a43ae7ce24ee3368070ba9e375
Python Version: 3.11.9
Protocol Version: 1.3.0
Workspace Clean: False
Workspace Status: unstaged_modified=11
Governed Checksums (sha256): {"Hb Track - Backend/app/core/exceptions.py": "e78e56c32a1b41d95d665e39a761dce790c95414f84d2f1b5c225c1629ad794e", "Hb Track - Backend/app/services/exercise_service.py": "a5be19475a30857e4b35aa58587a5fd369208b21c63537d66dbc9e8c1fc69767", "Hb Track - Backend/app/services/session_exercise_service.py": "f45db25f0e543cd2dcb3a0fbae0544b82534199ff0ffbe511aa125c38ebd4d13"}

--- STDOUT ---
============================================================
AR_147 Validation: Visibility Guards
============================================================

[1] INV-051: list_exercises visibility filtering
  [OK] INV-051 docstring
  [OK] deleted_at filter
  [OK] scope filter SYSTEM
  [OK] scope attribute access
  [OK] or_ for visibility
  [OK] and_ for combined filters

[2] INV-062: session_exercise visibility guard
  [OK] _verify_exercise_visibility method
  [OK] ExerciseNotVisibleError import
  [OK] visibility_mode check
  [OK] ACL check for restricted
  [OK] add_exercise calls visibility guard

[3] ExerciseNotVisibleError exception
  [OK] ExerciseNotVisibleError class exists

============================================================
PASS: AR_147 visibility guards implemented
============================================================


--- STDERR ---

