AR_ID: 258
Command: python -c "
import sys
from pathlib import Path
b = 'Hb Track - Frontend/src'
files = [
  f'{b}/app/(admin)/training/sessions/[id]/edit/SessionEditClient.tsx',
  f'{b}/app/(admin)/training/configuracoes/ConfiguracoesClient.tsx',
  f'{b}/components/training/CreateTemplateModal.tsx',
  f'{b}/components/training/EditTemplateModal.tsx',
  f'{b}/components/training/modals/EditSessionModal.tsx',
  f'{b}/components/teams-v2/CreateTrainingModal.tsx',
  f'{b}/components/teams-v2/OverviewTab.tsx',
]
bad=[]
for f in files:
  c=Path(f).read_text(encoding='utf-8')
  if 'TrainingSessionsAPI.' in c: bad.append(f'TrainingSessionsAPI call em {f.split("/")[-1]}')
print('FAIL:',bad) or sys.exit(1) if bad else print('AC1..AC5 PASS')
" && cd "Hb Track - Frontend" && npx tsc --noEmit 2>&1 | tail -3
Exit Code: 0
Timestamp UTC: 2026-03-06T20:37:41.750711+00:00
Behavior Hash (exit+stdout+stderr): c7950ee5238ba6845dd89c9bc183f2c44810fc6427b78bfd5cd97290aaad941f
Git HEAD: 571249db62566fcd2e6e2fb5c6c8cdb15105af67
Python Version: 3.11.9
Protocol Version: 1.3.0
Workspace Clean: True
Workspace Status: workspace_clean
Governed Checksums (sha256): {"Hb Track - Frontend/src/api/generated/api-instance.ts": "e37078a305ffd43ed281047c25e8c5cd2b87b2208410fe22568f61fcc743981e", "Hb Track - Frontend/src/app/(admin)/training/configuracoes/ConfiguracoesClient.tsx": "27528e55387814a2be639a3b9c9c5069e03dfb1199aea54a5a8673c98283e09d", "Hb Track - Frontend/src/components/teams-v2/CreateTrainingModal.tsx": "0e33d473dbcc2eacde2572e2dedebd26a5224987e62535eb1fd6b3b5d1138005", "Hb Track - Frontend/src/components/teams-v2/OverviewTab.tsx": "fc50d52ce1a8af45705b5752d6c7f1fa517b6879184725da33fc62681a9a361a", "Hb Track - Frontend/src/components/teams-v2/StatsTab.tsx": "30b3781786877de66752c4b1fd935a8b711ebc109b7feaee021c75a598fdaa07", "Hb Track - Frontend/src/components/teams-v2/TrainingsTab.tsx": "a818406db755b1223f96fc393df31d306ebcfed03694611ff1657577b2bdfdfd", "Hb Track - Frontend/src/components/training/CreateTemplateModal.tsx": "5df31903a44929e3d17e667ada638b6c54e4f490cb64a979bb562f79d3af7ad9", "Hb Track - Frontend/src/components/training/EditTemplateModal.tsx": "b194155d0570b716de3c93d614ecf671e3b0ead11866bcefed2692816222e792", "Hb Track - Frontend/src/components/training/modals/CreateSessionModal/CreateSessionModal.tsx": "3020b97776ba9cc7bf2ce13837c939bdd46a972b1cdb5f8478af087c5fc98769", "Hb Track - Frontend/src/components/training/modals/EditSessionModal.tsx": "1347b904c13dd13f4c6da41956b876afbe652555bce2e6dd03c0d01bd6aebc8d", "Hb Track - Frontend/src/hooks/useSessionTemplates.ts": "45d73cefc7b434a464454cc31d88b5667bce176ae2cb59dad1fe0396a2611727", "Hb Track - Frontend/src/lib/hooks/useSessions.ts": "c4f1ca76bb4d591314d140306ea50067ba2a787fa3bee02e02bcd35596e0f2ac", "Hb Track - Frontend/tsconfig.json": "599261c8cb15bf6981f790087190afda8662bbc868527b14b5913d977cbe5ef5", "docs/hbtrack/_INDEX.md": "a505c2813e20d26f39de0d93bdf8e1c7b7da624265fcd1382c17e1cdc6327887", "docs/hbtrack/ars/features/AR_256_ar-train-072_-_api-instance.ts_9_singletons_ausent.md": "125bf5c85d8fb6af00c198522a3665d58650b65a8878ff5e282d59eec6268771", "docs/hbtrack/ars/features/AR_257_ar-train-073_-_migrar_usesessions.ts_+_usesessiont.md": "87669c520f5ba2bd9224a81dd37540c5b089b8e05814ff06040e7f2c266ca84e", "docs/hbtrack/ars/features/AR_258_ar-train-074_-_migrar_componentes_session_sessione.md": "57371765ad872a7cb4d5bd5a456e432fc6f34bca82d41351a28402c73ae1dfe2", "docs/hbtrack/evidence/AR_256/executor_main.log": "ace7d891509598397ea5dc8147a97c7cd1e1f142abf7bf853adcac7ddd5d1103", "docs/hbtrack/evidence/AR_257/executor_main.log": "b68d944d1e7283b747b728d74dd2341e50238872954c991c44a3178f2561b616", "docs/hbtrack/evidence/AR_258/executor_main.log": "21e9b37b6eb7b821029139212e781ac07e3a9398ea3371bf069c0bc96640f6f7", "docs/hbtrack/manuais/MANUAL_AGENTES.md": "70b8e05bf7fee592c01e0335e8c3fdc6196fcf0d2b1aeb6224ab554922265f3c", "docs/hbtrack/modulos/treinos/DOCS_TREINO.md": "DELETED"}

--- STDOUT ---


--- STDERR ---

