AR_ID: 262
Command: python -c "
import sys
from pathlib import Path
backlog = Path('docs/hbtrack/modulos/treinos/AR_BACKLOG_TRAINING.md').read_text(encoding='utf-8')
matrix = Path('docs/hbtrack/modulos/treinos/TEST_MATRIX_TRAINING.md').read_text(encoding='utf-8')
kanban = Path('docs/hbtrack/Hb Track Kanban.md').read_text(encoding='utf-8')
index = Path('docs/hbtrack/modulos/treinos/_INDEX.md').read_text(encoding='utf-8')
checks = [
  ('AR-TRAIN-072' in backlog and 'AR-TRAIN-078' in backlog, 'AC1: lote 23 em BACKLOG'),
  ('AR-TRAIN-072' in matrix or 'Batch 33' in matrix, 'AC2: Batch 33 em TEST_MATRIX'),
  ('AR_256' in kanban or 'AR-TRAIN-072' in kanban, 'AC3: AR_256 em Kanban'),
  ('AR_262' in index or 'AR-TRAIN-078' in index, 'AC4: AR_262 em _INDEX'),
]
bad=[m for ok,m in checks if not ok]
print('FAIL:',bad) or sys.exit(1) if bad else print('AC1..AC4 PASS')
"
Exit Code: 0
Timestamp UTC: 2026-03-07T05:56:33.788111+00:00
Behavior Hash (exit+stdout+stderr): c7950ee5238ba6845dd89c9bc183f2c44810fc6427b78bfd5cd97290aaad941f
Git HEAD: 571249db62566fcd2e6e2fb5c6c8cdb15105af67
Python Version: 3.11.9
Protocol Version: 1.3.0
Workspace Clean: True
Workspace Status: workspace_clean
Governed Checksums (sha256): {"Hb Track - Backend/app/api/v1/routers/exports.py": "eb9b7dc665e4b96bcb7bd01fc43c6930ce66c23ef03ff23db27ab1c306d6d875", "Hb Track - Frontend/src/api/generated/api-instance.ts": "e37078a305ffd43ed281047c25e8c5cd2b87b2208410fe22568f61fcc743981e", "Hb Track - Frontend/src/app/(admin)/training/configuracoes/ConfiguracoesClient.tsx": "27528e55387814a2be639a3b9c9c5069e03dfb1199aea54a5a8673c98283e09d", "Hb Track - Frontend/src/components/teams-v2/CreateTrainingModal.tsx": "0e33d473dbcc2eacde2572e2dedebd26a5224987e62535eb1fd6b3b5d1138005", "Hb Track - Frontend/src/components/teams-v2/OverviewTab.tsx": "fc50d52ce1a8af45705b5752d6c7f1fa517b6879184725da33fc62681a9a361a", "Hb Track - Frontend/src/components/teams-v2/StatsTab.tsx": "30b3781786877de66752c4b1fd935a8b711ebc109b7feaee021c75a598fdaa07", "Hb Track - Frontend/src/components/teams-v2/TrainingsTab.tsx": "a818406db755b1223f96fc393df31d306ebcfed03694611ff1657577b2bdfdfd", "Hb Track - Frontend/src/components/training/CreateTemplateModal.tsx": "5df31903a44929e3d17e667ada638b6c54e4f490cb64a979bb562f79d3af7ad9", "Hb Track - Frontend/src/components/training/EditTemplateModal.tsx": "b194155d0570b716de3c93d614ecf671e3b0ead11866bcefed2692816222e792", "Hb Track - Frontend/src/components/training/exercises/ExerciseACLModal.tsx": "f1365adb3b1170c516cbd07c0c5ce4da65a2d15575500baba8ce285118569321", "Hb Track - Frontend/src/components/training/exercises/ExerciseVisibilityToggle.tsx": "40284ae1ff3f9db0d908488e74eb9e4a14028e9620c7a7646cdbb2e55106c9ae", "Hb Track - Frontend/src/components/training/modals/CreateSessionModal/CreateSessionModal.tsx": "3020b97776ba9cc7bf2ce13837c939bdd46a972b1cdb5f8478af087c5fc98769", "Hb Track - Frontend/src/components/training/modals/EditSessionModal.tsx": "1347b904c13dd13f4c6da41956b876afbe652555bce2e6dd03c0d01bd6aebc8d", "Hb Track - Frontend/src/hooks/useExercises.ts": "e94559c8104dae2dd967c60a6a90ee62f335d43be61b0fba79bd7a8a9f9d648a", "Hb Track - Frontend/src/hooks/useSessionTemplates.ts": "45d73cefc7b434a464454cc31d88b5667bce176ae2cb59dad1fe0396a2611727", "Hb Track - Frontend/src/lib/api/training-phase3.ts": "671b2a5e10bd5ed4ba7e91a827d91e3e48436e04f43cbce127f5e535fd258d78", "Hb Track - Frontend/src/lib/hooks/useCycles.ts": "7c7acbf0c09bc3fdeb7480e4e58925f1249e7647f1d8c3a90b016ab909d46a79", "Hb Track - Frontend/src/lib/hooks/useMicrocycles.ts": "ea4d2fb51d837826b2ba9c80c790686cef904d09349d42b185f3291e9fa5e3e1", "Hb Track - Frontend/src/lib/hooks/useSessions.ts": "c4f1ca76bb4d591314d140306ea50067ba2a787fa3bee02e02bcd35596e0f2ac", "Hb Track - Frontend/tsconfig.json": "599261c8cb15bf6981f790087190afda8662bbc868527b14b5913d977cbe5ef5", "docs/hbtrack/Hb Track Kanban.md": "8de58e0819ba167b98c180ed38f1d2ee0c68a392f155d910cf18860a4cfc55f1", "docs/hbtrack/_INDEX.md": "3538e2188b67913e770fd22c1b6ec0a01e92a0c2a0b65226c5a558f30ccad7f3", "docs/hbtrack/ars/features/AR_256_ar-train-072_-_api-instance.ts_9_singletons_ausent.md": "125bf5c85d8fb6af00c198522a3665d58650b65a8878ff5e282d59eec6268771", "docs/hbtrack/ars/features/AR_257_ar-train-073_-_migrar_usesessions.ts_+_usesessiont.md": "87669c520f5ba2bd9224a81dd37540c5b089b8e05814ff06040e7f2c266ca84e", "docs/hbtrack/ars/features/AR_258_ar-train-074_-_migrar_componentes_session_sessione.md": "5f3d5b821319119713c4bdd73ffece257ed749089fa2bc04e31bc46ce218405e", "docs/hbtrack/ars/features/AR_259_ar-train-075_-_migrar_usecycles_+_usemicrocycles_+.md": "76bb530a097c1a777ff1fb8eb1668c998dbabca2c78def91e2b88b8c9752dff8", "docs/hbtrack/ars/features/AR_260_ar-train-076_-_migrar_exercise_components_+_refact.md": "b6e9f221fdc7384c50e8b226111dfa7794061e49380454ee96858f1b93d61030", "docs/hbtrack/ars/features/AR_261_ar-train-077_-_be_fix_dec-train-004_export-pdf_503.md": "e14955ff8354b2a2465d80166ebc97463348f69931418e4a59f8e70683ee3662", "docs/hbtrack/ars/features/AR_262_ar-train-078_-_sync_documental_pos-batch_33_backlo.md": "689df30518c1b9d6db5c27ed26103a7bb8d65f628dfa8349bd112c763d199222", "docs/hbtrack/evidence/AR_256/executor_main.log": "ace7d891509598397ea5dc8147a97c7cd1e1f142abf7bf853adcac7ddd5d1103", "docs/hbtrack/evidence/AR_257/executor_main.log": "b68d944d1e7283b747b728d74dd2341e50238872954c991c44a3178f2561b616", "docs/hbtrack/evidence/AR_258/executor_main.log": "2fba3a2d5bf4c8a25a4a263eb6b5a64cafd79a1e91bfc0384891aa182981875e", "docs/hbtrack/evidence/AR_259/executor_main.log": "71b4e2674961227223ce19a09c36edff4f64cef9d4c2b765bd8a29f3edaa1e99", "docs/hbtrack/evidence/AR_260/executor_main.log": "a7d11cc8797647ff31ff34f742756b160d018e9599b860c5fcdaa5d31455c9bc", "docs/hbtrack/evidence/AR_261/executor_main.log": "770c22f75e767810e274b06c49d4a0456ecc6dcaac2fdbccf1ca9d1f11182253", "docs/hbtrack/manuais/MANUAL_AGENTES.md": "70b8e05bf7fee592c01e0335e8c3fdc6196fcf0d2b1aeb6224ab554922265f3c", "docs/hbtrack/modulos/treinos/AR_BACKLOG_TRAINING.md": "1ecb7d60462b41f7ac3425024b68eff0cc635edf9172a350bed06d44f94e98be", "docs/hbtrack/modulos/treinos/DOCS_TREINO.md": "DELETED", "docs/hbtrack/modulos/treinos/TEST_MATRIX_TRAINING.md": "0c1c3d10e69e27dd913801d693d940fb025781ed11dfa114bd916b87ce189d2b", "docs/hbtrack/modulos/treinos/_INDEX.md": "19b7598eed917ccd3d55febdadd02513f55134f3d317d16003bab184e6bc4016"}

--- STDOUT ---


--- STDERR ---

