AR_ID: 225
Command: cd "Hb Track - Backend" && python -m pytest tests/training/invariants/test_inv_train_024_websocket_broadcast.py tests/training/invariants/test_inv_train_031_derive_phase_focus.py tests/training/invariants/test_inv_train_034_wellness_pre_sleep_quality.py tests/training/invariants/test_inv_train_035_session_templates_unique_name.py tests/training/invariants/test_inv_train_036_wellness_rankings_unique.py tests/training/invariants/test_inv_train_037_cycle_dates.py tests/training/invariants/test_inv_train_070_post_conversational.py -q --tb=short 2>&1
Exit Code: 0
Timestamp UTC: 2026-03-03T23:06:40.642670+00:00
Behavior Hash (exit+stdout+stderr): 2c1b1a5959989d0dd3ca44f5b56fddecece2f13775e254cd97377bff56ccdf98
Git HEAD: 142a1469efb1d530e4bd579fb2f134cd78754a7e
Python Version: 3.11.9
Protocol Version: 1.3.0
Workspace Clean: True
Workspace Status: workspace_clean
Governed Checksums (sha256): {"Hb Track - Backend/docs/ssot/alembic_state.txt": "bb409ee064dbedc578ea6405476ef455ac935ab273b30b1a43e69ba48c9a17b6", "Hb Track - Backend/docs/ssot/schema.sql": "bc008c761b0a2332eaab1b806dc9d6787becad6f20b9d6ed03a1032deb537e8d", "Hb Track - Backend/tests/training/contracts/test_contract_train_001_012_sessions_crud.py": "b6407dec5a54341207ede67c69ff85b6808a9ac1666beab04838435ab9950096", "Hb Track - Backend/tests/training/contracts/test_contract_train_013_028_teams_attendance.py": "b56b70c1ca463003886eb902c457b187aca14b6525f14659048c6b6a8c9ddcb3", "Hb Track - Backend/tests/training/contracts/test_contract_train_029_039_wellness.py": "e9584393c1915726fe4c20f6c59c0b79d2b4b2e7f4957d1307ad8022273fd060", "Hb Track - Backend/tests/training/contracts/test_contract_train_040_072_ciclos_exercises.py": "4d694088088d160edc172857f4ba40ffdc0c6f520912b314b856e75a423d69d6", "Hb Track - Backend/tests/training/contracts/test_contract_train_073_075_wellness_rankings.py": "b7c95f0e5f36fd2ab8a2fb727e9d70ff425a1a3500bc47c1de1935dffa6bb516", "Hb Track - Backend/tests/training/contracts/test_contract_train_086_095_exports_acl.py": "8211a3a7512b79d355ffaa3320e3a79898e1d37abed2bcb9bc8851b684c44056", "Hb Track - Backend/tests/training/contracts/test_contract_train_096_101_105_ia_athlete.py": "5e1618ff4db714a9ed82f9863f6fedbb811e6be51f3ce24ccd2953b58eef5f29", "Hb Track - Backend/tests/training/contracts/test_contract_train_097_100_presence_pending.py": "c4c39b28a9ab8f00415837c9cbf941ca7fd92f93dbb3ab276e0a2ec3fead9dda", "Hb Track - Backend/tests/training/invariants/test_dec_train_001_004_wellness_exports.py": "7fa0fbd86a6978e7a8ecd81d098300d7382dee908b7074f8547dfd8539065256", "Hb Track - Backend/tests/training/invariants/test_dec_train_exb_rbac_scope_acl.py": "a3c379edf39711b3f39063452d4ac9d9b7d8131bf827cc794abdbf3d0fd11c8a", "Hb Track - Backend/tests/training/invariants/test_inv_train_010_wellness_post_uniqueness.py": "919559e9ade69baab9aae4039c4389c025d40258d609f82a0a5b168fb7723e90", "Hb Track - Backend/tests/training/invariants/test_inv_train_011_deviation_rules.py": "53b22069d9a8d8315ba32fec091c05d2d539b2d26191e3862667ffae6b387c08", "Hb Track - Backend/tests/training/invariants/test_inv_train_013_gamification_badge_rules.py": "0ca607ebace441f15a3db34e7a6619ee8e59c72a6f5298e9ee83458e77e9f9c3", "Hb Track - Backend/tests/training/invariants/test_inv_train_018_training_session_microcycle_status.py": "24791b56ff1a87bbd4ab2df3cd630d718dedab7bbb5c896715655630b16b5f59", "Hb Track - Backend/tests/training/invariants/test_inv_train_019_training_session_audit_logs.py": "4c2570a5e18bf506d141c33cddc665d5934910072c4f175bac6a6fdd2a8bc5ea", "Hb Track - Backend/tests/training/invariants/test_inv_train_020_cache_invalidation_trigger.py": "c50984980d338c5e04ac43026183c8b2c82dc5e08e1e176ad7fc97235404ecf3", "Hb Track - Backend/tests/training/invariants/test_inv_train_021_internal_load_trigger.py": "b1592d185d6e6108102d76b7abfff2b49a0cbf36bc5e68d72887691ecdd55083", "Hb Track - Backend/tests/training/invariants/test_inv_train_024_websocket_broadcast.py": "fc92598c53a4bfe5674d262ef00b207ad4adbd42e8c937f4282e2f21503fa6dc", "Hb Track - Backend/tests/training/invariants/test_inv_train_028_focus_sum_constraint.py": "64b8e5d1f04a78b5b158569e3f1d7358a9112778fd4b225d81cedadf3055f972", "Hb Track - Backend/tests/training/invariants/test_inv_train_029_edit_blocked_after_in_progress.py": "2e8ff10a9377a10897e7e406f9e52355ca7556001d13d099ebd1b1cec28c41bd", "Hb Track - Backend/tests/training/invariants/test_inv_train_031_derive_phase_focus.py": "5eda5636177678e2dbb6634a5d8db73662fca2bf8a5859b56faf785383d9d625", "Hb Track - Backend/tests/training/invariants/test_inv_train_034_wellness_pre_sleep_quality.py": "1adca4218d192f1a69de40306cf0e041b29868fbb895a124ce3a5aba0e20e9ee", "Hb Track - Backend/tests/training/invariants/test_inv_train_035_session_templates_unique_name.py": "e202d0b6e00b8648662b939b30844699e360f2860bad6ccd9e43d8e307d6a691", "Hb Track - Backend/tests/training/invariants/test_inv_train_036_wellness_rankings_unique.py": "f89d3faa39f25dd437069c946e9ed9924676d5edfc3755eb14202aa0f6efca1f", "Hb Track - Backend/tests/training/invariants/test_inv_train_037_cycle_dates.py": "8edf6ee1b47c1d9fc854dffa4a43923cf0f1efb6a90fd63e4fec66125975d278", "Hb Track - Backend/tests/training/invariants/test_inv_train_050_exercise_favorites_unique.py": "fe9eeb90b24122799fd46514b5c92ab98634e8171fb5b914bc162599afc2789f", "Hb Track - Backend/tests/training/invariants/test_inv_train_052_exercise_media.py": "cdbde6dbcf834e428933f1c64b36aa25eab174d8c15ff4508a0fa0a35570786a", "Hb Track - Backend/tests/training/invariants/test_inv_train_053_soft_delete_exercise_no_break_historic.py": "13d91110933705dfab95e0e87109d92408adfd53246a949be4a0be82cdc03e6c", "Hb Track - Backend/tests/training/invariants/test_inv_train_054_standalone_session.py": "6abe193ccd6a895c1f2d298ba6993e4c5fd814d8d61776419f5acaea5a322bd8", "Hb Track - Backend/tests/training/invariants/test_inv_train_060_org_exercise_default_restricted.py": "703f51f671a7fa90251baeb2413e00aebdd3d7a58b4108953f11c97c658921bc", "Hb Track - Backend/tests/training/invariants/test_inv_train_061_system_exercise_copy_not_edit.py": "64ec9773ba8771a8a9955a502df08433a1207dccfbd593525d84c625fcf5521e", "Hb Track - Backend/tests/training/invariants/test_inv_train_062_exercise_visibility_required.py": "c5e61f15d4a45590e558e6f5a73ce69cf1f618eeeec7ac809999bb655b227bee", "Hb Track - Backend/tests/training/invariants/test_inv_train_065_close_pending_guard.py": "a7fdddc2708fe7be5526d922dfd2462a2badb67fea8e1ca929620786fcc0561c", "Hb Track - Backend/tests/training/invariants/test_inv_train_066_pending_items.py": "a3fcc33a983d5548abf201f553b83ce1f1283759cf776736a475fe9c5536bfb3", "Hb Track - Backend/tests/training/invariants/test_inv_train_067_athlete_pending_rbac.py": "0bb0c4f3419ba4cb47dbcac812d9fa9d398cfae6ef7ddcf9e62bd7e4ab3cf2eb", "Hb Track - Backend/tests/training/invariants/test_inv_train_070_post_conversational.py": "f9f86e0a364d84d30f2a2fba8f34ac396a5f7ea43619ceb0a0b4956354c29e1e", "Hb Track - Backend/tests/training/invariants/test_inv_train_079_individual_recognition_no_intimate_leak.py": "a6d1a420ea0a4de2959985862cd3b104da69cd45a27e149f3e5fb54e6d9886d5", "Hb Track - Backend/tests/training/invariants/test_inv_train_080_ai_coach_draft_only.py": "e696dab71bd7a56216202591e67b93702988f8cc8779989573dd08a46f0f59df", "Hb Track - Backend/tests/training/invariants/test_inv_train_081_ai_suggestion_requires_justification.py": "32ed6be4ab34cef7467d43c8f2e179978040fa422142f1534c21741564703677", "Hb Track - Backend/tests/training/invariants/test_inv_train_148_exercise_bank_services.py": "466e2bdc54ef29834fc5b41d5708546626a9c43d88cb7291106103108af304ef", "Hb Track - Backend/tests/training/invariants/test_inv_train_exb_acl_005_creator_implicit_access.py": "fa9e40b4616502050c44c05175384da43e521364f545edc10b28fd8ad35ca439", "Hb Track - Backend/tests/training/invariants/test_inv_train_exb_acl_007_acl_change_no_retrobreak.py": "b50575a95bd19c6e1a86f41a3f7d4864c7214e9c34177d2591f2b3cc247e9984", "docs/hbtrack/Hb Track Kanban.md": "3d69911b6cae2baff757d0a3599351121cec8f0715daa89c6418c1cf65239c39", "docs/hbtrack/_INDEX.md": "e1a5faf5bb75488b2a750abe31fcdaabcf7058d529996f55639d988cc8941efd", "docs/hbtrack/ars/features/AR_202_fix_inv-001_test_invalid_case_2_expects_wrong_cons.md": "f54f07eb5a297e0f977a9cab788bd8d42127817f421b074d4934193467a8a017", "docs/hbtrack/ars/features/AR_203_fix_inv-008_schema_path_tem_3_.parent_ao_invés_de_.md": "2e61fe51aeec0c5c75f3508acbd378e7001e76301f720e2f4b1b9567817c32e6", "docs/hbtrack/ars/features/AR_204_fix_inv-030_schema_path_tem_3_.parent_ao_invés_de_.md": "2ffb3f76b88d5a86d8003e1ad3711602731ed6b9080d90581284d26e4f7a6909", "docs/hbtrack/ars/features/AR_205_fix_inv-032_6_async_fixtures_usam_@pytest.fixture_.md": "9145edaab6bc45868e5b421d4c6cb329ebd0be6ccf3ba404e8d65ebf34775cb3", "docs/hbtrack/ars/features/AR_206_fix_contract-077-085_router_path_tem_3_.parent_ao_.md": "64a9ff7318955afb8fa3be2af20235212debcd836b017fe59a18bc5167d98929", "docs/hbtrack/ars/features/AR_207_flow_p0_evidence_flow-train-001..006_+_017_+_018_m.md": "49f4d5fa8fa6c299c60504f9ce5cbcc9e402421105476aed9cfd215c70bc1f3f", "docs/hbtrack/ars/features/AR_208_contract_p0_tests_contract-train-097..100_pre-conf.md": "2607da5dbe0f75c0fe6bfe84778ce5e0a5ec19b95ff2b97ab887dca0429c40fe", "docs/hbtrack/ars/features/AR_209_done_gate_sync_test_matrix_v1.8.0_+_smoke_batch9_5.md": "e7e67be4775005061a17456a07dd45665d0e59f5347f1edd2255d5693db90d58", "docs/hbtrack/ars/features/AR_211_sync_§5_test_matrix_~40_inv_pendente_→_coberto_not.md": "e30397119196f1d9053dc47efbcbb1481cfa28d00e79c456fad080be6de94b74", "docs/hbtrack/ars/features/AR_212_criar_6_testes_ausentes_inv-053_060_061_062_exb-ac.md": "7821cce4fb7dfd449b949c394cc038c58b6cfd72a2409606338e1a400843c6b9", "docs/hbtrack/ars/features/AR_213_executar_not_run_inv_evidence_batch13.md": "cb3d99d6d9dddeeffe6c5e50c422e11d363955b1fedf2c9cc0076a16b8df780d", "docs/hbtrack/ars/features/AR_214_contract_tests_sessions_crud_contract_001_012.md": "63f5a3bcbef857a262068e2ae529dfa110046fb2445ddcca22e10cdcbc060f69", "docs/hbtrack/ars/features/AR_215_contract_tests_teams_attendance_contract_013_028.md": "ae1ec6363d2157e38ba60ace1c1267f9c0d7caf3f4cbc9b5167d23b97f4f378c", "docs/hbtrack/ars/features/AR_216_contract_tests_wellness_pre_post_contract_029_039.md": "f54f8914e4e52dcdd42705a8b88e480c4712787c1d60b1d0b0eb0dcaeb73b3c6", "docs/hbtrack/ars/features/AR_217_contract_tests_ciclos_exercises_analytics_export.md": "2409565553ed333ec88473f82bcd256c1ac42595b58f8990ffc02f8840a02ea3", "docs/hbtrack/ars/features/AR_218_contract_tests_ia_coach_athlete_view_096_101_105.md": "30c4d2c010c69f0004f3f7e9aab3dd908d8d09e0e3d08490b5b016b71f0bdb2e", "docs/hbtrack/ars/features/AR_219_dec_tests_train_001_004_exb_rbac_ar_train_040.md": "e445089794fa673e93114d798496ad86046df38a3c8f649ca24519be92747a4f", "docs/hbtrack/ars/features/AR_220_flows_p1_manual_guiado_007_016_019_021_ar_train_041.md": "f48bb8783f266cd9c7c7854fbe473cd89a01dc087ce24dda60e00567a25590c0", "docs/hbtrack/ars/features/AR_221_screens_smoke_manual_guiado_001_025_ar_train_042.md": "427b2a72ec3b1bc871dd7475967626b0a27f69f2b3940cc95d9a287272927f33", "docs/hbtrack/ars/features/AR_222_ar-train-043_done_gate_§10_final_-_sync_test_matri.md": "6a90693a21e086fd8fd56c91700828a3a49d44a4d24035589c2d1c27abfde6d7", "docs/hbtrack/ars/features/AR_223_fix_contract-073-075_router_path_tem_3_.parent_ao_.md": "1150703a906f9547d29b2a690f2dcb3834abb1d24091954ae83fde55d0b2d9de", "docs/hbtrack/ars/features/AR_224_fix_contract-097-100_assert_checa_'pre-confirm'_ma.md": "f39800a4dda0081895d6f6b403e3fb2c2b2128325a3779248eaf603104db2d68", "docs/hbtrack/ars/features/AR_225_fix_async_fixtures_@pytest.fixture_→_@pytest_async.md": "eebba420b71356aa0e8cc9978fa6293bc7d66c26253d514ccc2c370c7bac0db2", "docs/hbtrack/ars/features/AR_226_fix_db_fixture_setup_category_id_not_null_+_fk_tea.md": "801a0f6c6e7bf93825a05c6aff8bea71d60a98d39c69c277da40cfe4db50364a", "docs/hbtrack/ars/features/AR_227_fix_import_stubs_ausentes_em_ai_coach_service_3_er.md": "da168c18f965e1819ca13a97baf4d65fb7474c1ca0323f34288d93a167d1cc92", "docs/hbtrack/ars/features/AR_228_fix_residuais_mistos_+_validação_done_gate_suite_0.md": "2ee81a1908d9deba283b8947afc6f19814850252c1b30b8828e60a1df788642b", "docs/hbtrack/evidence/AR_207/executor_main.log": "115256f11d2574e6576b41c85b187c471369664bf4d17bf8e81ecf2ac50b935f", "docs/hbtrack/evidence/AR_208/executor_main.log": "3ced1ab4f702a38f14c2f73c6bd010c5d15a3d36b24277a23190fe83d184f8fd", "docs/hbtrack/evidence/AR_209/executor_main.log": "e6a07a093486f1c077a992da04ba81f2b40932bbc1cd6c075a6bd0c0fa0e8f3a", "docs/hbtrack/evidence/AR_211/executor_main.log": "4f1d2aab3dc98a15561745a7565f2b2d5714fc96aad8e67aa1ff75f51a9ea78d", "docs/hbtrack/evidence/AR_212/executor_main.log": "5b388a1a6f21ef7eb4e52288086baa76d33f08d28913d6ad2da44326e9e1be8a", "docs/hbtrack/evidence/AR_213/executor_main.log": "b066cb7e1dbb0356e9e5baeb7e29e63587fb1913feb2a61ac27700bb3db7feb1", "docs/hbtrack/evidence/AR_214/executor_main.log": "97c95ab9474d12e43b04a43baf09db0533225a7bc8b445cbac950cca5c7aa3a0", "docs/hbtrack/evidence/AR_215/executor_main.log": "29b50b1b9ce876b15c610355bc78809a55bf7ba86bddb93395bfc94eed2e40dd", "docs/hbtrack/evidence/AR_216/executor_main.log": "afde562d98147a7639ea3c749890a14a878221a95605a0e76903dd6552304789", "docs/hbtrack/evidence/AR_217/executor_main.log": "2ff6f0fd0cdaccc19711a073cf5df5b889cced7c8288acb908f32f8f1c5cd80d", "docs/hbtrack/evidence/AR_218/executor_main.log": "0a7d9222180ab9ed7c340d595559dcb2f0c93358443a28ae8f426e74ad9a7808", "docs/hbtrack/evidence/AR_219/executor_main.log": "bb0f1932c5c81dbb8ae2417f57d2ad59b8fa8b28fe5c20b6edc8d07008f2f4b7", "docs/hbtrack/evidence/AR_220/executor_main.log": "07f95ec3eeaa4c97edd839c080b4f38e13c5323c78705e48049afef11464e06b", "docs/hbtrack/evidence/AR_221/executor_main.log": "c99b2c957fb07a512d09e83d498228ecfcf62155f7c72b222ce6588ca04812b6", "docs/hbtrack/evidence/AR_222/executor_main.log": "4a213d2f15d800c13303f1fbc6306b793bf3dac72f8269b9cfb4e6f6bc4a3671", "docs/hbtrack/evidence/AR_223/executor_main.log": "a964fe7f7ec63f8a7c68de864b0b49e92eca0a497fc4f2759a5b38a5070bb6db", "docs/hbtrack/evidence/AR_224/executor_main.log": "3b282f459032f612df7914cc070f73423c71b232c21541af6ce6e9712c779d26", "docs/hbtrack/evidence/AR_225/executor_main.log": "07eeedddff964d3dc49b1e41d438b2af24eda5cbff3150e9f19556d335023e8e", "docs/hbtrack/evidence/AR_226/executor_main.log": "ccc70c45a41c83aa025ebe6b609d566843f029e2969dc89414b335c549232793", "docs/hbtrack/evidence/AR_227/executor_main.log": "30c653770f7b23828f5be67d3c9a56c34870a163dca78397064c025b45316475", "docs/hbtrack/evidence/AR_228/executor_main.log": "2eec62daf1b25b804e4bec0ff04846a07398c1a3d11b8965d1ebd5628f237cb3", "docs/hbtrack/modulos/treinos/AR_BACKLOG_TRAINING.md": "e1a9b82a6db0fc9015db11a3a9c212a60a7a0d3553731350108116c85066005c", "docs/hbtrack/modulos/treinos/TEST_MATRIX_TRAINING.md": "3f83cba4bb7bf829ecdfe20780c2c2d4afc4472d917333f2658ebdbbe1e27b25", "docs/hbtrack/modulos/treinos/TRAINING_BATCH_PLAN_v1.md": "2125c60ec874477c5957de52014ecb892e2c38356a49ecdb0115a2d1e4bcce91"}

--- STDOUT ---
.................................................                        [100%]
============================== warnings summary ===============================
app\main.py:23
app\main.py:23
app\main.py:23
app\main.py:23
app\main.py:23
app\main.py:23
app\main.py:23
  C:\HB TRACK\Hb Track - Backend\app\main.py:23: DeprecationWarning: 'HTTP_422_UNPROCESSABLE_ENTITY' is deprecated. Use 'HTTP_422_UNPROCESSABLE_CONTENT' instead.
    from app.core.exceptions import NotFoundError, ForbiddenError, ValidationError, ConflictError

app\schemas\training_alerts_step18.py:27
  C:\HB TRACK\Hb Track - Backend\app\schemas\training_alerts_step18.py:27: PydanticDeprecatedSince20: Support for class-based `config` is deprecated, use ConfigDict instead. Deprecated in Pydantic V2.0 to be removed in V3.0. See Pydantic V2 Migration Guide at https://errors.pydantic.dev/2.12/migration/
    class SuggestionCreate(BaseModel):

app\schemas\training_alerts_step18.py:49
  C:\HB TRACK\Hb Track - Backend\app\schemas\training_alerts_step18.py:49: PydanticDeprecatedSince20: Support for class-based `config` is deprecated, use ConfigDict instead. Deprecated in Pydantic V2.0 to be removed in V3.0. See Pydantic V2 Migration Guide at https://errors.pydantic.dev/2.12/migration/
    class SuggestionApply(BaseModel):

app\schemas\training_alerts_step18.py:69
  C:\HB TRACK\Hb Track - Backend\app\schemas\training_alerts_step18.py:69: PydanticDeprecatedSince20: Support for class-based `config` is deprecated, use ConfigDict instead. Deprecated in Pydantic V2.0 to be removed in V3.0. See Pydantic V2 Migration Guide at https://errors.pydantic.dev/2.12/migration/
    class SuggestionDismiss(BaseModel):

app\schemas\training_alerts_step18.py:81
  C:\HB TRACK\Hb Track - Backend\app\schemas\training_alerts_step18.py:81: PydanticDeprecatedSince20: Support for class-based `config` is deprecated, use ConfigDict instead. Deprecated in Pydantic V2.0 to be removed in V3.0. See Pydantic V2 Migration Guide at https://errors.pydantic.dev/2.12/migration/
    class SuggestionResponse(BaseModel):

app\schemas\training_alerts_step18.py:126
  C:\HB TRACK\Hb Track - Backend\app\schemas\training_alerts_step18.py:126: PydanticDeprecatedSince20: Support for class-based `config` is deprecated, use ConfigDict instead. Deprecated in Pydantic V2.0 to be removed in V3.0. See Pydantic V2 Migration Guide at https://errors.pydantic.dev/2.12/migration/
    class SuggestionListResponse(BaseModel):

app\schemas\training_alerts_step18.py:146
  C:\HB TRACK\Hb Track - Backend\app\schemas\training_alerts_step18.py:146: PydanticDeprecatedSince20: Support for class-based `config` is deprecated, use ConfigDict instead. Deprecated in Pydantic V2.0 to be removed in V3.0. See Pydantic V2 Migration Guide at https://errors.pydantic.dev/2.12/migration/
    class SuggestionStatsResponse(BaseModel):

app\schemas\training_alerts_step18.py:173
  C:\HB TRACK\Hb Track - Backend\app\schemas\training_alerts_step18.py:173: PydanticDeprecatedSince20: Support for class-based `config` is deprecated, use ConfigDict instead. Deprecated in Pydantic V2.0 to be removed in V3.0. See Pydantic V2 Migration Guide at https://errors.pydantic.dev/2.12/migration/
    class SuggestionFilters(BaseModel):

app\schemas\person.py:275
  C:\HB TRACK\Hb Track - Backend\app\schemas\person.py:275: PydanticDeprecatedSince20: Support for class-based `config` is deprecated, use ConfigDict instead. Deprecated in Pydantic V2.0 to be removed in V3.0. See Pydantic V2 Migration Guide at https://errors.pydantic.dev/2.12/migration/
    class PersonResponse(PersonBase, BaseResponseSchema, SoftDeleteMixin):

app\schemas\person.py:298
  C:\HB TRACK\Hb Track - Backend\app\schemas\person.py:298: PydanticDeprecatedSince20: Support for class-based `config` is deprecated, use ConfigDict instead. Deprecated in Pydantic V2.0 to be removed in V3.0. See Pydantic V2 Migration Guide at https://errors.pydantic.dev/2.12/migration/
    class PersonListResponse(BaseModel):

app\schemas\intake\ficha_unica.py:457
  C:\HB TRACK\Hb Track - Backend\app\schemas\intake\ficha_unica.py:457: PydanticDeprecatedSince20: Support for class-based `config` is deprecated, use ConfigDict instead. Deprecated in Pydantic V2.0 to be removed in V3.0. See Pydantic V2 Migration Guide at https://errors.pydantic.dev/2.12/migration/
    class FichaUnicaResponse(BaseModel):

app\schemas\intake\ficha_unica.py:551
  C:\HB TRACK\Hb Track - Backend\app\schemas\intake\ficha_unica.py:551: PydanticDeprecatedSince20: Support for class-based `config` is deprecated, use ConfigDict instead. Deprecated in Pydantic V2.0 to be removed in V3.0. See Pydantic V2 Migration Guide at https://errors.pydantic.dev/2.12/migration/
    class OrganizationAutocompleteItem(BaseModel):

app\schemas\intake\ficha_unica.py:567
  C:\HB TRACK\Hb Track - Backend\app\schemas\intake\ficha_unica.py:567: PydanticDeprecatedSince20: Support for class-based `config` is deprecated, use ConfigDict instead. Deprecated in Pydantic V2.0 to be removed in V3.0. See Pydantic V2 Migration Guide at https://errors.pydantic.dev/2.12/migration/
    class TeamAutocompleteItem(BaseModel):

app\api\v1\routers\lookup.py:29
  C:\HB TRACK\Hb Track - Backend\app\api\v1\routers\lookup.py:29: PydanticDeprecatedSince20: Support for class-based `config` is deprecated, use ConfigDict instead. Deprecated in Pydantic V2.0 to be removed in V3.0. See Pydantic V2 Migration Guide at https://errors.pydantic.dev/2.12/migration/
    class PositionResponse(BaseModel):

app\api\v1\routers\lookup.py:37
  C:\HB TRACK\Hb Track - Backend\app\api\v1\routers\lookup.py:37: PydanticDeprecatedSince20: Support for class-based `config` is deprecated, use ConfigDict instead. Deprecated in Pydantic V2.0 to be removed in V3.0. See Pydantic V2 Migration Guide at https://errors.pydantic.dev/2.12/migration/
    class CategoryResponse(BaseModel):

app\api\v1\routers\lookup.py:47
  C:\HB TRACK\Hb Track - Backend\app\api\v1\routers\lookup.py:47: PydanticDeprecatedSince20: Support for class-based `config` is deprecated, use ConfigDict instead. Deprecated in Pydantic V2.0 to be removed in V3.0. See Pydantic V2 Migration Guide at https://errors.pydantic.dev/2.12/migration/
    class SchoolingLevelResponse(BaseModel):

app\api\v1\routers\lookup.py:54
  C:\HB TRACK\Hb Track - Backend\app\api\v1\routers\lookup.py:54: PydanticDeprecatedSince20: Support for class-based `config` is deprecated, use ConfigDict instead. Deprecated in Pydantic V2.0 to be removed in V3.0. See Pydantic V2 Migration Guide at https://errors.pydantic.dev/2.12/migration/
    class OrganizationResponse(BaseModel):

app\api\v1\routers\lookup.py:61
  C:\HB TRACK\Hb Track - Backend\app\api\v1\routers\lookup.py:61: PydanticDeprecatedSince20: Support for class-based `config` is deprecated, use ConfigDict instead. Deprecated in Pydantic V2.0 to be removed in V3.0. See Pydantic V2 Migration Guide at https://errors.pydantic.dev/2.12/migration/
    class TeamResponse(BaseModel):

app\api\v1\routers\lookup.py:71
  C:\HB TRACK\Hb Track - Backend\app\api\v1\routers\lookup.py:71: PydanticDeprecatedSince20: Support for class-based `config` is deprecated, use ConfigDict instead. Deprecated in Pydantic V2.0 to be removed in V3.0. See Pydantic V2 Migration Guide at https://errors.pydantic.dev/2.12/migration/
    class SeasonResponse(BaseModel):

app\api\v1\routers\media.py:37
  C:\HB TRACK\Hb Track - Backend\app\api\v1\routers\media.py:37: PydanticDeprecatedSince20: Support for class-based `config` is deprecated, use ConfigDict instead. Deprecated in Pydantic V2.0 to be removed in V3.0. See Pydantic V2 Migration Guide at https://errors.pydantic.dev/2.12/migration/
    class CloudinarySignatureResponse(BaseModel):

app\schemas\exercise_tags.py:19
  C:\HB TRACK\Hb Track - Backend\app\schemas\exercise_tags.py:19: PydanticDeprecatedSince20: Support for class-based `config` is deprecated, use ConfigDict instead. Deprecated in Pydantic V2.0 to be removed in V3.0. See Pydantic V2 Migration Guide at https://errors.pydantic.dev/2.12/migration/
    class ExerciseTagResponse(ExerciseTagBase):

app\schemas\exercise_tags.py:29
  C:\HB TRACK\Hb Track - Backend\app\schemas\exercise_tags.py:29: PydanticDeprecatedSince20: The `update_forward_refs` method is deprecated; use `model_rebuild` instead. Deprecated in Pydantic V2.0 to be removed in V3.0. See Pydantic V2 Migration Guide at https://errors.pydantic.dev/2.12/migration/
    ExerciseTagResponse.update_forward_refs()

app\schemas\exercises.py:38
  C:\HB TRACK\Hb Track - Backend\app\schemas\exercises.py:38: PydanticDeprecatedSince20: Support for class-based `config` is deprecated, use ConfigDict instead. Deprecated in Pydantic V2.0 to be removed in V3.0. See Pydantic V2 Migration Guide at https://errors.pydantic.dev/2.12/migration/
    class ExerciseResponse(ExerciseBase):

app\schemas\exercises.py:58
  C:\HB TRACK\Hb Track - Backend\app\schemas\exercises.py:58: PydanticDeprecatedSince20: Support for class-based `config` is deprecated, use ConfigDict instead. Deprecated in Pydantic V2.0 to be removed in V3.0. See Pydantic V2 Migration Guide at https://errors.pydantic.dev/2.12/migration/
    class ExerciseACLResponse(BaseModel):

app\schemas\exercise_favorites.py:8
  C:\HB TRACK\Hb Track - Backend\app\schemas\exercise_favorites.py:8: PydanticDeprecatedSince20: Support for class-based `config` is deprecated, use ConfigDict instead. Deprecated in Pydantic V2.0 to be removed in V3.0. See Pydantic V2 Migration Guide at https://errors.pydantic.dev/2.12/migration/
    class ExerciseFavoriteResponse(BaseModel):

app\schemas\athletes_v2.py:198
  C:\HB TRACK\Hb Track - Backend\app\schemas\athletes_v2.py:198: PydanticDeprecatedSince20: Support for class-based `config` is deprecated, use ConfigDict instead. Deprecated in Pydantic V2.0 to be removed in V3.0. See Pydantic V2 Migration Guide at https://errors.pydantic.dev/2.12/migration/
    class AthleteResponse(BaseModel):

app\schemas\athletes_v2.py:279
  C:\HB TRACK\Hb Track - Backend\app\schemas\athletes_v2.py:279: PydanticDeprecatedSince20: Support for class-based `config` is deprecated, use ConfigDict instead. Deprecated in Pydantic V2.0 to be removed in V3.0. See Pydantic V2 Migration Guide at https://errors.pydantic.dev/2.12/migration/
    class AthleteStateHistoryResponse(BaseModel):

app\schemas\training_alerts.py:26
  C:\HB TRACK\Hb Track - Backend\app\schemas\training_alerts.py:26: PydanticDeprecatedSince20: Support for class-based `config` is deprecated, use ConfigDict instead. Deprecated in Pydantic V2.0 to be removed in V3.0. See Pydantic V2 Migration Guide at https://errors.pydantic.dev/2.12/migration/
    class AlertCreate(BaseModel):

app\schemas\training_alerts.py:51
  C:\HB TRACK\Hb Track - Backend\app\schemas\training_alerts.py:51: PydanticDeprecatedSince20: Support for class-based `config` is deprecated, use ConfigDict instead. Deprecated in Pydantic V2.0 to be removed in V3.0. See Pydantic V2 Migration Guide at https://errors.pydantic.dev/2.12/migration/
    class AlertUpdate(BaseModel):

app\schemas\training_alerts.py:63
  C:\HB TRACK\Hb Track - Backend\app\schemas\training_alerts.py:63: PydanticDeprecatedSince20: Support for class-based `config` is deprecated, use ConfigDict instead. Deprecated in Pydantic V2.0 to be removed in V3.0. See Pydantic V2 Migration Guide at https://errors.pydantic.dev/2.12/migration/
    class AlertResponse(BaseModel):

app\schemas\training_alerts.py:104
  C:\HB TRACK\Hb Track - Backend\app\schemas\training_alerts.py:104: PydanticDeprecatedSince20: Support for class-based `config` is deprecated, use ConfigDict instead. Deprecated in Pydantic V2.0 to be removed in V3.0. See Pydantic V2 Migration Guide at https://errors.pydantic.dev/2.12/migration/
    class AlertListResponse(BaseModel):

app\schemas\training_alerts.py:124
  C:\HB TRACK\Hb Track - Backend\app\schemas\training_alerts.py:124: PydanticDeprecatedSince20: Support for class-based `config` is deprecated, use ConfigDict instead. Deprecated in Pydantic V2.0 to be removed in V3.0. See Pydantic V2 Migration Guide at https://errors.pydantic.dev/2.12/migration/
    class AlertStatsResponse(BaseModel):

app\schemas\training_alerts.py:151
  C:\HB TRACK\Hb Track - Backend\app\schemas\training_alerts.py:151: PydanticDeprecatedSince20: Support for class-based `config` is deprecated, use ConfigDict instead. Deprecated in Pydantic V2.0 to be removed in V3.0. See Pydantic V2 Migration Guide at https://errors.pydantic.dev/2.12/migration/
    class AlertFilters(BaseModel):

app\schemas\training_analytics.py:54
  C:\HB TRACK\Hb Track - Backend\app\schemas\training_analytics.py:54: PydanticDeprecatedSince20: Support for class-based `config` is deprecated, use ConfigDict instead. Deprecated in Pydantic V2.0 to be removed in V3.0. See Pydantic V2 Migration Guide at https://errors.pydantic.dev/2.12/migration/
    class TeamSummaryResponse(BaseModel):

app\schemas\training_analytics.py:95
  C:\HB TRACK\Hb Track - Backend\app\schemas\training_analytics.py:95: PydanticDeprecatedSince20: Support for class-based `config` is deprecated, use ConfigDict instead. Deprecated in Pydantic V2.0 to be removed in V3.0. See Pydantic V2 Migration Guide at https://errors.pydantic.dev/2.12/migration/
    class WeeklyLoadResponse(BaseModel):

app\schemas\training_analytics.py:131
  C:\HB TRACK\Hb Track - Backend\app\schemas\training_analytics.py:131: PydanticDeprecatedSince20: Support for class-based `config` is deprecated, use ConfigDict instead. Deprecated in Pydantic V2.0 to be removed in V3.0. See Pydantic V2 Migration Guide at https://errors.pydantic.dev/2.12/migration/
    class DeviationAnalysisResponse(BaseModel):

app\schemas\dashboard.py:157
  C:\HB TRACK\Hb Track - Backend\app\schemas\dashboard.py:157: PydanticDeprecatedSince20: Support for class-based `config` is deprecated, use ConfigDict instead. Deprecated in Pydantic V2.0 to be removed in V3.0. See Pydantic V2 Migration Guide at https://errors.pydantic.dev/2.12/migration/
    class DashboardSummaryResponse(BaseModel):

app\schemas\exports.py:17
  C:\HB TRACK\Hb Track - Backend\app\schemas\exports.py:17: PydanticDeprecatedSince20: Support for class-based `config` is deprecated, use ConfigDict instead. Deprecated in Pydantic V2.0 to be removed in V3.0. See Pydantic V2 Migration Guide at https://errors.pydantic.dev/2.12/migration/
    class AnalyticsPDFExportRequest(BaseModel):

app\schemas\exports.py:46
  C:\HB TRACK\Hb Track - Backend\app\schemas\exports.py:46: PydanticDeprecatedSince20: Support for class-based `config` is deprecated, use ConfigDict instead. Deprecated in Pydantic V2.0 to be removed in V3.0. See Pydantic V2 Migration Guide at https://errors.pydantic.dev/2.12/migration/
    class AthleteDataExportRequest(BaseModel):

app\schemas\exports.py:69
  C:\HB TRACK\Hb Track - Backend\app\schemas\exports.py:69: PydanticDeprecatedSince20: Support for class-based `config` is deprecated, use ConfigDict instead. Deprecated in Pydantic V2.0 to be removed in V3.0. See Pydantic V2 Migration Guide at https://errors.pydantic.dev/2.12/migration/
    class ExportJobResponse(BaseModel):

app\schemas\exports.py:106
  C:\HB TRACK\Hb Track - Backend\app\schemas\exports.py:106: PydanticDeprecatedSince20: Support for class-based `config` is deprecated, use ConfigDict instead. Deprecated in Pydantic V2.0 to be removed in V3.0. See Pydantic V2 Migration Guide at https://errors.pydantic.dev/2.12/migration/
    class ExportJobListResponse(BaseModel):

app\schemas\exports.py:128
  C:\HB TRACK\Hb Track - Backend\app\schemas\exports.py:128: PydanticDeprecatedSince20: Support for class-based `config` is deprecated, use ConfigDict instead. Deprecated in Pydantic V2.0 to be removed in V3.0. See Pydantic V2 Migration Guide at https://errors.pydantic.dev/2.12/migration/
    class ExportRateLimitResponse(BaseModel):

app\main.py:316
  C:\HB TRACK\Hb Track - Backend\app\main.py:316: DeprecationWarning: 
          on_event is deprecated, use lifespan event handlers instead.
  
          Read more about it in the
          [FastAPI docs for Lifespan Events](https://fastapi.tiangolo.com/advanced/events/).
          
    @app.on_event("startup")

.venv\Lib\site-packages\fastapi\applications.py:4576
.venv\Lib\site-packages\fastapi\applications.py:4576
  C:\HB TRACK\Hb Track - Backend\.venv\Lib\site-packages\fastapi\applications.py:4576: DeprecationWarning: 
          on_event is deprecated, use lifespan event handlers instead.
  
          Read more about it in the
          [FastAPI docs for Lifespan Events](https://fastapi.tiangolo.com/advanced/events/).
          
    return self.router.on_event(event_type)

app\main.py:369
  C:\HB TRACK\Hb Track - Backend\app\main.py:369: DeprecationWarning: 
          on_event is deprecated, use lifespan event handlers instead.
  
          Read more about it in the
          [FastAPI docs for Lifespan Events](https://fastapi.tiangolo.com/advanced/events/).
          
    @app.on_event("shutdown")

-- Docs: https://docs.pytest.org/en/stable/how-to/capture-warnings.html
49 passed, 52 warnings in 1.72s


--- STDERR ---

