AR_ID: 212
Command: cd "Hb Track - Backend" && pytest -q tests/training/invariants/test_inv_train_053_soft_delete_exercise_no_break_historic.py tests/training/invariants/test_inv_train_060_org_exercise_default_restricted.py tests/training/invariants/test_inv_train_061_system_exercise_copy_not_edit.py tests/training/invariants/test_inv_train_062_exercise_visibility_required.py tests/training/invariants/test_inv_train_exb_acl_005_creator_implicit_access.py tests/training/invariants/test_inv_train_exb_acl_007_acl_change_no_retrobreak.py
Exit Code: 0
Timestamp UTC: 2026-03-03T12:47:43.641371+00:00
Behavior Hash (exit+stdout+stderr): 6a86838d0052b8003f4d7cf1b6e69c2804546ba8516fe8ac4a1d2ef91cae3647
Git HEAD: 142a1469efb1d530e4bd579fb2f134cd78754a7e
Python Version: 3.11.9
Protocol Version: 1.3.0
Workspace Clean: False
Workspace Status: unstaged_modified=6
Governed Checksums (sha256): {"Hb Track - Backend/docs/ssot/alembic_state.txt": "fa773c076fa74983ef8496b6ecb4eaf929af4828c6e5f5d43c54a3b46fc66667", "Hb Track - Backend/docs/ssot/schema.sql": "a9074201bd3d8dbd41a6e5b0f31206c5b18a4a51d3efeebc19d978c175140b4f", "Hb Track - Backend/tests/training/contracts/test_contract_train_097_100_presence_pending.py": "ef9a492b41a6908297f512693e9452849d29525c34adb043d56f17e8705ef719", "docs/hbtrack/Hb Track Kanban.md": "11bdf972a503b50e0693ae31df2a15fb9ef60a44064ce839bb5336e5a1d0cf9f", "docs/hbtrack/_INDEX.md": "17d7bfd908339a40d23cf6540ff9749d73cfc9fc381760a622d537e78c44b513", "docs/hbtrack/ars/features/AR_202_fix_inv-001_test_invalid_case_2_expects_wrong_cons.md": "f54f07eb5a297e0f977a9cab788bd8d42127817f421b074d4934193467a8a017", "docs/hbtrack/ars/features/AR_203_fix_inv-008_schema_path_tem_3_.parent_ao_invés_de_.md": "2e61fe51aeec0c5c75f3508acbd378e7001e76301f720e2f4b1b9567817c32e6", "docs/hbtrack/ars/features/AR_204_fix_inv-030_schema_path_tem_3_.parent_ao_invés_de_.md": "2ffb3f76b88d5a86d8003e1ad3711602731ed6b9080d90581284d26e4f7a6909", "docs/hbtrack/ars/features/AR_205_fix_inv-032_6_async_fixtures_usam_@pytest.fixture_.md": "9145edaab6bc45868e5b421d4c6cb329ebd0be6ccf3ba404e8d65ebf34775cb3", "docs/hbtrack/ars/features/AR_206_fix_contract-077-085_router_path_tem_3_.parent_ao_.md": "64a9ff7318955afb8fa3be2af20235212debcd836b017fe59a18bc5167d98929", "docs/hbtrack/ars/features/AR_207_flow_p0_evidence_flow-train-001..006_+_017_+_018_m.md": "49f4d5fa8fa6c299c60504f9ce5cbcc9e402421105476aed9cfd215c70bc1f3f", "docs/hbtrack/ars/features/AR_208_contract_p0_tests_contract-train-097..100_pre-conf.md": "2607da5dbe0f75c0fe6bfe84778ce5e0a5ec19b95ff2b97ab887dca0429c40fe", "docs/hbtrack/ars/features/AR_209_done_gate_sync_test_matrix_v1.8.0_+_smoke_batch9_5.md": "e7e67be4775005061a17456a07dd45665d0e59f5347f1edd2255d5693db90d58", "docs/hbtrack/ars/features/AR_211_sync_§5_test_matrix_~40_inv_pendente_→_coberto_not.md": "1fe732f09dd636ce5851a8719991bafe9ebffcd6fa41de97b3933798482b25a0", "docs/hbtrack/evidence/AR_207/executor_main.log": "115256f11d2574e6576b41c85b187c471369664bf4d17bf8e81ecf2ac50b935f", "docs/hbtrack/evidence/AR_208/executor_main.log": "3ced1ab4f702a38f14c2f73c6bd010c5d15a3d36b24277a23190fe83d184f8fd", "docs/hbtrack/evidence/AR_209/executor_main.log": "e6a07a093486f1c077a992da04ba81f2b40932bbc1cd6c075a6bd0c0fa0e8f3a", "docs/hbtrack/evidence/AR_211/executor_main.log": "4f1d2aab3dc98a15561745a7565f2b2d5714fc96aad8e67aa1ff75f51a9ea78d", "docs/hbtrack/modulos/treinos/AR_BACKLOG_TRAINING.md": "76fe96d158d6b96ecaf680c47fa3fb91a4d618ff3cb29530f69f625163e86f99", "docs/hbtrack/modulos/treinos/TEST_MATRIX_TRAINING.md": "08f145ec90457f409357b34f1e3323abcfa3bfaf955eec08326997daef761cc8", "docs/hbtrack/modulos/treinos/TRAINING_BATCH_PLAN_v1.md": "704a2c70b325dd4a1c8f3cc697fadbcba4159c6b0b07c171f715c22290c0b94a"}

--- STDOUT ---
...............                                                          [100%]
============================== warnings summary ===============================
app\main.py:23
app\main.py:23
app\main.py:23
app\main.py:23
app\main.py:23
app\main.py:23
app\main.py:23
  C:\HB TRACK\Hb Track - Backend\app\main.py:23: DeprecationWarning: 'HTTP_422_UNPROCESSABLE_ENTITY' is deprecated. Use 'HTTP_422_UNPROCESSABLE_CONTENT' instead.
    from app.core.exceptions import NotFoundError, ForbiddenError, ValidationError, ConflictError

app\schemas\training_alerts_step18.py:27
  C:\HB TRACK\Hb Track - Backend\app\schemas\training_alerts_step18.py:27: PydanticDeprecatedSince20: Support for class-based `config` is deprecated, use ConfigDict instead. Deprecated in Pydantic V2.0 to be removed in V3.0. See Pydantic V2 Migration Guide at https://errors.pydantic.dev/2.12/migration/
    class SuggestionCreate(BaseModel):

app\schemas\training_alerts_step18.py:49
  C:\HB TRACK\Hb Track - Backend\app\schemas\training_alerts_step18.py:49: PydanticDeprecatedSince20: Support for class-based `config` is deprecated, use ConfigDict instead. Deprecated in Pydantic V2.0 to be removed in V3.0. See Pydantic V2 Migration Guide at https://errors.pydantic.dev/2.12/migration/
    class SuggestionApply(BaseModel):

app\schemas\training_alerts_step18.py:69
  C:\HB TRACK\Hb Track - Backend\app\schemas\training_alerts_step18.py:69: PydanticDeprecatedSince20: Support for class-based `config` is deprecated, use ConfigDict instead. Deprecated in Pydantic V2.0 to be removed in V3.0. See Pydantic V2 Migration Guide at https://errors.pydantic.dev/2.12/migration/
    class SuggestionDismiss(BaseModel):

app\schemas\training_alerts_step18.py:81
  C:\HB TRACK\Hb Track - Backend\app\schemas\training_alerts_step18.py:81: PydanticDeprecatedSince20: Support for class-based `config` is deprecated, use ConfigDict instead. Deprecated in Pydantic V2.0 to be removed in V3.0. See Pydantic V2 Migration Guide at https://errors.pydantic.dev/2.12/migration/
    class SuggestionResponse(BaseModel):

app\schemas\training_alerts_step18.py:126
  C:\HB TRACK\Hb Track - Backend\app\schemas\training_alerts_step18.py:126: PydanticDeprecatedSince20: Support for class-based `config` is deprecated, use ConfigDict instead. Deprecated in Pydantic V2.0 to be removed in V3.0. See Pydantic V2 Migration Guide at https://errors.pydantic.dev/2.12/migration/
    class SuggestionListResponse(BaseModel):

app\schemas\training_alerts_step18.py:146
  C:\HB TRACK\Hb Track - Backend\app\schemas\training_alerts_step18.py:146: PydanticDeprecatedSince20: Support for class-based `config` is deprecated, use ConfigDict instead. Deprecated in Pydantic V2.0 to be removed in V3.0. See Pydantic V2 Migration Guide at https://errors.pydantic.dev/2.12/migration/
    class SuggestionStatsResponse(BaseModel):

app\schemas\training_alerts_step18.py:173
  C:\HB TRACK\Hb Track - Backend\app\schemas\training_alerts_step18.py:173: PydanticDeprecatedSince20: Support for class-based `config` is deprecated, use ConfigDict instead. Deprecated in Pydantic V2.0 to be removed in V3.0. See Pydantic V2 Migration Guide at https://errors.pydantic.dev/2.12/migration/
    class SuggestionFilters(BaseModel):

app\schemas\person.py:275
  C:\HB TRACK\Hb Track - Backend\app\schemas\person.py:275: PydanticDeprecatedSince20: Support for class-based `config` is deprecated, use ConfigDict instead. Deprecated in Pydantic V2.0 to be removed in V3.0. See Pydantic V2 Migration Guide at https://errors.pydantic.dev/2.12/migration/
    class PersonResponse(PersonBase, BaseResponseSchema, SoftDeleteMixin):

app\schemas\person.py:298
  C:\HB TRACK\Hb Track - Backend\app\schemas\person.py:298: PydanticDeprecatedSince20: Support for class-based `config` is deprecated, use ConfigDict instead. Deprecated in Pydantic V2.0 to be removed in V3.0. See Pydantic V2 Migration Guide at https://errors.pydantic.dev/2.12/migration/
    class PersonListResponse(BaseModel):

app\schemas\intake\ficha_unica.py:457
  C:\HB TRACK\Hb Track - Backend\app\schemas\intake\ficha_unica.py:457: PydanticDeprecatedSince20: Support for class-based `config` is deprecated, use ConfigDict instead. Deprecated in Pydantic V2.0 to be removed in V3.0. See Pydantic V2 Migration Guide at https://errors.pydantic.dev/2.12/migration/
    class FichaUnicaResponse(BaseModel):

app\schemas\intake\ficha_unica.py:551
  C:\HB TRACK\Hb Track - Backend\app\schemas\intake\ficha_unica.py:551: PydanticDeprecatedSince20: Support for class-based `config` is deprecated, use ConfigDict instead. Deprecated in Pydantic V2.0 to be removed in V3.0. See Pydantic V2 Migration Guide at https://errors.pydantic.dev/2.12/migration/
    class OrganizationAutocompleteItem(BaseModel):

app\schemas\intake\ficha_unica.py:567
  C:\HB TRACK\Hb Track - Backend\app\schemas\intake\ficha_unica.py:567: PydanticDeprecatedSince20: Support for class-based `config` is deprecated, use ConfigDict instead. Deprecated in Pydantic V2.0 to be removed in V3.0. See Pydantic V2 Migration Guide at https://errors.pydantic.dev/2.12/migration/
    class TeamAutocompleteItem(BaseModel):

app\api\v1\routers\lookup.py:29
  C:\HB TRACK\Hb Track - Backend\app\api\v1\routers\lookup.py:29: PydanticDeprecatedSince20: Support for class-based `config` is deprecated, use ConfigDict instead. Deprecated in Pydantic V2.0 to be removed in V3.0. See Pydantic V2 Migration Guide at https://errors.pydantic.dev/2.12/migration/
    class PositionResponse(BaseModel):

app\api\v1\routers\lookup.py:37
  C:\HB TRACK\Hb Track - Backend\app\api\v1\routers\lookup.py:37: PydanticDeprecatedSince20: Support for class-based `config` is deprecated, use ConfigDict instead. Deprecated in Pydantic V2.0 to be removed in V3.0. See Pydantic V2 Migration Guide at https://errors.pydantic.dev/2.12/migration/
    class CategoryResponse(BaseModel):

app\api\v1\routers\lookup.py:47
  C:\HB TRACK\Hb Track - Backend\app\api\v1\routers\lookup.py:47: PydanticDeprecatedSince20: Support for class-based `config` is deprecated, use ConfigDict instead. Deprecated in Pydantic V2.0 to be removed in V3.0. See Pydantic V2 Migration Guide at https://errors.pydantic.dev/2.12/migration/
    class SchoolingLevelResponse(BaseModel):

app\api\v1\routers\lookup.py:54
  C:\HB TRACK\Hb Track - Backend\app\api\v1\routers\lookup.py:54: PydanticDeprecatedSince20: Support for class-based `config` is deprecated, use ConfigDict instead. Deprecated in Pydantic V2.0 to be removed in V3.0. See Pydantic V2 Migration Guide at https://errors.pydantic.dev/2.12/migration/
    class OrganizationResponse(BaseModel):

app\api\v1\routers\lookup.py:61
  C:\HB TRACK\Hb Track - Backend\app\api\v1\routers\lookup.py:61: PydanticDeprecatedSince20: Support for class-based `config` is deprecated, use ConfigDict instead. Deprecated in Pydantic V2.0 to be removed in V3.0. See Pydantic V2 Migration Guide at https://errors.pydantic.dev/2.12/migration/
    class TeamResponse(BaseModel):

app\api\v1\routers\lookup.py:71
  C:\HB TRACK\Hb Track - Backend\app\api\v1\routers\lookup.py:71: PydanticDeprecatedSince20: Support for class-based `config` is deprecated, use ConfigDict instead. Deprecated in Pydantic V2.0 to be removed in V3.0. See Pydantic V2 Migration Guide at https://errors.pydantic.dev/2.12/migration/
    class SeasonResponse(BaseModel):

app\api\v1\routers\media.py:37
  C:\HB TRACK\Hb Track - Backend\app\api\v1\routers\media.py:37: PydanticDeprecatedSince20: Support for class-based `config` is deprecated, use ConfigDict instead. Deprecated in Pydantic V2.0 to be removed in V3.0. See Pydantic V2 Migration Guide at https://errors.pydantic.dev/2.12/migration/
    class CloudinarySignatureResponse(BaseModel):

app\schemas\exercise_tags.py:19
  C:\HB TRACK\Hb Track - Backend\app\schemas\exercise_tags.py:19: PydanticDeprecatedSince20: Support for class-based `config` is deprecated, use ConfigDict instead. Deprecated in Pydantic V2.0 to be removed in V3.0. See Pydantic V2 Migration Guide at https://errors.pydantic.dev/2.12/migration/
    class ExerciseTagResponse(ExerciseTagBase):

app\schemas\exercise_tags.py:29
  C:\HB TRACK\Hb Track - Backend\app\schemas\exercise_tags.py:29: PydanticDeprecatedSince20: The `update_forward_refs` method is deprecated; use `model_rebuild` instead. Deprecated in Pydantic V2.0 to be removed in V3.0. See Pydantic V2 Migration Guide at https://errors.pydantic.dev/2.12/migration/
    ExerciseTagResponse.update_forward_refs()

app\schemas\exercises.py:38
  C:\HB TRACK\Hb Track - Backend\app\schemas\exercises.py:38: PydanticDeprecatedSince20: Support for class-based `config` is deprecated, use ConfigDict instead. Deprecated in Pydantic V2.0 to be removed in V3.0. See Pydantic V2 Migration Guide at https://errors.pydantic.dev/2.12/migration/
    class ExerciseResponse(ExerciseBase):

app\schemas\exercises.py:58
  C:\HB TRACK\Hb Track - Backend\app\schemas\exercises.py:58: PydanticDeprecatedSince20: Support for class-based `config` is deprecated, use ConfigDict instead. Deprecated in Pydantic V2.0 to be removed in V3.0. See Pydantic V2 Migration Guide at https://errors.pydantic.dev/2.12/migration/
    class ExerciseACLResponse(BaseModel):

app\schemas\exercise_favorites.py:8
  C:\HB TRACK\Hb Track - Backend\app\schemas\exercise_favorites.py:8: PydanticDeprecatedSince20: Support for class-based `config` is deprecated, use ConfigDict instead. Deprecated in Pydantic V2.0 to be removed in V3.0. See Pydantic V2 Migration Guide at https://errors.pydantic.dev/2.12/migration/
    class ExerciseFavoriteResponse(BaseModel):

app\schemas\athletes_v2.py:198
  C:\HB TRACK\Hb Track - Backend\app\schemas\athletes_v2.py:198: PydanticDeprecatedSince20: Support for class-based `config` is deprecated, use ConfigDict instead. Deprecated in Pydantic V2.0 to be removed in V3.0. See Pydantic V2 Migration Guide at https://errors.pydantic.dev/2.12/migration/
    class AthleteResponse(BaseModel):

app\schemas\athletes_v2.py:279
  C:\HB TRACK\Hb Track - Backend\app\schemas\athletes_v2.py:279: PydanticDeprecatedSince20: Support for class-based `config` is deprecated, use ConfigDict instead. Deprecated in Pydantic V2.0 to be removed in V3.0. See Pydantic V2 Migration Guide at https://errors.pydantic.dev/2.12/migration/
    class AthleteStateHistoryResponse(BaseModel):

app\schemas\training_alerts.py:26
  C:\HB TRACK\Hb Track - Backend\app\schemas\training_alerts.py:26: PydanticDeprecatedSince20: Support for class-based `config` is deprecated, use ConfigDict instead. Deprecated in Pydantic V2.0 to be removed in V3.0. See Pydantic V2 Migration Guide at https://errors.pydantic.dev/2.12/migration/
    class AlertCreate(BaseModel):

app\schemas\training_alerts.py:51
  C:\HB TRACK\Hb Track - Backend\app\schemas\training_alerts.py:51: PydanticDeprecatedSince20: Support for class-based `config` is deprecated, use ConfigDict instead. Deprecated in Pydantic V2.0 to be removed in V3.0. See Pydantic V2 Migration Guide at https://errors.pydantic.dev/2.12/migration/
    class AlertUpdate(BaseModel):

app\schemas\training_alerts.py:63
  C:\HB TRACK\Hb Track - Backend\app\schemas\training_alerts.py:63: PydanticDeprecatedSince20: Support for class-based `config` is deprecated, use ConfigDict instead. Deprecated in Pydantic V2.0 to be removed in V3.0. See Pydantic V2 Migration Guide at https://errors.pydantic.dev/2.12/migration/
    class AlertResponse(BaseModel):

app\schemas\training_alerts.py:104
  C:\HB TRACK\Hb Track - Backend\app\schemas\training_alerts.py:104: PydanticDeprecatedSince20: Support for class-based `config` is deprecated, use ConfigDict instead. Deprecated in Pydantic V2.0 to be removed in V3.0. See Pydantic V2 Migration Guide at https://errors.pydantic.dev/2.12/migration/
    class AlertListResponse(BaseModel):

app\schemas\training_alerts.py:124
  C:\HB TRACK\Hb Track - Backend\app\schemas\training_alerts.py:124: PydanticDeprecatedSince20: Support for class-based `config` is deprecated, use ConfigDict instead. Deprecated in Pydantic V2.0 to be removed in V3.0. See Pydantic V2 Migration Guide at https://errors.pydantic.dev/2.12/migration/
    class AlertStatsResponse(BaseModel):

app\schemas\training_alerts.py:151
  C:\HB TRACK\Hb Track - Backend\app\schemas\training_alerts.py:151: PydanticDeprecatedSince20: Support for class-based `config` is deprecated, use ConfigDict instead. Deprecated in Pydantic V2.0 to be removed in V3.0. See Pydantic V2 Migration Guide at https://errors.pydantic.dev/2.12/migration/
    class AlertFilters(BaseModel):

app\schemas\training_analytics.py:54
  C:\HB TRACK\Hb Track - Backend\app\schemas\training_analytics.py:54: PydanticDeprecatedSince20: Support for class-based `config` is deprecated, use ConfigDict instead. Deprecated in Pydantic V2.0 to be removed in V3.0. See Pydantic V2 Migration Guide at https://errors.pydantic.dev/2.12/migration/
    class TeamSummaryResponse(BaseModel):

app\schemas\training_analytics.py:95
  C:\HB TRACK\Hb Track - Backend\app\schemas\training_analytics.py:95: PydanticDeprecatedSince20: Support for class-based `config` is deprecated, use ConfigDict instead. Deprecated in Pydantic V2.0 to be removed in V3.0. See Pydantic V2 Migration Guide at https://errors.pydantic.dev/2.12/migration/
    class WeeklyLoadResponse(BaseModel):

app\schemas\training_analytics.py:131
  C:\HB TRACK\Hb Track - Backend\app\schemas\training_analytics.py:131: PydanticDeprecatedSince20: Support for class-based `config` is deprecated, use ConfigDict instead. Deprecated in Pydantic V2.0 to be removed in V3.0. See Pydantic V2 Migration Guide at https://errors.pydantic.dev/2.12/migration/
    class DeviationAnalysisResponse(BaseModel):

app\schemas\dashboard.py:157
  C:\HB TRACK\Hb Track - Backend\app\schemas\dashboard.py:157: PydanticDeprecatedSince20: Support for class-based `config` is deprecated, use ConfigDict instead. Deprecated in Pydantic V2.0 to be removed in V3.0. See Pydantic V2 Migration Guide at https://errors.pydantic.dev/2.12/migration/
    class DashboardSummaryResponse(BaseModel):

app\schemas\exports.py:17
  C:\HB TRACK\Hb Track - Backend\app\schemas\exports.py:17: PydanticDeprecatedSince20: Support for class-based `config` is deprecated, use ConfigDict instead. Deprecated in Pydantic V2.0 to be removed in V3.0. See Pydantic V2 Migration Guide at https://errors.pydantic.dev/2.12/migration/
    class AnalyticsPDFExportRequest(BaseModel):

app\schemas\exports.py:46
  C:\HB TRACK\Hb Track - Backend\app\schemas\exports.py:46: PydanticDeprecatedSince20: Support for class-based `config` is deprecated, use ConfigDict instead. Deprecated in Pydantic V2.0 to be removed in V3.0. See Pydantic V2 Migration Guide at https://errors.pydantic.dev/2.12/migration/
    class AthleteDataExportRequest(BaseModel):

app\schemas\exports.py:69
  C:\HB TRACK\Hb Track - Backend\app\schemas\exports.py:69: PydanticDeprecatedSince20: Support for class-based `config` is deprecated, use ConfigDict instead. Deprecated in Pydantic V2.0 to be removed in V3.0. See Pydantic V2 Migration Guide at https://errors.pydantic.dev/2.12/migration/
    class ExportJobResponse(BaseModel):

app\schemas\exports.py:106
  C:\HB TRACK\Hb Track - Backend\app\schemas\exports.py:106: PydanticDeprecatedSince20: Support for class-based `config` is deprecated, use ConfigDict instead. Deprecated in Pydantic V2.0 to be removed in V3.0. See Pydantic V2 Migration Guide at https://errors.pydantic.dev/2.12/migration/
    class ExportJobListResponse(BaseModel):

app\schemas\exports.py:128
  C:\HB TRACK\Hb Track - Backend\app\schemas\exports.py:128: PydanticDeprecatedSince20: Support for class-based `config` is deprecated, use ConfigDict instead. Deprecated in Pydantic V2.0 to be removed in V3.0. See Pydantic V2 Migration Guide at https://errors.pydantic.dev/2.12/migration/
    class ExportRateLimitResponse(BaseModel):

app\main.py:316
  C:\HB TRACK\Hb Track - Backend\app\main.py:316: DeprecationWarning: 
          on_event is deprecated, use lifespan event handlers instead.
  
          Read more about it in the
          [FastAPI docs for Lifespan Events](https://fastapi.tiangolo.com/advanced/events/).
          
    @app.on_event("startup")

.venv\Lib\site-packages\fastapi\applications.py:4576
.venv\Lib\site-packages\fastapi\applications.py:4576
  C:\HB TRACK\Hb Track - Backend\.venv\Lib\site-packages\fastapi\applications.py:4576: DeprecationWarning: 
          on_event is deprecated, use lifespan event handlers instead.
  
          Read more about it in the
          [FastAPI docs for Lifespan Events](https://fastapi.tiangolo.com/advanced/events/).
          
    return self.router.on_event(event_type)

app\main.py:369
  C:\HB TRACK\Hb Track - Backend\app\main.py:369: DeprecationWarning: 
          on_event is deprecated, use lifespan event handlers instead.
  
          Read more about it in the
          [FastAPI docs for Lifespan Events](https://fastapi.tiangolo.com/advanced/events/).
          
    @app.on_event("shutdown")

-- Docs: https://docs.pytest.org/en/stable/how-to/capture-warnings.html
15 passed, 52 warnings in 2.66s


--- STDERR ---

