AR_ID: 219
Command: cd "Hb Track - Backend" && pytest -q tests/training/invariants/test_dec_train_001_004_wellness_exports.py tests/training/invariants/test_dec_train_exb_rbac_scope_acl.py
Exit Code: 0
Timestamp UTC: 2026-03-03T16:11:53.622984+00:00
Behavior Hash (exit+stdout+stderr): 81ddd421292a01802cde4e4bc775efe2e8059c2e8a388e7a0e9537b555ca5392
Git HEAD: 142a1469efb1d530e4bd579fb2f134cd78754a7e
Python Version: 3.11.9
Protocol Version: 1.3.0
Workspace Clean: False
Workspace Status: unstaged_modified=12
Governed Checksums (sha256): {"Hb Track - Backend/docs/ssot/alembic_state.txt": "3406af2ca8d9cc8c89c7e17b447506980c9aaaa2b2af0bc2f69e9b7c5fb0ecdc", "Hb Track - Backend/docs/ssot/schema.sql": "bf2867d0361fc862cdd36f154492035f000f96aa7e85a16f698a94e1d5573450", "Hb Track - Backend/tests/training/contracts/test_contract_train_001_012_sessions_crud.py": "b6407dec5a54341207ede67c69ff85b6808a9ac1666beab04838435ab9950096", "Hb Track - Backend/tests/training/contracts/test_contract_train_013_028_teams_attendance.py": "b56b70c1ca463003886eb902c457b187aca14b6525f14659048c6b6a8c9ddcb3", "Hb Track - Backend/tests/training/contracts/test_contract_train_029_039_wellness.py": "e9584393c1915726fe4c20f6c59c0b79d2b4b2e7f4957d1307ad8022273fd060", "Hb Track - Backend/tests/training/contracts/test_contract_train_040_072_ciclos_exercises.py": "4d694088088d160edc172857f4ba40ffdc0c6f520912b314b856e75a423d69d6", "Hb Track - Backend/tests/training/contracts/test_contract_train_086_095_exports_acl.py": "8211a3a7512b79d355ffaa3320e3a79898e1d37abed2bcb9bc8851b684c44056", "Hb Track - Backend/tests/training/contracts/test_contract_train_096_101_105_ia_athlete.py": "5e1618ff4db714a9ed82f9863f6fedbb811e6be51f3ce24ccd2953b58eef5f29", "Hb Track - Backend/tests/training/contracts/test_contract_train_097_100_presence_pending.py": "ef9a492b41a6908297f512693e9452849d29525c34adb043d56f17e8705ef719", "Hb Track - Backend/tests/training/invariants/test_inv_train_053_soft_delete_exercise_no_break_historic.py": "13d91110933705dfab95e0e87109d92408adfd53246a949be4a0be82cdc03e6c", "Hb Track - Backend/tests/training/invariants/test_inv_train_060_org_exercise_default_restricted.py": "703f51f671a7fa90251baeb2413e00aebdd3d7a58b4108953f11c97c658921bc", "Hb Track - Backend/tests/training/invariants/test_inv_train_061_system_exercise_copy_not_edit.py": "64ec9773ba8771a8a9955a502df08433a1207dccfbd593525d84c625fcf5521e", "Hb Track - Backend/tests/training/invariants/test_inv_train_062_exercise_visibility_required.py": "c5e61f15d4a45590e558e6f5a73ce69cf1f618eeeec7ac809999bb655b227bee", "Hb Track - Backend/tests/training/invariants/test_inv_train_exb_acl_005_creator_implicit_access.py": "fa9e40b4616502050c44c05175384da43e521364f545edc10b28fd8ad35ca439", "Hb Track - Backend/tests/training/invariants/test_inv_train_exb_acl_007_acl_change_no_retrobreak.py": "b50575a95bd19c6e1a86f41a3f7d4864c7214e9c34177d2591f2b3cc247e9984", "docs/hbtrack/Hb Track Kanban.md": "bc790163ecc7e4c0bacb9cca4c8b59d91f39a5fe904479860aa4a4f5caf55d70", "docs/hbtrack/_INDEX.md": "37519f9571c7ef53d797d92d81456a6770ff974958d454508e929aab10a235e4", "docs/hbtrack/ars/features/AR_202_fix_inv-001_test_invalid_case_2_expects_wrong_cons.md": "f54f07eb5a297e0f977a9cab788bd8d42127817f421b074d4934193467a8a017", "docs/hbtrack/ars/features/AR_203_fix_inv-008_schema_path_tem_3_.parent_ao_invés_de_.md": "2e61fe51aeec0c5c75f3508acbd378e7001e76301f720e2f4b1b9567817c32e6", "docs/hbtrack/ars/features/AR_204_fix_inv-030_schema_path_tem_3_.parent_ao_invés_de_.md": "2ffb3f76b88d5a86d8003e1ad3711602731ed6b9080d90581284d26e4f7a6909", "docs/hbtrack/ars/features/AR_205_fix_inv-032_6_async_fixtures_usam_@pytest.fixture_.md": "9145edaab6bc45868e5b421d4c6cb329ebd0be6ccf3ba404e8d65ebf34775cb3", "docs/hbtrack/ars/features/AR_206_fix_contract-077-085_router_path_tem_3_.parent_ao_.md": "64a9ff7318955afb8fa3be2af20235212debcd836b017fe59a18bc5167d98929", "docs/hbtrack/ars/features/AR_207_flow_p0_evidence_flow-train-001..006_+_017_+_018_m.md": "49f4d5fa8fa6c299c60504f9ce5cbcc9e402421105476aed9cfd215c70bc1f3f", "docs/hbtrack/ars/features/AR_208_contract_p0_tests_contract-train-097..100_pre-conf.md": "2607da5dbe0f75c0fe6bfe84778ce5e0a5ec19b95ff2b97ab887dca0429c40fe", "docs/hbtrack/ars/features/AR_209_done_gate_sync_test_matrix_v1.8.0_+_smoke_batch9_5.md": "e7e67be4775005061a17456a07dd45665d0e59f5347f1edd2255d5693db90d58", "docs/hbtrack/ars/features/AR_211_sync_§5_test_matrix_~40_inv_pendente_→_coberto_not.md": "e30397119196f1d9053dc47efbcbb1481cfa28d00e79c456fad080be6de94b74", "docs/hbtrack/ars/features/AR_212_criar_6_testes_ausentes_inv-053_060_061_062_exb-ac.md": "7821cce4fb7dfd449b949c394cc038c58b6cfd72a2409606338e1a400843c6b9", "docs/hbtrack/ars/features/AR_213_executar_not_run_inv_evidence_batch13.md": "cb3d99d6d9dddeeffe6c5e50c422e11d363955b1fedf2c9cc0076a16b8df780d", "docs/hbtrack/ars/features/AR_214_contract_tests_sessions_crud_contract_001_012.md": "63f5a3bcbef857a262068e2ae529dfa110046fb2445ddcca22e10cdcbc060f69", "docs/hbtrack/ars/features/AR_215_contract_tests_teams_attendance_contract_013_028.md": "ae1ec6363d2157e38ba60ace1c1267f9c0d7caf3f4cbc9b5167d23b97f4f378c", "docs/hbtrack/ars/features/AR_216_contract_tests_wellness_pre_post_contract_029_039.md": "f54f8914e4e52dcdd42705a8b88e480c4712787c1d60b1d0b0eb0dcaeb73b3c6", "docs/hbtrack/ars/features/AR_217_contract_tests_ciclos_exercises_analytics_export.md": "2409565553ed333ec88473f82bcd256c1ac42595b58f8990ffc02f8840a02ea3", "docs/hbtrack/ars/features/AR_218_contract_tests_ia_coach_athlete_view_096_101_105.md": "30c4d2c010c69f0004f3f7e9aab3dd908d8d09e0e3d08490b5b016b71f0bdb2e", "docs/hbtrack/ars/features/AR_219_dec_tests_train_001_004_exb_rbac_ar_train_040.md": "8bd02725cf1f1e6da6153902416930ea0eed734693c95243ab4258324824ffe6", "docs/hbtrack/ars/features/AR_220_flows_p1_manual_guiado_007_016_019_021_ar_train_041.md": "1b13fb177103cdb2187fc0e48d728773525daad60ed33ac6cd58323ae2cf5242", "docs/hbtrack/ars/features/AR_221_screens_smoke_manual_guiado_001_025_ar_train_042.md": "336fe242df7cfa6d0c584b653140af9cf61eae6bdfa286b5441efe5787be0a3b", "docs/hbtrack/evidence/AR_207/executor_main.log": "115256f11d2574e6576b41c85b187c471369664bf4d17bf8e81ecf2ac50b935f", "docs/hbtrack/evidence/AR_208/executor_main.log": "3ced1ab4f702a38f14c2f73c6bd010c5d15a3d36b24277a23190fe83d184f8fd", "docs/hbtrack/evidence/AR_209/executor_main.log": "e6a07a093486f1c077a992da04ba81f2b40932bbc1cd6c075a6bd0c0fa0e8f3a", "docs/hbtrack/evidence/AR_211/executor_main.log": "4f1d2aab3dc98a15561745a7565f2b2d5714fc96aad8e67aa1ff75f51a9ea78d", "docs/hbtrack/evidence/AR_212/executor_main.log": "5b388a1a6f21ef7eb4e52288086baa76d33f08d28913d6ad2da44326e9e1be8a", "docs/hbtrack/evidence/AR_213/executor_main.log": "b066cb7e1dbb0356e9e5baeb7e29e63587fb1913feb2a61ac27700bb3db7feb1", "docs/hbtrack/evidence/AR_214/executor_main.log": "97c95ab9474d12e43b04a43baf09db0533225a7bc8b445cbac950cca5c7aa3a0", "docs/hbtrack/evidence/AR_215/executor_main.log": "29b50b1b9ce876b15c610355bc78809a55bf7ba86bddb93395bfc94eed2e40dd", "docs/hbtrack/evidence/AR_216/executor_main.log": "afde562d98147a7639ea3c749890a14a878221a95605a0e76903dd6552304789", "docs/hbtrack/evidence/AR_217/executor_main.log": "2ff6f0fd0cdaccc19711a073cf5df5b889cced7c8288acb908f32f8f1c5cd80d", "docs/hbtrack/evidence/AR_218/executor_main.log": "0a7d9222180ab9ed7c340d595559dcb2f0c93358443a28ae8f426e74ad9a7808", "docs/hbtrack/modulos/treinos/AR_BACKLOG_TRAINING.md": "e43e535a673f6be737be6e2c0d9a5eab1dc17919f205036e7a1fcbf103e249b6", "docs/hbtrack/modulos/treinos/TEST_MATRIX_TRAINING.md": "ffa735f60b5c42ce3246a0a62617233173526079dc5582a59e4141ac5a698afe", "docs/hbtrack/modulos/treinos/TRAINING_BATCH_PLAN_v1.md": "704a2c70b325dd4a1c8f3cc697fadbcba4159c6b0b07c171f715c22290c0b94a"}

--- STDOUT ---
.............................................                            [100%]
============================== warnings summary ===============================
app\main.py:23
app\main.py:23
app\main.py:23
app\main.py:23
app\main.py:23
app\main.py:23
app\main.py:23
  C:\HB TRACK\Hb Track - Backend\app\main.py:23: DeprecationWarning: 'HTTP_422_UNPROCESSABLE_ENTITY' is deprecated. Use 'HTTP_422_UNPROCESSABLE_CONTENT' instead.
    from app.core.exceptions import NotFoundError, ForbiddenError, ValidationError, ConflictError

app\schemas\training_alerts_step18.py:27
  C:\HB TRACK\Hb Track - Backend\app\schemas\training_alerts_step18.py:27: PydanticDeprecatedSince20: Support for class-based `config` is deprecated, use ConfigDict instead. Deprecated in Pydantic V2.0 to be removed in V3.0. See Pydantic V2 Migration Guide at https://errors.pydantic.dev/2.12/migration/
    class SuggestionCreate(BaseModel):

app\schemas\training_alerts_step18.py:49
  C:\HB TRACK\Hb Track - Backend\app\schemas\training_alerts_step18.py:49: PydanticDeprecatedSince20: Support for class-based `config` is deprecated, use ConfigDict instead. Deprecated in Pydantic V2.0 to be removed in V3.0. See Pydantic V2 Migration Guide at https://errors.pydantic.dev/2.12/migration/
    class SuggestionApply(BaseModel):

app\schemas\training_alerts_step18.py:69
  C:\HB TRACK\Hb Track - Backend\app\schemas\training_alerts_step18.py:69: PydanticDeprecatedSince20: Support for class-based `config` is deprecated, use ConfigDict instead. Deprecated in Pydantic V2.0 to be removed in V3.0. See Pydantic V2 Migration Guide at https://errors.pydantic.dev/2.12/migration/
    class SuggestionDismiss(BaseModel):

app\schemas\training_alerts_step18.py:81
  C:\HB TRACK\Hb Track - Backend\app\schemas\training_alerts_step18.py:81: PydanticDeprecatedSince20: Support for class-based `config` is deprecated, use ConfigDict instead. Deprecated in Pydantic V2.0 to be removed in V3.0. See Pydantic V2 Migration Guide at https://errors.pydantic.dev/2.12/migration/
    class SuggestionResponse(BaseModel):

app\schemas\training_alerts_step18.py:126
  C:\HB TRACK\Hb Track - Backend\app\schemas\training_alerts_step18.py:126: PydanticDeprecatedSince20: Support for class-based `config` is deprecated, use ConfigDict instead. Deprecated in Pydantic V2.0 to be removed in V3.0. See Pydantic V2 Migration Guide at https://errors.pydantic.dev/2.12/migration/
    class SuggestionListResponse(BaseModel):

app\schemas\training_alerts_step18.py:146
  C:\HB TRACK\Hb Track - Backend\app\schemas\training_alerts_step18.py:146: PydanticDeprecatedSince20: Support for class-based `config` is deprecated, use ConfigDict instead. Deprecated in Pydantic V2.0 to be removed in V3.0. See Pydantic V2 Migration Guide at https://errors.pydantic.dev/2.12/migration/
    class SuggestionStatsResponse(BaseModel):

app\schemas\training_alerts_step18.py:173
  C:\HB TRACK\Hb Track - Backend\app\schemas\training_alerts_step18.py:173: PydanticDeprecatedSince20: Support for class-based `config` is deprecated, use ConfigDict instead. Deprecated in Pydantic V2.0 to be removed in V3.0. See Pydantic V2 Migration Guide at https://errors.pydantic.dev/2.12/migration/
    class SuggestionFilters(BaseModel):

app\schemas\person.py:275
  C:\HB TRACK\Hb Track - Backend\app\schemas\person.py:275: PydanticDeprecatedSince20: Support for class-based `config` is deprecated, use ConfigDict instead. Deprecated in Pydantic V2.0 to be removed in V3.0. See Pydantic V2 Migration Guide at https://errors.pydantic.dev/2.12/migration/
    class PersonResponse(PersonBase, BaseResponseSchema, SoftDeleteMixin):

app\schemas\person.py:298
  C:\HB TRACK\Hb Track - Backend\app\schemas\person.py:298: PydanticDeprecatedSince20: Support for class-based `config` is deprecated, use ConfigDict instead. Deprecated in Pydantic V2.0 to be removed in V3.0. See Pydantic V2 Migration Guide at https://errors.pydantic.dev/2.12/migration/
    class PersonListResponse(BaseModel):

app\schemas\intake\ficha_unica.py:457
  C:\HB TRACK\Hb Track - Backend\app\schemas\intake\ficha_unica.py:457: PydanticDeprecatedSince20: Support for class-based `config` is deprecated, use ConfigDict instead. Deprecated in Pydantic V2.0 to be removed in V3.0. See Pydantic V2 Migration Guide at https://errors.pydantic.dev/2.12/migration/
    class FichaUnicaResponse(BaseModel):

app\schemas\intake\ficha_unica.py:551
  C:\HB TRACK\Hb Track - Backend\app\schemas\intake\ficha_unica.py:551: PydanticDeprecatedSince20: Support for class-based `config` is deprecated, use ConfigDict instead. Deprecated in Pydantic V2.0 to be removed in V3.0. See Pydantic V2 Migration Guide at https://errors.pydantic.dev/2.12/migration/
    class OrganizationAutocompleteItem(BaseModel):

app\schemas\intake\ficha_unica.py:567
  C:\HB TRACK\Hb Track - Backend\app\schemas\intake\ficha_unica.py:567: PydanticDeprecatedSince20: Support for class-based `config` is deprecated, use ConfigDict instead. Deprecated in Pydantic V2.0 to be removed in V3.0. See Pydantic V2 Migration Guide at https://errors.pydantic.dev/2.12/migration/
    class TeamAutocompleteItem(BaseModel):

app\api\v1\routers\lookup.py:29
  C:\HB TRACK\Hb Track - Backend\app\api\v1\routers\lookup.py:29: PydanticDeprecatedSince20: Support for class-based `config` is deprecated, use ConfigDict instead. Deprecated in Pydantic V2.0 to be removed in V3.0. See Pydantic V2 Migration Guide at https://errors.pydantic.dev/2.12/migration/
    class PositionResponse(BaseModel):

app\api\v1\routers\lookup.py:37
  C:\HB TRACK\Hb Track - Backend\app\api\v1\routers\lookup.py:37: PydanticDeprecatedSince20: Support for class-based `config` is deprecated, use ConfigDict instead. Deprecated in Pydantic V2.0 to be removed in V3.0. See Pydantic V2 Migration Guide at https://errors.pydantic.dev/2.12/migration/
    class CategoryResponse(BaseModel):

app\api\v1\routers\lookup.py:47
  C:\HB TRACK\Hb Track - Backend\app\api\v1\routers\lookup.py:47: PydanticDeprecatedSince20: Support for class-based `config` is deprecated, use ConfigDict instead. Deprecated in Pydantic V2.0 to be removed in V3.0. See Pydantic V2 Migration Guide at https://errors.pydantic.dev/2.12/migration/
    class SchoolingLevelResponse(BaseModel):

app\api\v1\routers\lookup.py:54
  C:\HB TRACK\Hb Track - Backend\app\api\v1\routers\lookup.py:54: PydanticDeprecatedSince20: Support for class-based `config` is deprecated, use ConfigDict instead. Deprecated in Pydantic V2.0 to be removed in V3.0. See Pydantic V2 Migration Guide at https://errors.pydantic.dev/2.12/migration/
    class OrganizationResponse(BaseModel):

app\api\v1\routers\lookup.py:61
  C:\HB TRACK\Hb Track - Backend\app\api\v1\routers\lookup.py:61: PydanticDeprecatedSince20: Support for class-based `config` is deprecated, use ConfigDict instead. Deprecated in Pydantic V2.0 to be removed in V3.0. See Pydantic V2 Migration Guide at https://errors.pydantic.dev/2.12/migration/
    class TeamResponse(BaseModel):

app\api\v1\routers\lookup.py:71
  C:\HB TRACK\Hb Track - Backend\app\api\v1\routers\lookup.py:71: PydanticDeprecatedSince20: Support for class-based `config` is deprecated, use ConfigDict instead. Deprecated in Pydantic V2.0 to be removed in V3.0. See Pydantic V2 Migration Guide at https://errors.pydantic.dev/2.12/migration/
    class SeasonResponse(BaseModel):

app\api\v1\routers\media.py:37
  C:\HB TRACK\Hb Track - Backend\app\api\v1\routers\media.py:37: PydanticDeprecatedSince20: Support for class-based `config` is deprecated, use ConfigDict instead. Deprecated in Pydantic V2.0 to be removed in V3.0. See Pydantic V2 Migration Guide at https://errors.pydantic.dev/2.12/migration/
    class CloudinarySignatureResponse(BaseModel):

app\schemas\exercise_tags.py:19
  C:\HB TRACK\Hb Track - Backend\app\schemas\exercise_tags.py:19: PydanticDeprecatedSince20: Support for class-based `config` is deprecated, use ConfigDict instead. Deprecated in Pydantic V2.0 to be removed in V3.0. See Pydantic V2 Migration Guide at https://errors.pydantic.dev/2.12/migration/
    class ExerciseTagResponse(ExerciseTagBase):

app\schemas\exercise_tags.py:29
  C:\HB TRACK\Hb Track - Backend\app\schemas\exercise_tags.py:29: PydanticDeprecatedSince20: The `update_forward_refs` method is deprecated; use `model_rebuild` instead. Deprecated in Pydantic V2.0 to be removed in V3.0. See Pydantic V2 Migration Guide at https://errors.pydantic.dev/2.12/migration/
    ExerciseTagResponse.update_forward_refs()

app\schemas\exercises.py:38
  C:\HB TRACK\Hb Track - Backend\app\schemas\exercises.py:38: PydanticDeprecatedSince20: Support for class-based `config` is deprecated, use ConfigDict instead. Deprecated in Pydantic V2.0 to be removed in V3.0. See Pydantic V2 Migration Guide at https://errors.pydantic.dev/2.12/migration/
    class ExerciseResponse(ExerciseBase):

app\schemas\exercises.py:58
  C:\HB TRACK\Hb Track - Backend\app\schemas\exercises.py:58: PydanticDeprecatedSince20: Support for class-based `config` is deprecated, use ConfigDict instead. Deprecated in Pydantic V2.0 to be removed in V3.0. See Pydantic V2 Migration Guide at https://errors.pydantic.dev/2.12/migration/
    class ExerciseACLResponse(BaseModel):

app\schemas\exercise_favorites.py:8
  C:\HB TRACK\Hb Track - Backend\app\schemas\exercise_favorites.py:8: PydanticDeprecatedSince20: Support for class-based `config` is deprecated, use ConfigDict instead. Deprecated in Pydantic V2.0 to be removed in V3.0. See Pydantic V2 Migration Guide at https://errors.pydantic.dev/2.12/migration/
    class ExerciseFavoriteResponse(BaseModel):

app\schemas\athletes_v2.py:198
  C:\HB TRACK\Hb Track - Backend\app\schemas\athletes_v2.py:198: PydanticDeprecatedSince20: Support for class-based `config` is deprecated, use ConfigDict instead. Deprecated in Pydantic V2.0 to be removed in V3.0. See Pydantic V2 Migration Guide at https://errors.pydantic.dev/2.12/migration/
    class AthleteResponse(BaseModel):

app\schemas\athletes_v2.py:279
  C:\HB TRACK\Hb Track - Backend\app\schemas\athletes_v2.py:279: PydanticDeprecatedSince20: Support for class-based `config` is deprecated, use ConfigDict instead. Deprecated in Pydantic V2.0 to be removed in V3.0. See Pydantic V2 Migration Guide at https://errors.pydantic.dev/2.12/migration/
    class AthleteStateHistoryResponse(BaseModel):

app\schemas\training_alerts.py:26
  C:\HB TRACK\Hb Track - Backend\app\schemas\training_alerts.py:26: PydanticDeprecatedSince20: Support for class-based `config` is deprecated, use ConfigDict instead. Deprecated in Pydantic V2.0 to be removed in V3.0. See Pydantic V2 Migration Guide at https://errors.pydantic.dev/2.12/migration/
    class AlertCreate(BaseModel):

app\schemas\training_alerts.py:51
  C:\HB TRACK\Hb Track - Backend\app\schemas\training_alerts.py:51: PydanticDeprecatedSince20: Support for class-based `config` is deprecated, use ConfigDict instead. Deprecated in Pydantic V2.0 to be removed in V3.0. See Pydantic V2 Migration Guide at https://errors.pydantic.dev/2.12/migration/
    class AlertUpdate(BaseModel):

app\schemas\training_alerts.py:63
  C:\HB TRACK\Hb Track - Backend\app\schemas\training_alerts.py:63: PydanticDeprecatedSince20: Support for class-based `config` is deprecated, use ConfigDict instead. Deprecated in Pydantic V2.0 to be removed in V3.0. See Pydantic V2 Migration Guide at https://errors.pydantic.dev/2.12/migration/
    class AlertResponse(BaseModel):

app\schemas\training_alerts.py:104
  C:\HB TRACK\Hb Track - Backend\app\schemas\training_alerts.py:104: PydanticDeprecatedSince20: Support for class-based `config` is deprecated, use ConfigDict instead. Deprecated in Pydantic V2.0 to be removed in V3.0. See Pydantic V2 Migration Guide at https://errors.pydantic.dev/2.12/migration/
    class AlertListResponse(BaseModel):

app\schemas\training_alerts.py:124
  C:\HB TRACK\Hb Track - Backend\app\schemas\training_alerts.py:124: PydanticDeprecatedSince20: Support for class-based `config` is deprecated, use ConfigDict instead. Deprecated in Pydantic V2.0 to be removed in V3.0. See Pydantic V2 Migration Guide at https://errors.pydantic.dev/2.12/migration/
    class AlertStatsResponse(BaseModel):

app\schemas\training_alerts.py:151
  C:\HB TRACK\Hb Track - Backend\app\schemas\training_alerts.py:151: PydanticDeprecatedSince20: Support for class-based `config` is deprecated, use ConfigDict instead. Deprecated in Pydantic V2.0 to be removed in V3.0. See Pydantic V2 Migration Guide at https://errors.pydantic.dev/2.12/migration/
    class AlertFilters(BaseModel):

app\schemas\training_analytics.py:54
  C:\HB TRACK\Hb Track - Backend\app\schemas\training_analytics.py:54: PydanticDeprecatedSince20: Support for class-based `config` is deprecated, use ConfigDict instead. Deprecated in Pydantic V2.0 to be removed in V3.0. See Pydantic V2 Migration Guide at https://errors.pydantic.dev/2.12/migration/
    class TeamSummaryResponse(BaseModel):

app\schemas\training_analytics.py:95
  C:\HB TRACK\Hb Track - Backend\app\schemas\training_analytics.py:95: PydanticDeprecatedSince20: Support for class-based `config` is deprecated, use ConfigDict instead. Deprecated in Pydantic V2.0 to be removed in V3.0. See Pydantic V2 Migration Guide at https://errors.pydantic.dev/2.12/migration/
    class WeeklyLoadResponse(BaseModel):

app\schemas\training_analytics.py:131
  C:\HB TRACK\Hb Track - Backend\app\schemas\training_analytics.py:131: PydanticDeprecatedSince20: Support for class-based `config` is deprecated, use ConfigDict instead. Deprecated in Pydantic V2.0 to be removed in V3.0. See Pydantic V2 Migration Guide at https://errors.pydantic.dev/2.12/migration/
    class DeviationAnalysisResponse(BaseModel):

app\schemas\dashboard.py:157
  C:\HB TRACK\Hb Track - Backend\app\schemas\dashboard.py:157: PydanticDeprecatedSince20: Support for class-based `config` is deprecated, use ConfigDict instead. Deprecated in Pydantic V2.0 to be removed in V3.0. See Pydantic V2 Migration Guide at https://errors.pydantic.dev/2.12/migration/
    class DashboardSummaryResponse(BaseModel):

app\schemas\exports.py:17
  C:\HB TRACK\Hb Track - Backend\app\schemas\exports.py:17: PydanticDeprecatedSince20: Support for class-based `config` is deprecated, use ConfigDict instead. Deprecated in Pydantic V2.0 to be removed in V3.0. See Pydantic V2 Migration Guide at https://errors.pydantic.dev/2.12/migration/
    class AnalyticsPDFExportRequest(BaseModel):

app\schemas\exports.py:46
  C:\HB TRACK\Hb Track - Backend\app\schemas\exports.py:46: PydanticDeprecatedSince20: Support for class-based `config` is deprecated, use ConfigDict instead. Deprecated in Pydantic V2.0 to be removed in V3.0. See Pydantic V2 Migration Guide at https://errors.pydantic.dev/2.12/migration/
    class AthleteDataExportRequest(BaseModel):

app\schemas\exports.py:69
  C:\HB TRACK\Hb Track - Backend\app\schemas\exports.py:69: PydanticDeprecatedSince20: Support for class-based `config` is deprecated, use ConfigDict instead. Deprecated in Pydantic V2.0 to be removed in V3.0. See Pydantic V2 Migration Guide at https://errors.pydantic.dev/2.12/migration/
    class ExportJobResponse(BaseModel):

app\schemas\exports.py:106
  C:\HB TRACK\Hb Track - Backend\app\schemas\exports.py:106: PydanticDeprecatedSince20: Support for class-based `config` is deprecated, use ConfigDict instead. Deprecated in Pydantic V2.0 to be removed in V3.0. See Pydantic V2 Migration Guide at https://errors.pydantic.dev/2.12/migration/
    class ExportJobListResponse(BaseModel):

app\schemas\exports.py:128
  C:\HB TRACK\Hb Track - Backend\app\schemas\exports.py:128: PydanticDeprecatedSince20: Support for class-based `config` is deprecated, use ConfigDict instead. Deprecated in Pydantic V2.0 to be removed in V3.0. See Pydantic V2 Migration Guide at https://errors.pydantic.dev/2.12/migration/
    class ExportRateLimitResponse(BaseModel):

app\main.py:316
  C:\HB TRACK\Hb Track - Backend\app\main.py:316: DeprecationWarning: 
          on_event is deprecated, use lifespan event handlers instead.
  
          Read more about it in the
          [FastAPI docs for Lifespan Events](https://fastapi.tiangolo.com/advanced/events/).
          
    @app.on_event("startup")

.venv\Lib\site-packages\fastapi\applications.py:4576
.venv\Lib\site-packages\fastapi\applications.py:4576
  C:\HB TRACK\Hb Track - Backend\.venv\Lib\site-packages\fastapi\applications.py:4576: DeprecationWarning: 
          on_event is deprecated, use lifespan event handlers instead.
  
          Read more about it in the
          [FastAPI docs for Lifespan Events](https://fastapi.tiangolo.com/advanced/events/).
          
    return self.router.on_event(event_type)

app\main.py:369
  C:\HB TRACK\Hb Track - Backend\app\main.py:369: DeprecationWarning: 
          on_event is deprecated, use lifespan event handlers instead.
  
          Read more about it in the
          [FastAPI docs for Lifespan Events](https://fastapi.tiangolo.com/advanced/events/).
          
    @app.on_event("shutdown")

-- Docs: https://docs.pytest.org/en/stable/how-to/capture-warnings.html
45 passed, 52 warnings in 0.46s


--- STDERR ---

