AR_ID: 245
Command: cd "Hb Track - Backend" && pytest -q tests/training/contracts/test_contract_train_074_075_wellness_rankings.py
Exit Code: 0
Timestamp UTC: 2026-03-04T19:29:41.643746+00:00
Behavior Hash (exit+stdout+stderr): eb909273afb38d90ffd5f2125d6e5e5655c34e53f2fd7569d2e587c6fb754a31
Git HEAD: a7ab568714918f4a7d148bde178a2c5f1bb88e98
Python Version: 3.11.9
Protocol Version: 1.3.0
Workspace Clean: True
Workspace Status: workspace_clean
Governed Checksums (sha256): {"Hb Track - Backend/app/api/v1/routers/ai_coach.py": "3eccaa78708dfa6a4b52d8aa1b6c0ee6749dc59c4f2adc1460b011f12c77ae34", "Hb Track - Backend/app/api/v1/routers/athlete_training.py": "c38aee610efb5c9f890397748431e7c14f50ab82c39eb12347363a4de088012a", "Hb Track - Backend/app/api/v1/routers/attendance.py": "0f08df69a92170faa7b7a40ba2bde28865192800b5167decf2d2f12d4333eb72", "Hb Track - Backend/app/services/ai_coach_service.py": "257b81ec1e92d9e365329dc989efd2ec7aee943924cb5cc661ac96d3098ce613", "Hb Track - Backend/docs/ssot/alembic_state.txt": "918d6423a33c11e2b30bffac0d8bd2957040340ea14466a151d24500fd8a19bf", "Hb Track - Backend/docs/ssot/openapi.json": "e6ed4bd7622f775ce91e07487356f75e2950591b8897e840f2a5c1cc36517202", "Hb Track - Backend/docs/ssot/schema.sql": "7aeaf4b96b1079522db411a0ee5c51e2445dd23caa69bdcef6afea8a70a7a1ad", "Hb Track - Backend/tests/training/contracts/test_contract_train_074_075_wellness_rankings.py": "f58da868fd5a0062ce2e5f5cd662a3fd5774effcb6a4b48ca2bd462a33c2c2e1", "Hb Track - Frontend/src/lib/api/exercises.ts": "ed2e75c3cf226b2a0d8d847a31d119955cd0e359efcdccd947351668b47c2f9f", "Hb Track - Frontend/src/lib/api/training-phase3.ts": "dbf1b378f1f5e6729b3c72669eb16fc3d5c300cddd8567bf86643c40e657e06d", "Hb Track - Frontend/src/lib/api/trainings.ts": "f7146d74342b1e50f8eece066209a102cf0c4a1387ab9f8ce5ebe15fe6e6672a", "docs/hbtrack/Hb Track Kanban.md": "982db2c435748db4ec73ba89d7ba5ab456a0ea0a7f00b532f6db7a57d0d361ad", "docs/hbtrack/_INDEX.md": "d273175a4d9b259b54884e7c188f08fdfe1393451fd966d93888b27f5a503042", "docs/hbtrack/ars/features/AR_236_frontend_hard_sync_v1.3.0_tipos_uuid_standalone_+_.md": "9706747cdde61a7341bae9f44aa4044f91b7c251baa07b198b9b7bc2d4575689", "docs/hbtrack/ars/features/AR_237_sync_§9_test_matrix_entry_ar-train-052_verificado_.md": "23f3c67597d6b46e4c3f667954b9c0d427e3779176f0860fab64ecbd8a2bb08a", "docs/hbtrack/ars/features/AR_238_sync_§5_fase_3_18_invs_fail_error→pass_+_v3.1.0_+_.md": "c2615026a16a8be59102a85de49b62dbfee882bc905d828ae46ae081ec33419a", "docs/hbtrack/ars/features/AR_239_be_endpoint_patch_resolve-pending-item_no_attendan.md": "8c6e0ffd1b4b44bba83eb6b654146e5491c9aea911f879ca5257c37473ee75a6", "docs/hbtrack/ars/features/AR_240_be_endpoints_apply-draft_+_justify-suggestion_no_a.md": "f452ec23301230ecc1f54781d9c0c95ecbc76f042d002f6183892ff43acae802", "docs/hbtrack/ars/features/AR_241_be_endpoint_get_wellness-content-gate_no_athlete_t.md": "15ded397c056bb0386abad031879e879f475e53dd72c96fd6dd6ec296d2cfb34", "docs/hbtrack/ars/features/AR_242_fe_corrigir_urls_training-phase3.ts_para_paths_rea.md": "891a6b5a91f4690678797afc649c6d84bf5117a451c972a2cb9ccbc00dc54492", "docs/hbtrack/ars/features/AR_243_sync_test_matrix_e_ssot_documental_pos-batch_26_ar.md": "6d34aa2aed708e2fbe197b07522655154965b19bceaf616d7d6f7557d24c08de", "docs/hbtrack/ars/features/AR_244_ar-train-060_governance_sync_kanban+batchplan.md": "86a14655a16810f2215939bb1f3dcf0c9f9546a30dc4dbc3755f55c65d5c05a5", "docs/hbtrack/ars/features/AR_245_ar-train-061_contract_tests_contract-074_075.md": "e3b2ed569d8b7d49660fe16e66c5a7d1aad1661bce4edba3c5f71426fbca6a84", "docs/hbtrack/evidence/AR_236/executor_main.log": "c1966de6d1515bb0e9750b7cb73f6097c41c1abc6ff81ba012b9c4e81ee738d2", "docs/hbtrack/evidence/AR_237/executor_main.log": "0cd1af5a6bd2d719d2ff8fc80eb6df5a459ebdc63291c1d800fc19ef7b5b854a", "docs/hbtrack/evidence/AR_238/executor_main.log": "2de2f2f6c9736f9b6ce577f8cacd9f511a86ade781f088bb3379b07ec3ee6838", "docs/hbtrack/evidence/AR_239/executor_main.log": "5b4ce2844e5396057e5d12a31b9c7439a749331d4b94c280a9e35d6320d4a9d8", "docs/hbtrack/evidence/AR_240/executor_main.log": "2b8c130c680d95ac74d68be1be05d6d949049c23175e32d208248c30204c8755", "docs/hbtrack/evidence/AR_241/executor_main.log": "77e3cd10f13a6788051450df1d6d0355d6343fce2199606456b52eb3dc93a735", "docs/hbtrack/evidence/AR_242/executor_main.log": "3a956b7915240231056c498745907eb42134940c1ce1541636dd81d5f64ab766", "docs/hbtrack/evidence/AR_243/executor_main.log": "b34da0d1a5ac000fcbce14a2008fdcfbdaaf26d23c5c3602065a3ca73048527d", "docs/hbtrack/evidence/AR_244/executor_main.log": "3534b7b09378b27c496d289971aeefe5e7ab8a7553d9c43c64107e50c00f15a7", "docs/hbtrack/modulos/treinos/AR_BACKLOG_TRAINING.md": "e2977a8d02c8258b24cccecc49f052be770b836a6dda3a979d77ffcbfa740608", "docs/hbtrack/modulos/treinos/TEST_MATRIX_TRAINING.md": "49b9eb675e7cb545010629e2cc23cebcce988a294c7dea8242275f00a347ed8f", "docs/hbtrack/modulos/treinos/TRAINING_BATCH_PLAN_v1.md": "a31d4b8792c3c234d6ce28d89a1e587c38526e9b5e98c94a5eefb71cea2209bb"}

--- STDOUT ---
..............                                                           [100%]
============================== warnings summary ===============================
app\services\match_service.py:15
app\services\match_service.py:15
app\services\match_service.py:15
app\services\match_service.py:15
app\services\match_service.py:15
app\services\match_service.py:15
app\services\match_service.py:15
  c:\HB TRACK\Hb Track - Backend\app\services\match_service.py:15: DeprecationWarning: 'HTTP_422_UNPROCESSABLE_ENTITY' is deprecated. Use 'HTTP_422_UNPROCESSABLE_CONTENT' instead.
    from app.core.exceptions import (

app\schemas\training_alerts_step18.py:27
  c:\HB TRACK\Hb Track - Backend\app\schemas\training_alerts_step18.py:27: PydanticDeprecatedSince20: Support for class-based `config` is deprecated, use ConfigDict instead. Deprecated in Pydantic V2.0 to be removed in V3.0. See Pydantic V2 Migration Guide at https://errors.pydantic.dev/2.12/migration/
    class SuggestionCreate(BaseModel):

app\schemas\training_alerts_step18.py:49
  c:\HB TRACK\Hb Track - Backend\app\schemas\training_alerts_step18.py:49: PydanticDeprecatedSince20: Support for class-based `config` is deprecated, use ConfigDict instead. Deprecated in Pydantic V2.0 to be removed in V3.0. See Pydantic V2 Migration Guide at https://errors.pydantic.dev/2.12/migration/
    class SuggestionApply(BaseModel):

app\schemas\training_alerts_step18.py:69
  c:\HB TRACK\Hb Track - Backend\app\schemas\training_alerts_step18.py:69: PydanticDeprecatedSince20: Support for class-based `config` is deprecated, use ConfigDict instead. Deprecated in Pydantic V2.0 to be removed in V3.0. See Pydantic V2 Migration Guide at https://errors.pydantic.dev/2.12/migration/
    class SuggestionDismiss(BaseModel):

app\schemas\training_alerts_step18.py:81
  c:\HB TRACK\Hb Track - Backend\app\schemas\training_alerts_step18.py:81: PydanticDeprecatedSince20: Support for class-based `config` is deprecated, use ConfigDict instead. Deprecated in Pydantic V2.0 to be removed in V3.0. See Pydantic V2 Migration Guide at https://errors.pydantic.dev/2.12/migration/
    class SuggestionResponse(BaseModel):

app\schemas\training_alerts_step18.py:126
  c:\HB TRACK\Hb Track - Backend\app\schemas\training_alerts_step18.py:126: PydanticDeprecatedSince20: Support for class-based `config` is deprecated, use ConfigDict instead. Deprecated in Pydantic V2.0 to be removed in V3.0. See Pydantic V2 Migration Guide at https://errors.pydantic.dev/2.12/migration/
    class SuggestionListResponse(BaseModel):

app\schemas\training_alerts_step18.py:146
  c:\HB TRACK\Hb Track - Backend\app\schemas\training_alerts_step18.py:146: PydanticDeprecatedSince20: Support for class-based `config` is deprecated, use ConfigDict instead. Deprecated in Pydantic V2.0 to be removed in V3.0. See Pydantic V2 Migration Guide at https://errors.pydantic.dev/2.12/migration/
    class SuggestionStatsResponse(BaseModel):

app\schemas\training_alerts_step18.py:173
  c:\HB TRACK\Hb Track - Backend\app\schemas\training_alerts_step18.py:173: PydanticDeprecatedSince20: Support for class-based `config` is deprecated, use ConfigDict instead. Deprecated in Pydantic V2.0 to be removed in V3.0. See Pydantic V2 Migration Guide at https://errors.pydantic.dev/2.12/migration/
    class SuggestionFilters(BaseModel):

app\schemas\person.py:275
  c:\HB TRACK\Hb Track - Backend\app\schemas\person.py:275: PydanticDeprecatedSince20: Support for class-based `config` is deprecated, use ConfigDict instead. Deprecated in Pydantic V2.0 to be removed in V3.0. See Pydantic V2 Migration Guide at https://errors.pydantic.dev/2.12/migration/
    class PersonResponse(PersonBase, BaseResponseSchema, SoftDeleteMixin):

app\schemas\person.py:298
  c:\HB TRACK\Hb Track - Backend\app\schemas\person.py:298: PydanticDeprecatedSince20: Support for class-based `config` is deprecated, use ConfigDict instead. Deprecated in Pydantic V2.0 to be removed in V3.0. See Pydantic V2 Migration Guide at https://errors.pydantic.dev/2.12/migration/
    class PersonListResponse(BaseModel):

app\schemas\intake\ficha_unica.py:457
  c:\HB TRACK\Hb Track - Backend\app\schemas\intake\ficha_unica.py:457: PydanticDeprecatedSince20: Support for class-based `config` is deprecated, use ConfigDict instead. Deprecated in Pydantic V2.0 to be removed in V3.0. See Pydantic V2 Migration Guide at https://errors.pydantic.dev/2.12/migration/
    class FichaUnicaResponse(BaseModel):

app\schemas\intake\ficha_unica.py:551
  c:\HB TRACK\Hb Track - Backend\app\schemas\intake\ficha_unica.py:551: PydanticDeprecatedSince20: Support for class-based `config` is deprecated, use ConfigDict instead. Deprecated in Pydantic V2.0 to be removed in V3.0. See Pydantic V2 Migration Guide at https://errors.pydantic.dev/2.12/migration/
    class OrganizationAutocompleteItem(BaseModel):

app\schemas\intake\ficha_unica.py:567
  c:\HB TRACK\Hb Track - Backend\app\schemas\intake\ficha_unica.py:567: PydanticDeprecatedSince20: Support for class-based `config` is deprecated, use ConfigDict instead. Deprecated in Pydantic V2.0 to be removed in V3.0. See Pydantic V2 Migration Guide at https://errors.pydantic.dev/2.12/migration/
    class TeamAutocompleteItem(BaseModel):

app\api\v1\routers\lookup.py:29
  c:\HB TRACK\Hb Track - Backend\app\api\v1\routers\lookup.py:29: PydanticDeprecatedSince20: Support for class-based `config` is deprecated, use ConfigDict instead. Deprecated in Pydantic V2.0 to be removed in V3.0. See Pydantic V2 Migration Guide at https://errors.pydantic.dev/2.12/migration/
    class PositionResponse(BaseModel):

app\api\v1\routers\lookup.py:37
  c:\HB TRACK\Hb Track - Backend\app\api\v1\routers\lookup.py:37: PydanticDeprecatedSince20: Support for class-based `config` is deprecated, use ConfigDict instead. Deprecated in Pydantic V2.0 to be removed in V3.0. See Pydantic V2 Migration Guide at https://errors.pydantic.dev/2.12/migration/
    class CategoryResponse(BaseModel):

app\api\v1\routers\lookup.py:47
  c:\HB TRACK\Hb Track - Backend\app\api\v1\routers\lookup.py:47: PydanticDeprecatedSince20: Support for class-based `config` is deprecated, use ConfigDict instead. Deprecated in Pydantic V2.0 to be removed in V3.0. See Pydantic V2 Migration Guide at https://errors.pydantic.dev/2.12/migration/
    class SchoolingLevelResponse(BaseModel):

app\api\v1\routers\lookup.py:54
  c:\HB TRACK\Hb Track - Backend\app\api\v1\routers\lookup.py:54: PydanticDeprecatedSince20: Support for class-based `config` is deprecated, use ConfigDict instead. Deprecated in Pydantic V2.0 to be removed in V3.0. See Pydantic V2 Migration Guide at https://errors.pydantic.dev/2.12/migration/
    class OrganizationResponse(BaseModel):

app\api\v1\routers\lookup.py:61
  c:\HB TRACK\Hb Track - Backend\app\api\v1\routers\lookup.py:61: PydanticDeprecatedSince20: Support for class-based `config` is deprecated, use ConfigDict instead. Deprecated in Pydantic V2.0 to be removed in V3.0. See Pydantic V2 Migration Guide at https://errors.pydantic.dev/2.12/migration/
    class TeamResponse(BaseModel):

app\api\v1\routers\lookup.py:71
  c:\HB TRACK\Hb Track - Backend\app\api\v1\routers\lookup.py:71: PydanticDeprecatedSince20: Support for class-based `config` is deprecated, use ConfigDict instead. Deprecated in Pydantic V2.0 to be removed in V3.0. See Pydantic V2 Migration Guide at https://errors.pydantic.dev/2.12/migration/
    class SeasonResponse(BaseModel):

app\api\v1\routers\media.py:37
  c:\HB TRACK\Hb Track - Backend\app\api\v1\routers\media.py:37: PydanticDeprecatedSince20: Support for class-based `config` is deprecated, use ConfigDict instead. Deprecated in Pydantic V2.0 to be removed in V3.0. See Pydantic V2 Migration Guide at https://errors.pydantic.dev/2.12/migration/
    class CloudinarySignatureResponse(BaseModel):

app\schemas\exercise_tags.py:19
  c:\HB TRACK\Hb Track - Backend\app\schemas\exercise_tags.py:19: PydanticDeprecatedSince20: Support for class-based `config` is deprecated, use ConfigDict instead. Deprecated in Pydantic V2.0 to be removed in V3.0. See Pydantic V2 Migration Guide at https://errors.pydantic.dev/2.12/migration/
    class ExerciseTagResponse(ExerciseTagBase):

app\schemas\exercise_tags.py:29
  c:\HB TRACK\Hb Track - Backend\app\schemas\exercise_tags.py:29: PydanticDeprecatedSince20: The `update_forward_refs` method is deprecated; use `model_rebuild` instead. Deprecated in Pydantic V2.0 to be removed in V3.0. See Pydantic V2 Migration Guide at https://errors.pydantic.dev/2.12/migration/
    ExerciseTagResponse.update_forward_refs()

app\schemas\exercises.py:38
  c:\HB TRACK\Hb Track - Backend\app\schemas\exercises.py:38: PydanticDeprecatedSince20: Support for class-based `config` is deprecated, use ConfigDict instead. Deprecated in Pydantic V2.0 to be removed in V3.0. See Pydantic V2 Migration Guide at https://errors.pydantic.dev/2.12/migration/
    class ExerciseResponse(ExerciseBase):

app\schemas\exercises.py:58
  c:\HB TRACK\Hb Track - Backend\app\schemas\exercises.py:58: PydanticDeprecatedSince20: Support for class-based `config` is deprecated, use ConfigDict instead. Deprecated in Pydantic V2.0 to be removed in V3.0. See Pydantic V2 Migration Guide at https://errors.pydantic.dev/2.12/migration/
    class ExerciseACLResponse(BaseModel):

app\schemas\exercise_favorites.py:8
  c:\HB TRACK\Hb Track - Backend\app\schemas\exercise_favorites.py:8: PydanticDeprecatedSince20: Support for class-based `config` is deprecated, use ConfigDict instead. Deprecated in Pydantic V2.0 to be removed in V3.0. See Pydantic V2 Migration Guide at https://errors.pydantic.dev/2.12/migration/
    class ExerciseFavoriteResponse(BaseModel):

app\schemas\athletes_v2.py:198
  c:\HB TRACK\Hb Track - Backend\app\schemas\athletes_v2.py:198: PydanticDeprecatedSince20: Support for class-based `config` is deprecated, use ConfigDict instead. Deprecated in Pydantic V2.0 to be removed in V3.0. See Pydantic V2 Migration Guide at https://errors.pydantic.dev/2.12/migration/
    class AthleteResponse(BaseModel):

app\schemas\athletes_v2.py:279
  c:\HB TRACK\Hb Track - Backend\app\schemas\athletes_v2.py:279: PydanticDeprecatedSince20: Support for class-based `config` is deprecated, use ConfigDict instead. Deprecated in Pydantic V2.0 to be removed in V3.0. See Pydantic V2 Migration Guide at https://errors.pydantic.dev/2.12/migration/
    class AthleteStateHistoryResponse(BaseModel):

app\schemas\training_alerts.py:26
  c:\HB TRACK\Hb Track - Backend\app\schemas\training_alerts.py:26: PydanticDeprecatedSince20: Support for class-based `config` is deprecated, use ConfigDict instead. Deprecated in Pydantic V2.0 to be removed in V3.0. See Pydantic V2 Migration Guide at https://errors.pydantic.dev/2.12/migration/
    class AlertCreate(BaseModel):

app\schemas\training_alerts.py:51
  c:\HB TRACK\Hb Track - Backend\app\schemas\training_alerts.py:51: PydanticDeprecatedSince20: Support for class-based `config` is deprecated, use ConfigDict instead. Deprecated in Pydantic V2.0 to be removed in V3.0. See Pydantic V2 Migration Guide at https://errors.pydantic.dev/2.12/migration/
    class AlertUpdate(BaseModel):

app\schemas\training_alerts.py:63
  c:\HB TRACK\Hb Track - Backend\app\schemas\training_alerts.py:63: PydanticDeprecatedSince20: Support for class-based `config` is deprecated, use ConfigDict instead. Deprecated in Pydantic V2.0 to be removed in V3.0. See Pydantic V2 Migration Guide at https://errors.pydantic.dev/2.12/migration/
    class AlertResponse(BaseModel):

app\schemas\training_alerts.py:104
  c:\HB TRACK\Hb Track - Backend\app\schemas\training_alerts.py:104: PydanticDeprecatedSince20: Support for class-based `config` is deprecated, use ConfigDict instead. Deprecated in Pydantic V2.0 to be removed in V3.0. See Pydantic V2 Migration Guide at https://errors.pydantic.dev/2.12/migration/
    class AlertListResponse(BaseModel):

app\schemas\training_alerts.py:124
  c:\HB TRACK\Hb Track - Backend\app\schemas\training_alerts.py:124: PydanticDeprecatedSince20: Support for class-based `config` is deprecated, use ConfigDict instead. Deprecated in Pydantic V2.0 to be removed in V3.0. See Pydantic V2 Migration Guide at https://errors.pydantic.dev/2.12/migration/
    class AlertStatsResponse(BaseModel):

app\schemas\training_alerts.py:151
  c:\HB TRACK\Hb Track - Backend\app\schemas\training_alerts.py:151: PydanticDeprecatedSince20: Support for class-based `config` is deprecated, use ConfigDict instead. Deprecated in Pydantic V2.0 to be removed in V3.0. See Pydantic V2 Migration Guide at https://errors.pydantic.dev/2.12/migration/
    class AlertFilters(BaseModel):

app\schemas\training_analytics.py:54
  c:\HB TRACK\Hb Track - Backend\app\schemas\training_analytics.py:54: PydanticDeprecatedSince20: Support for class-based `config` is deprecated, use ConfigDict instead. Deprecated in Pydantic V2.0 to be removed in V3.0. See Pydantic V2 Migration Guide at https://errors.pydantic.dev/2.12/migration/
    class TeamSummaryResponse(BaseModel):

app\schemas\training_analytics.py:95
  c:\HB TRACK\Hb Track - Backend\app\schemas\training_analytics.py:95: PydanticDeprecatedSince20: Support for class-based `config` is deprecated, use ConfigDict instead. Deprecated in Pydantic V2.0 to be removed in V3.0. See Pydantic V2 Migration Guide at https://errors.pydantic.dev/2.12/migration/
    class WeeklyLoadResponse(BaseModel):

app\schemas\training_analytics.py:131
  c:\HB TRACK\Hb Track - Backend\app\schemas\training_analytics.py:131: PydanticDeprecatedSince20: Support for class-based `config` is deprecated, use ConfigDict instead. Deprecated in Pydantic V2.0 to be removed in V3.0. See Pydantic V2 Migration Guide at https://errors.pydantic.dev/2.12/migration/
    class DeviationAnalysisResponse(BaseModel):

app\schemas\dashboard.py:157
  c:\HB TRACK\Hb Track - Backend\app\schemas\dashboard.py:157: PydanticDeprecatedSince20: Support for class-based `config` is deprecated, use ConfigDict instead. Deprecated in Pydantic V2.0 to be removed in V3.0. See Pydantic V2 Migration Guide at https://errors.pydantic.dev/2.12/migration/
    class DashboardSummaryResponse(BaseModel):

app\schemas\exports.py:17
  c:\HB TRACK\Hb Track - Backend\app\schemas\exports.py:17: PydanticDeprecatedSince20: Support for class-based `config` is deprecated, use ConfigDict instead. Deprecated in Pydantic V2.0 to be removed in V3.0. See Pydantic V2 Migration Guide at https://errors.pydantic.dev/2.12/migration/
    class AnalyticsPDFExportRequest(BaseModel):

app\schemas\exports.py:46
  c:\HB TRACK\Hb Track - Backend\app\schemas\exports.py:46: PydanticDeprecatedSince20: Support for class-based `config` is deprecated, use ConfigDict instead. Deprecated in Pydantic V2.0 to be removed in V3.0. See Pydantic V2 Migration Guide at https://errors.pydantic.dev/2.12/migration/
    class AthleteDataExportRequest(BaseModel):

app\schemas\exports.py:69
  c:\HB TRACK\Hb Track - Backend\app\schemas\exports.py:69: PydanticDeprecatedSince20: Support for class-based `config` is deprecated, use ConfigDict instead. Deprecated in Pydantic V2.0 to be removed in V3.0. See Pydantic V2 Migration Guide at https://errors.pydantic.dev/2.12/migration/
    class ExportJobResponse(BaseModel):

app\schemas\exports.py:106
  c:\HB TRACK\Hb Track - Backend\app\schemas\exports.py:106: PydanticDeprecatedSince20: Support for class-based `config` is deprecated, use ConfigDict instead. Deprecated in Pydantic V2.0 to be removed in V3.0. See Pydantic V2 Migration Guide at https://errors.pydantic.dev/2.12/migration/
    class ExportJobListResponse(BaseModel):

app\schemas\exports.py:128
  c:\HB TRACK\Hb Track - Backend\app\schemas\exports.py:128: PydanticDeprecatedSince20: Support for class-based `config` is deprecated, use ConfigDict instead. Deprecated in Pydantic V2.0 to be removed in V3.0. See Pydantic V2 Migration Guide at https://errors.pydantic.dev/2.12/migration/
    class ExportRateLimitResponse(BaseModel):

app\main.py:341
  c:\HB TRACK\Hb Track - Backend\app\main.py:341: DeprecationWarning: 
          on_event is deprecated, use lifespan event handlers instead.
  
          Read more about it in the
          [FastAPI docs for Lifespan Events](https://fastapi.tiangolo.com/advanced/events/).
          
    @app.on_event("startup")

.venv\Lib\site-packages\fastapi\applications.py:4576
.venv\Lib\site-packages\fastapi\applications.py:4576
  C:\HB TRACK\Hb Track - Backend\.venv\Lib\site-packages\fastapi\applications.py:4576: DeprecationWarning: 
          on_event is deprecated, use lifespan event handlers instead.
  
          Read more about it in the
          [FastAPI docs for Lifespan Events](https://fastapi.tiangolo.com/advanced/events/).
          
    return self.router.on_event(event_type)

app\main.py:414
  c:\HB TRACK\Hb Track - Backend\app\main.py:414: DeprecationWarning: 
          on_event is deprecated, use lifespan event handlers instead.
  
          Read more about it in the
          [FastAPI docs for Lifespan Events](https://fastapi.tiangolo.com/advanced/events/).
          
    @app.on_event("shutdown")

-- Docs: https://docs.pytest.org/en/stable/how-to/capture-warnings.html
14 passed, 52 warnings in 0.35s


--- STDERR ---

