AR_ID: 129
Command: cd "Hb Track - Backend" && python ../scripts/ssot/gen_docs_ssot.py && python -c "import json; spec=json.load(open('docs/ssot/openapi.json')); paths=[p for p in spec.get('paths',{}) if 'alert' in p.lower() and ('step18' in p.lower() or 'suggestion' in p.lower() or 'training' in p.lower())]; ids=('team_id','alert_id','suggestion_id'); bad=[p+':'+pr.get('name') for p in paths for _,d in spec['paths'][p].items() if isinstance(d,dict) for pr in d.get('parameters',[]) if pr.get('name') in ids and pr.get('in')=='path' and pr.get('schema',{}).get('format')!='uuid']; assert not bad,'FAIL:'+str(bad); print('PASS:'+str(len(paths))+' paths, all UUID')"
Exit Code: 0
Timestamp UTC: 2026-02-25T17:17:50.941396+00:00
Behavior Hash (exit+stdout+stderr): 3f01e4fcc12a8e90c9bfd553b550d5a93cfe5d6ab9b4930dfe6e79b733c9ebb7
Git HEAD: 529b87c06584310c12e9e424c5b5e3be86b5d3a2
Python Version: 3.11.9
Protocol Version: 1.3.0
Workspace Clean: False
Workspace Status: unstaged_modified=18
Governed Checksums (sha256): {"Hb Track - Backend/app/api/v1/routers/training_alerts_step18.py": "e077107338e6ea3e27760018bc4acfd5b2b3828c43d4bbbd2186bef42874727e", "Hb Track - Backend/app/schemas/training_alerts.py": "08efa4efa1c3f2db177d0a7e874665df5c710019f646bed9c91d943d2d8b1516", "Hb Track - Backend/app/schemas/training_alerts_step18.py": "0a43b0564031f44e0372a18b51d6002f4130b6ae4d66bfca1a19347981e46799", "Hb Track - Backend/app/services/training_alerts_service.py": "0879fb88f12a189f7e6e486181f036b48b34b98f727677fbb93c2b6dc1ab303b", "Hb Track - Backend/app/services/training_suggestion_service.py": "fb441bfde36e264f02e497a8dca8bee196126061a1da66eb8b3eb246f1b868e1", "Hb Track - Backend/docs/ssot/alembic_state.txt": "d2c58fdeccc38647d58d0135c5a4e404f52955d5a2e4601c75d26c6842898d98", "Hb Track - Backend/docs/ssot/openapi.json": "8f35fc117d2c24750b709f03b5689409131860c01d9c5f1dd495e30aad4d98d9", "Hb Track - Backend/docs/ssot/schema.sql": "70fa3b4df87091cf1d7a1733428ec7b37e678f67aaf445b044b5880dbb1ce2ab"}

--- STDOUT ---

============================================================
HB Track Documentation Generator
============================================================
Output directory: C:\HB TRACK\Hb Track - Backend\docs\ssot
Backend root: C:\HB TRACK\Hb Track - Backend
============================================================

[OK] OpenAPI spec written to C:\HB TRACK\Hb Track - Backend\docs\ssot\openapi.json
[WARN] Permissions report script not found: C:\HB TRACK\docs\scripts\trd_extract_training_permissions_report.py (skipped — optional)
[INFO] Running pg_dump for localhost...
[OK] Schema written to C:\HB TRACK\Hb Track - Backend\docs\ssot\schema.sql
[INFO] Running alembic heads...
[INFO] Running alembic current...
[OK] Alembic state written to C:\HB TRACK\Hb Track - Backend\docs\ssot\alembic_state.txt
[OK] Manifest written to C:\HB TRACK\Hb Track - Backend\docs\ssot\manifest.json
[OK] Manifest written to C:\HB TRACK\docs\ssot\manifest.json

============================================================
SUMMARY
============================================================
  [OK] OpenAPI
  [OK] Training Permissions Report
  [OK] Schema SQL
  [OK] Alembic State
  [OK] Manifest
  [OK] Manifest (repo)

Output files in: C:\HB TRACK\Hb Track - Backend\docs\ssot
PASS:9 paths, all UUID


--- STDERR ---

