AR_ID: 069
Command: python -c "import json; schema=json.load(open('docs/_canon/contratos/ar_contract.schema.json')); tasks=schema['properties']['tasks']['items']['properties']; assert 'write_scope' in tasks, 'write_scope ausente no schema'; print('✅ Schema: write_scope presente')" && python scripts/run/hb_cli.py plan docs/_canon/planos/governance/gov_template_with_write_scope.json --dry-run 2>&1 | grep -q '## Write Scope' && echo '✅ build_ar_content: seção gerada' || echo '❌ build_ar_content: seção ausente'
Exit Code: 0
Timestamp UTC: 2026-02-24T14:17:51.723307+00:00
Behavior Hash (exit+stdout+stderr): 8ca2c008760fa24d0d1ca7f733a84b9b843e707932ea8d45d17ec1d478cd8a49
Git HEAD: 3d8462134a7ce514dd36fc1cf7549db5d4ca9d6b
Python Version: 3.11.9
Protocol Version: 1.3.0
Workspace Clean: True
Workspace Status: workspace_clean
Governed Checksums (sha256): {}

--- STDOUT ---
'❌ build_ar_content: seção ausente'


--- STDERR ---
Traceback (most recent call last):
  File "<string>", line 1, in <module>
  File "C:\Users\davis\.pyenv\pyenv-win\versions\3.11.9\Lib\json\__init__.py", line 293, in load
    return loads(fp.read(),
                 ^^^^^^^^^
  File "C:\Users\davis\.pyenv\pyenv-win\versions\3.11.9\Lib\encodings\cp1252.py", line 23, in decode
    return codecs.charmap_decode(input,self.errors,decoding_table)[0]
           ^^^^^^^^^^^^^^^^^^^^^^^^^^^^^^^^^^^^^^^^^^^^^^^^^^^^^^^
UnicodeDecodeError: 'charmap' codec can't decode byte 0x8d in position 2611: character maps to <undefined>

